[0.021s] Invoking command in '/root/ros2_ws/build/limo_base': AMENT_PREFIX_PATH=/root/ros2_ws/install/limo_msgs:${AMENT_PREFIX_PATH} CMAKE_PREFIX_PATH=/root/ros2_ws/install/limo_msgs:/opt/ros/humble LD_LIBRARY_PATH=/root/ros2_ws/install/limo_msgs/lib:${LD_LIBRARY_PATH} PYTHONPATH=/root/ros2_ws/install/limo_msgs/local/lib/python3.10/dist-packages:${PYTHONPATH} /usr/bin/cmake --build /root/ros2_ws/build/limo_base -- -j6 -l6
[0.108s] [35m[1mConsolidate compiler generated dependencies of target limo_base[0m
[0.156s] [100%] Built target limo_base
[0.184s] Invoked command in '/root/ros2_ws/build/limo_base' returned '0': AMENT_PREFIX_PATH=/root/ros2_ws/install/limo_msgs:${AMENT_PREFIX_PATH} CMAKE_PREFIX_PATH=/root/ros2_ws/install/limo_msgs:/opt/ros/humble LD_LIBRARY_PATH=/root/ros2_ws/install/limo_msgs/lib:${LD_LIBRARY_PATH} PYTHONPATH=/root/ros2_ws/install/limo_msgs/local/lib/python3.10/dist-packages:${PYTHONPATH} /usr/bin/cmake --build /root/ros2_ws/build/limo_base -- -j6 -l6
[0.186s] Invoking command in '/root/ros2_ws/build/limo_base': AMENT_PREFIX_PATH=/root/ros2_ws/install/limo_msgs:${AMENT_PREFIX_PATH} CMAKE_PREFIX_PATH=/root/ros2_ws/install/limo_msgs:/opt/ros/humble LD_LIBRARY_PATH=/root/ros2_ws/install/limo_msgs/lib:${LD_LIBRARY_PATH} PYTHONPATH=/root/ros2_ws/install/limo_msgs/local/lib/python3.10/dist-packages:${PYTHONPATH} /usr/bin/cmake --install /root/ros2_ws/build/limo_base
[0.200s] -- Install configuration: ""
[0.201s] -- Up-to-date: /root/ros2_ws/install/limo_base/include
[0.201s] -- Up-to-date: /root/ros2_ws/install/limo_base/include/limo_base
[0.201s] -- Up-to-date: /root/ros2_ws/install/limo_base/include/limo_base/limo_protocol.h
[0.201s] -- Up-to-date: /root/ros2_ws/install/limo_base/include/limo_base/limo_driver.h
[0.201s] -- Up-to-date: /root/ros2_ws/install/limo_base/include/limo_base/serial_port.h
[0.201s] -- Up-to-date: /root/ros2_ws/install/limo_base/lib/limo_base/limo_base
[0.202s] -- Up-to-date: /root/ros2_ws/install/limo_base/share/limo_base//launch
[0.202s] -- Up-to-date: /root/ros2_ws/install/limo_base/share/limo_base//launch/open_ydlidar_launch.py
[0.202s] -- Up-to-date: /root/ros2_ws/install/limo_base/share/limo_base//launch/limo_base.launch.py
[0.202s] -- Up-to-date: /root/ros2_ws/install/limo_base/share/ament_index/resource_index/package_run_dependencies/limo_base
[0.202s] -- Up-to-date: /root/ros2_ws/install/limo_base/share/ament_index/resource_index/parent_prefix_path/limo_base
[0.202s] -- Up-to-date: /root/ros2_ws/install/limo_base/share/limo_base/environment/ament_prefix_path.sh
[0.203s] -- Up-to-date: /root/ros2_ws/install/limo_base/share/limo_base/environment/ament_prefix_path.dsv
[0.203s] -- Up-to-date: /root/ros2_ws/install/limo_base/share/limo_base/environment/path.sh
[0.203s] -- Up-to-date: /root/ros2_ws/install/limo_base/share/limo_base/environment/path.dsv
[0.203s] -- Up-to-date: /root/ros2_ws/install/limo_base/share/limo_base/local_setup.bash
[0.203s] -- Up-to-date: /root/ros2_ws/install/limo_base/share/limo_base/local_setup.sh
[0.203s] -- Up-to-date: /root/ros2_ws/install/limo_base/share/limo_base/local_setup.zsh
[0.203s] -- Up-to-date: /root/ros2_ws/install/limo_base/share/limo_base/local_setup.dsv
[0.204s] -- Installing: /root/ros2_ws/install/limo_base/share/limo_base/package.dsv
[0.204s] -- Up-to-date: /root/ros2_ws/install/limo_base/share/ament_index/resource_index/packages/limo_base
[0.204s] -- Up-to-date: /root/ros2_ws/install/limo_base/share/limo_base/cmake/ament_cmake_export_include_directories-extras.cmake
[0.204s] -- Up-to-date: /root/ros2_ws/install/limo_base/share/limo_base/cmake/limo_baseConfig.cmake
[0.204s] -- Up-to-date: /root/ros2_ws/install/limo_base/share/limo_base/cmake/limo_baseConfig-version.cmake
[0.204s] -- Up-to-date: /root/ros2_ws/install/limo_base/share/limo_base/package.xml
[0.208s] Invoked command in '/root/ros2_ws/build/limo_base' returned '0': AMENT_PREFIX_PATH=/root/ros2_ws/install/limo_msgs:${AMENT_PREFIX_PATH} CMAKE_PREFIX_PATH=/root/ros2_ws/install/limo_msgs:/opt/ros/humble LD_LIBRARY_PATH=/root/ros2_ws/install/limo_msgs/lib:${LD_LIBRARY_PATH} PYTHONPATH=/root/ros2_ws/install/limo_msgs/local/lib/python3.10/dist-packages:${PYTHONPATH} /usr/bin/cmake --install /root/ros2_ws/build/limo_base
