[1.383s] Invoking command in '/root/ros2_ws/src/limo_ros2/voice_control': PYTHONPATH=/root/ros2_ws/build/voice_control/prefix_override:/usr/lib/python3/dist-packages/colcon_core/task/python/colcon_distutils_commands:/root/ros2_ws/install/voice_control/lib/python3.10/site-packages:${PYTHONPATH} /usr/bin/python3 -W ignore:setup.py install is deprecated -W ignore:easy_install command is deprecated setup.py egg_info --egg-base ../../../build/voice_control build --build-base /root/ros2_ws/build/voice_control/build install --record /root/ros2_ws/build/voice_control/install.log --install-scripts $base/lib/voice_control --single-version-externally-managed install_data
[1.854s] /usr/lib/python3/dist-packages/setuptools/dist.py:723: UserWarning: Usage of dash-separated 'script-dir' will not be supported in future versions. Please use the underscore name 'script_dir' instead
[1.854s]   warnings.warn(
[1.873s] running egg_info
[1.874s] creating ../../../build/voice_control/voice_control.egg-info
[1.875s] writing ../../../build/voice_control/voice_control.egg-info/PKG-INFO
[1.875s] writing dependency_links to ../../../build/voice_control/voice_control.egg-info/dependency_links.txt
[1.876s] writing entry points to ../../../build/voice_control/voice_control.egg-info/entry_points.txt
[1.877s] writing requirements to ../../../build/voice_control/voice_control.egg-info/requires.txt
[1.878s] writing top-level names to ../../../build/voice_control/voice_control.egg-info/top_level.txt
[1.880s] writing manifest file '../../../build/voice_control/voice_control.egg-info/SOURCES.txt'
[1.882s] reading manifest file '../../../build/voice_control/voice_control.egg-info/SOURCES.txt'
[1.883s] writing manifest file '../../../build/voice_control/voice_control.egg-info/SOURCES.txt'
[1.883s] running build
[1.884s] running build_py
[1.884s] creating /root/ros2_ws/build/voice_control/build
[1.885s] creating /root/ros2_ws/build/voice_control/build/lib
[1.885s] creating /root/ros2_ws/build/voice_control/build/lib/Laplace
[1.885s] copying Laplace/APIInterface.py -> /root/ros2_ws/build/voice_control/build/lib/Laplace
[1.885s] copying Laplace/example.py -> /root/ros2_ws/build/voice_control/build/lib/Laplace
[1.886s] copying Laplace/laplace.py -> /root/ros2_ws/build/voice_control/build/lib/Laplace
[1.886s] copying Laplace/__init__.py -> /root/ros2_ws/build/voice_control/build/lib/Laplace
[1.886s] creating /root/ros2_ws/build/voice_control/build/lib/voice_control
[1.887s] copying voice_control/main.py -> /root/ros2_ws/build/voice_control/build/lib/voice_control
[1.887s] copying voice_control/__init__.py -> /root/ros2_ws/build/voice_control/build/lib/voice_control
[1.887s] creating /root/ros2_ws/build/voice_control/build/lib/Laplace/PluginSystem
[1.887s] copying Laplace/PluginSystem/server.py -> /root/ros2_ws/build/voice_control/build/lib/Laplace/PluginSystem
[1.888s] creating /root/ros2_ws/build/voice_control/build/lib/Laplace/PluginSystem/common
[1.890s] copying Laplace/PluginSystem/common/PluginManager.py -> /root/ros2_ws/build/voice_control/build/lib/Laplace/PluginSystem/common
[1.890s] running install
[1.890s] running install_lib
[1.893s] creating /root/ros2_ws/install/voice_control/lib/python3.10/site-packages/Laplace
[1.895s] copying /root/ros2_ws/build/voice_control/build/lib/Laplace/APIInterface.py -> /root/ros2_ws/install/voice_control/lib/python3.10/site-packages/Laplace
[1.896s] copying /root/ros2_ws/build/voice_control/build/lib/Laplace/example.py -> /root/ros2_ws/install/voice_control/lib/python3.10/site-packages/Laplace
[1.896s] copying /root/ros2_ws/build/voice_control/build/lib/Laplace/laplace.py -> /root/ros2_ws/install/voice_control/lib/python3.10/site-packages/Laplace
[1.897s] creating /root/ros2_ws/install/voice_control/lib/python3.10/site-packages/Laplace/PluginSystem
[1.898s] creating /root/ros2_ws/install/voice_control/lib/python3.10/site-packages/Laplace/PluginSystem/common
[1.899s] copying /root/ros2_ws/build/voice_control/build/lib/Laplace/PluginSystem/common/PluginManager.py -> /root/ros2_ws/install/voice_control/lib/python3.10/site-packages/Laplace/PluginSystem/common
[1.900s] copying /root/ros2_ws/build/voice_control/build/lib/Laplace/PluginSystem/server.py -> /root/ros2_ws/install/voice_control/lib/python3.10/site-packages/Laplace/PluginSystem
[1.900s] copying /root/ros2_ws/build/voice_control/build/lib/Laplace/__init__.py -> /root/ros2_ws/install/voice_control/lib/python3.10/site-packages/Laplace
[1.900s] creating /root/ros2_ws/install/voice_control/lib/python3.10/site-packages/voice_control
[1.900s] copying /root/ros2_ws/build/voice_control/build/lib/voice_control/main.py -> /root/ros2_ws/install/voice_control/lib/python3.10/site-packages/voice_control
[1.901s] copying /root/ros2_ws/build/voice_control/build/lib/voice_control/__init__.py -> /root/ros2_ws/install/voice_control/lib/python3.10/site-packages/voice_control
[1.901s] byte-compiling /root/ros2_ws/install/voice_control/lib/python3.10/site-packages/Laplace/APIInterface.py to APIInterface.cpython-310.pyc
[1.901s] byte-compiling /root/ros2_ws/install/voice_control/lib/python3.10/site-packages/Laplace/example.py to example.cpython-310.pyc
[1.901s] byte-compiling /root/ros2_ws/install/voice_control/lib/python3.10/site-packages/Laplace/laplace.py to laplace.cpython-310.pyc
[1.901s] byte-compiling /root/ros2_ws/install/voice_control/lib/python3.10/site-packages/Laplace/PluginSystem/common/PluginManager.py to PluginManager.cpython-310.pyc
[1.902s] byte-compiling /root/ros2_ws/install/voice_control/lib/python3.10/site-packages/Laplace/PluginSystem/server.py to server.cpython-310.pyc
[1.903s] byte-compiling /root/ros2_ws/install/voice_control/lib/python3.10/site-packages/Laplace/__init__.py to __init__.cpython-310.pyc
[1.903s] byte-compiling /root/ros2_ws/install/voice_control/lib/python3.10/site-packages/voice_control/main.py to main.cpython-310.pyc
[1.904s] byte-compiling /root/ros2_ws/install/voice_control/lib/python3.10/site-packages/voice_control/__init__.py to __init__.cpython-310.pyc
[1.904s] running install_data
[1.905s] creating /root/ros2_ws/install/voice_control/share/ament_index
[1.905s] creating /root/ros2_ws/install/voice_control/share/ament_index/resource_index
[1.905s] creating /root/ros2_ws/install/voice_control/share/ament_index/resource_index/packages
[1.905s] copying resource/voice_control -> /root/ros2_ws/install/voice_control/share/ament_index/resource_index/packages
[1.905s] copying package.xml -> /root/ros2_ws/install/voice_control/share/voice_control
[1.906s] copying launch/voice_control.launch.py -> /root/ros2_ws/install/voice_control/share/voice_control
[1.906s] creating /root/ros2_ws/install/voice_control/share/voice_control/Plugins
[1.906s] creating /root/ros2_ws/install/voice_control/share/voice_control/Plugins/Plugin_test
[1.906s] copying Plugins/Plugin_test/Plugin.py -> /root/ros2_ws/install/voice_control/share/voice_control/Plugins/Plugin_test
[1.906s] copying Plugins/Plugin_test/__init__.py -> /root/ros2_ws/install/voice_control/share/voice_control/Plugins/Plugin_test
[1.907s] creating /root/ros2_ws/install/voice_control/share/voice_control/Plugins/Plugin_test2
[1.907s] copying Plugins/Plugin_test2/Plugin.py -> /root/ros2_ws/install/voice_control/share/voice_control/Plugins/Plugin_test2
[1.907s] running install_egg_info
[1.912s] Copying ../../../build/voice_control/voice_control.egg-info to /root/ros2_ws/install/voice_control/lib/python3.10/site-packages/voice_control-0.0.0-py3.10.egg-info
[1.914s] running install_scripts
[1.960s] Installing voice_control script to /root/ros2_ws/install/voice_control/lib/voice_control
[1.961s] writing list of installed files to '/root/ros2_ws/build/voice_control/install.log'
[2.042s] Invoked command in '/root/ros2_ws/src/limo_ros2/voice_control' returned '0': PYTHONPATH=/root/ros2_ws/build/voice_control/prefix_override:/usr/lib/python3/dist-packages/colcon_core/task/python/colcon_distutils_commands:/root/ros2_ws/install/voice_control/lib/python3.10/site-packages:${PYTHONPATH} /usr/bin/python3 -W ignore:setup.py install is deprecated -W ignore:easy_install command is deprecated setup.py egg_info --egg-base ../../../build/voice_control build --build-base /root/ros2_ws/build/voice_control/build install --record /root/ros2_ws/build/voice_control/install.log --install-scripts $base/lib/voice_control --single-version-externally-managed install_data
