[0.615s] Invoking command in '/root/ros2_ws/build/ydlidar_ros2_driver': CMAKE_PREFIX_PATH=${CMAKE_PREFIX_PATH}:/root/ros2_ws/install/voice_control:/opt/ros/humble /usr/bin/cmake /root/ros2_ws/src/limo_ros2/ydlidar_ros2 -DCMAKE_INSTALL_PREFIX=/root/ros2_ws/install/ydlidar_ros2_driver
[0.722s] -- The C compiler identification is GNU 11.4.0
[0.840s] -- The CXX compiler identification is GNU 11.4.0
[0.855s] -- Detecting C compiler ABI info
[1.013s] -- Detecting C compiler ABI info - done
[1.026s] -- Check for working C compiler: /usr/bin/cc - skipped
[1.027s] -- Detecting C compile features
[1.027s] -- Detecting C compile features - done
[1.034s] -- Detecting CXX compiler ABI info
[1.195s] -- Detecting CXX compiler ABI info - done
[1.209s] -- Check for working CXX compiler: /usr/bin/c++ - skipped
[1.210s] -- Detecting CXX compile features
[1.211s] -- Detecting CXX compile features - done
[1.217s] -- Found ament_cmake: 1.3.13 (/opt/ros/humble/share/ament_cmake/cmake)
[1.562s] -- Found Python3: /usr/bin/python3 (found version "3.10.12") found components: Interpreter 
[1.801s] -- Found rclcpp: 16.0.18 (/opt/ros/humble/share/rclcpp/cmake)
[1.913s] -- Found rosidl_generator_c: 3.1.8 (/opt/ros/humble/share/rosidl_generator_c/cmake)
[1.926s] -- Found rosidl_adapter: 3.1.8 (/opt/ros/humble/share/rosidl_adapter/cmake)
[1.950s] -- Found rosidl_generator_cpp: 3.1.8 (/opt/ros/humble/share/rosidl_generator_cpp/cmake)
[1.981s] -- Using all available rosidl_typesupport_c: rosidl_typesupport_fastrtps_c;rosidl_typesupport_introspection_c
[2.020s] -- Using all available rosidl_typesupport_cpp: rosidl_typesupport_fastrtps_cpp;rosidl_typesupport_introspection_cpp
[2.131s] -- Found rmw_implementation_cmake: 6.1.2 (/opt/ros/humble/share/rmw_implementation_cmake/cmake)
[2.138s] -- Found rmw_fastrtps_cpp: 6.2.10 (/opt/ros/humble/share/rmw_fastrtps_cpp/cmake)
[2.350s] -- Found OpenSSL: /usr/lib/aarch64-linux-gnu/libcrypto.so (found version "3.0.2")  
[2.413s] -- Found FastRTPS: /opt/ros/humble/include  
[2.510s] -- Using RMW implementation 'rmw_fastrtps_cpp' as default
[2.536s] -- Looking for pthread.h
[2.686s] -- Looking for pthread.h - found
[2.686s] -- Performing Test CMAKE_HAVE_LIBC_PTHREAD
[2.831s] -- Performing Test CMAKE_HAVE_LIBC_PTHREAD - Success
[2.834s] -- Found Threads: TRUE  
[2.964s] -- Found sensor_msgs: 4.9.1 (/opt/ros/humble/share/sensor_msgs/cmake)
[3.036s] -- Found visualization_msgs: 4.9.1 (/opt/ros/humble/share/visualization_msgs/cmake)
[3.080s] -- Found std_srvs: 4.9.1 (/opt/ros/humble/share/std_srvs/cmake)
[3.119s] -- Found ament_lint_auto: 0.12.15 (/opt/ros/humble/share/ament_lint_auto/cmake)
[3.316s] -- Added test 'copyright' to check source files copyright and LICENSE
[3.320s] -- Added test 'cppcheck' to perform static code analysis on C / C++ code
[3.321s] -- Configured cppcheck include dirs: /root/ros2_ws/src/limo_ros2/ydlidar_ros2/src
[3.321s] -- Configured cppcheck exclude dirs and/or files: 
[3.324s] -- Added test 'cpplint' to check C / C++ code against the Google style
[3.324s] -- Configured cpplint exclude dirs and/or files: 
[3.325s] -- Added test 'flake8' to check Python code syntax and style conventions
[3.326s] -- Added test 'lint_cmake' to check CMake code style
[3.328s] -- Added test 'pep257' to check Python code against some of the docstring style conventions in PEP 257
[3.331s] -- Added test 'uncrustify' to check C / C++ code style
[3.331s] -- Configured uncrustify additional arguments: 
[3.332s] -- Added test 'xmllint' to check XML markup files
[3.335s] -- Configuring done
[3.373s] -- Generating done
[3.385s] -- Build files have been written to: /root/ros2_ws/build/ydlidar_ros2_driver
[3.411s] Invoked command in '/root/ros2_ws/build/ydlidar_ros2_driver' returned '0': CMAKE_PREFIX_PATH=${CMAKE_PREFIX_PATH}:/root/ros2_ws/install/voice_control:/opt/ros/humble /usr/bin/cmake /root/ros2_ws/src/limo_ros2/ydlidar_ros2 -DCMAKE_INSTALL_PREFIX=/root/ros2_ws/install/ydlidar_ros2_driver
[3.413s] Invoking command in '/root/ros2_ws/build/ydlidar_ros2_driver': CMAKE_PREFIX_PATH=${CMAKE_PREFIX_PATH}:/root/ros2_ws/install/voice_control:/opt/ros/humble /usr/bin/cmake --build /root/ros2_ws/build/ydlidar_ros2_driver -- -j6 -l6
[3.515s] [ 50%] [32mBuilding CXX object CMakeFiles/ydlidar_ros2_driver_client.dir/src/ydlidar_ros2_driver_client.cpp.o[0m
[3.515s] [ 50%] [32mBuilding CXX object CMakeFiles/ydlidar_ros2_driver_node.dir/src/ydlidar_ros2_driver_node.cpp.o[0m
[10.086s] [01m[K/root/ros2_ws/src/limo_ros2/ydlidar_ros2/src/ydlidar_ros2_driver_node.cpp:[m[K In lambda function:
[10.087s] [01m[K/root/ros2_ws/src/limo_ros2/ydlidar_ros2/src/ydlidar_ros2_driver_node.cpp:162:54:[m[K [01;35m[Kwarning: [m[Kunused parameter ‘[01m[Krequest_header[m[K’ [[01;35m[K-Wunused-parameter[m[K]
[10.087s]   162 |     [&laser]([01;35m[Kconst std::shared_ptr<rmw_request_id_t> request_header[m[K,
[10.087s]       |              [01;35m[K~~~~~~~~~~~~~~~~~~~~~~~~~~~~~~~~~~~~~~~~^~~~~~~~~~~~~~[m[K
[10.087s] [01m[K/root/ros2_ws/src/limo_ros2/ydlidar_ros2/src/ydlidar_ros2_driver_node.cpp:163:56:[m[K [01;35m[Kwarning: [m[Kunused parameter ‘[01m[Kreq[m[K’ [[01;35m[K-Wunused-parameter[m[K]
[10.087s]   163 |   [01;35m[Kconst std::shared_ptr<std_srvs::srv::Empty::Request> req[m[K,
[10.087s]       |   [01;35m[K~~~~~~~~~~~~~~~~~~~~~~~~~~~~~~~~~~~~~~~~~~~~~~~~~~~~~^~~[m[K
[10.087s] [01m[K/root/ros2_ws/src/limo_ros2/ydlidar_ros2/src/ydlidar_ros2_driver_node.cpp:164:51:[m[K [01;35m[Kwarning: [m[Kunused parameter ‘[01m[Kresponse[m[K’ [[01;35m[K-Wunused-parameter[m[K]
[10.087s]   164 |   [01;35m[Kstd::shared_ptr<std_srvs::srv::Empty::Response> response[m[K) -> bool
[10.088s]       |   [01;35m[K~~~~~~~~~~~~~~~~~~~~~~~~~~~~~~~~~~~~~~~~~~~~~~~~^~~~~~~~[m[K
[10.126s] [01m[K/root/ros2_ws/src/limo_ros2/ydlidar_ros2/src/ydlidar_ros2_driver_node.cpp:[m[K In lambda function:
[10.127s] [01m[K/root/ros2_ws/src/limo_ros2/ydlidar_ros2/src/ydlidar_ros2_driver_node.cpp:172:54:[m[K [01;35m[Kwarning: [m[Kunused parameter ‘[01m[Krequest_header[m[K’ [[01;35m[K-Wunused-parameter[m[K]
[10.127s]   172 |     [&laser]([01;35m[Kconst std::shared_ptr<rmw_request_id_t> request_header[m[K,
[10.127s]       |              [01;35m[K~~~~~~~~~~~~~~~~~~~~~~~~~~~~~~~~~~~~~~~~^~~~~~~~~~~~~~[m[K
[10.127s] [01m[K/root/ros2_ws/src/limo_ros2/ydlidar_ros2/src/ydlidar_ros2_driver_node.cpp:173:56:[m[K [01;35m[Kwarning: [m[Kunused parameter ‘[01m[Kreq[m[K’ [[01;35m[K-Wunused-parameter[m[K]
[10.127s]   173 |   [01;35m[Kconst std::shared_ptr<std_srvs::srv::Empty::Request> req[m[K,
[10.127s]       |   [01;35m[K~~~~~~~~~~~~~~~~~~~~~~~~~~~~~~~~~~~~~~~~~~~~~~~~~~~~~^~~[m[K
[10.127s] [01m[K/root/ros2_ws/src/limo_ros2/ydlidar_ros2/src/ydlidar_ros2_driver_node.cpp:174:51:[m[K [01;35m[Kwarning: [m[Kunused parameter ‘[01m[Kresponse[m[K’ [[01;35m[K-Wunused-parameter[m[K]
[10.127s]   174 |   [01;35m[Kstd::shared_ptr<std_srvs::srv::Empty::Response> response[m[K) -> bool
[10.128s]       |   [01;35m[K~~~~~~~~~~~~~~~~~~~~~~~~~~~~~~~~~~~~~~~~~~~~~~~~^~~~~~~~[m[K
[16.472s] [ 75%] [32m[1mLinking CXX executable ydlidar_ros2_driver_node[0m
[17.238s] [ 75%] Built target ydlidar_ros2_driver_node
[24.267s] [100%] [32m[1mLinking CXX executable ydlidar_ros2_driver_client[0m
[25.158s] [100%] Built target ydlidar_ros2_driver_client
[25.180s] Invoked command in '/root/ros2_ws/build/ydlidar_ros2_driver' returned '0': CMAKE_PREFIX_PATH=${CMAKE_PREFIX_PATH}:/root/ros2_ws/install/voice_control:/opt/ros/humble /usr/bin/cmake --build /root/ros2_ws/build/ydlidar_ros2_driver -- -j6 -l6
[25.185s] Invoking command in '/root/ros2_ws/build/ydlidar_ros2_driver': CMAKE_PREFIX_PATH=${CMAKE_PREFIX_PATH}:/root/ros2_ws/install/voice_control:/opt/ros/humble /usr/bin/cmake --install /root/ros2_ws/build/ydlidar_ros2_driver
[25.201s] -- Install configuration: ""
[25.201s] -- Installing: /root/ros2_ws/install/ydlidar_ros2_driver/lib/ydlidar_ros2_driver/ydlidar_ros2_driver_node
[25.206s] -- Set runtime path of "/root/ros2_ws/install/ydlidar_ros2_driver/lib/ydlidar_ros2_driver/ydlidar_ros2_driver_node" to ""
[25.206s] -- Installing: /root/ros2_ws/install/ydlidar_ros2_driver/lib/ydlidar_ros2_driver/ydlidar_ros2_driver_client
[25.213s] -- Set runtime path of "/root/ros2_ws/install/ydlidar_ros2_driver/lib/ydlidar_ros2_driver/ydlidar_ros2_driver_client" to ""
[25.213s] -- Installing: /root/ros2_ws/install/ydlidar_ros2_driver/share/ydlidar_ros2_driver/launch
[25.213s] -- Installing: /root/ros2_ws/install/ydlidar_ros2_driver/share/ydlidar_ros2_driver/launch/ydlidar_launch_view.py
[25.213s] -- Installing: /root/ros2_ws/install/ydlidar_ros2_driver/share/ydlidar_ros2_driver/launch/ydlidar.py
[25.214s] -- Installing: /root/ros2_ws/install/ydlidar_ros2_driver/share/ydlidar_ros2_driver/launch/ydlidar_launch.py
[25.214s] -- Installing: /root/ros2_ws/install/ydlidar_ros2_driver/share/ydlidar_ros2_driver/params
[25.214s] -- Installing: /root/ros2_ws/install/ydlidar_ros2_driver/share/ydlidar_ros2_driver/params/ydlidar.yaml
[25.214s] -- Installing: /root/ros2_ws/install/ydlidar_ros2_driver/share/ydlidar_ros2_driver/startup
[25.214s] -- Installing: /root/ros2_ws/install/ydlidar_ros2_driver/share/ydlidar_ros2_driver/startup/initenv.sh
[25.215s] -- Installing: /root/ros2_ws/install/ydlidar_ros2_driver/share/ydlidar_ros2_driver/config
[25.215s] -- Installing: /root/ros2_ws/install/ydlidar_ros2_driver/share/ydlidar_ros2_driver/config/ydlidar.rviz
[25.216s] -- Installing: /root/ros2_ws/install/ydlidar_ros2_driver/share/ament_index/resource_index/package_run_dependencies/ydlidar_ros2_driver
[25.216s] -- Installing: /root/ros2_ws/install/ydlidar_ros2_driver/share/ament_index/resource_index/parent_prefix_path/ydlidar_ros2_driver
[25.216s] -- Installing: /root/ros2_ws/install/ydlidar_ros2_driver/share/ydlidar_ros2_driver/environment/ament_prefix_path.sh
[25.217s] -- Installing: /root/ros2_ws/install/ydlidar_ros2_driver/share/ydlidar_ros2_driver/environment/ament_prefix_path.dsv
[25.217s] -- Installing: /root/ros2_ws/install/ydlidar_ros2_driver/share/ydlidar_ros2_driver/environment/path.sh
[25.217s] -- Installing: /root/ros2_ws/install/ydlidar_ros2_driver/share/ydlidar_ros2_driver/environment/path.dsv
[25.217s] -- Installing: /root/ros2_ws/install/ydlidar_ros2_driver/share/ydlidar_ros2_driver/local_setup.bash
[25.218s] -- Installing: /root/ros2_ws/install/ydlidar_ros2_driver/share/ydlidar_ros2_driver/local_setup.sh
[25.218s] -- Installing: /root/ros2_ws/install/ydlidar_ros2_driver/share/ydlidar_ros2_driver/local_setup.zsh
[25.218s] -- Installing: /root/ros2_ws/install/ydlidar_ros2_driver/share/ydlidar_ros2_driver/local_setup.dsv
[25.219s] -- Installing: /root/ros2_ws/install/ydlidar_ros2_driver/share/ydlidar_ros2_driver/package.dsv
[25.219s] -- Installing: /root/ros2_ws/install/ydlidar_ros2_driver/share/ament_index/resource_index/packages/ydlidar_ros2_driver
[25.220s] -- Installing: /root/ros2_ws/install/ydlidar_ros2_driver/share/ydlidar_ros2_driver/cmake/ydlidar_ros2_driverConfig.cmake
[25.220s] -- Installing: /root/ros2_ws/install/ydlidar_ros2_driver/share/ydlidar_ros2_driver/cmake/ydlidar_ros2_driverConfig-version.cmake
[25.220s] -- Installing: /root/ros2_ws/install/ydlidar_ros2_driver/share/ydlidar_ros2_driver/package.xml
[25.229s] Invoked command in '/root/ros2_ws/build/ydlidar_ros2_driver' returned '0': CMAKE_PREFIX_PATH=${CMAKE_PREFIX_PATH}:/root/ros2_ws/install/voice_control:/opt/ros/humble /usr/bin/cmake --install /root/ros2_ws/build/ydlidar_ros2_driver
