[0.028s] Invoking command in '/root/ros2_ws/build/limo_bringup': CMAKE_PREFIX_PATH=/root/ros2_ws/install/limo_msgs:/root/ros2_ws/install/ydlidar_ros2_driver:/root/ros2_ws/install/limo_bringup:/root/ros2_ws/install/limo_base:/root/ros2_ws/install/limo_description:/root/ros2_ws/install/voice_control:/opt/ros/humble /usr/bin/cmake --build /root/ros2_ws/build/limo_bringup -- -j6 -l6
[0.108s] Invoked command in '/root/ros2_ws/build/limo_bringup' returned '0': CMAKE_PREFIX_PATH=/root/ros2_ws/install/limo_msgs:/root/ros2_ws/install/ydlidar_ros2_driver:/root/ros2_ws/install/limo_bringup:/root/ros2_ws/install/limo_base:/root/ros2_ws/install/limo_description:/root/ros2_ws/install/voice_control:/opt/ros/humble /usr/bin/cmake --build /root/ros2_ws/build/limo_bringup -- -j6 -l6
[0.138s] Invoking command in '/root/ros2_ws/build/limo_bringup': CMAKE_PREFIX_PATH=/root/ros2_ws/install/limo_msgs:/root/ros2_ws/install/ydlidar_ros2_driver:/root/ros2_ws/install/limo_bringup:/root/ros2_ws/install/limo_base:/root/ros2_ws/install/limo_description:/root/ros2_ws/install/voice_control:/opt/ros/humble /usr/bin/cmake --install /root/ros2_ws/build/limo_bringup
[0.151s] -- Install configuration: ""
[0.152s] -- Up-to-date: /root/ros2_ws/install/limo_bringup/share/limo_bringup//param
[0.152s] -- Up-to-date: /root/ros2_ws/install/limo_bringup/share/limo_bringup//param/amcl_params.yaml
[0.152s] -- Up-to-date: /root/ros2_ws/install/limo_bringup/share/limo_bringup//param/navigation2.yaml
[0.152s] -- Up-to-date: /root/ros2_ws/install/limo_bringup/share/limo_bringup//param/costmap_global_laser.yaml
[0.152s] -- Up-to-date: /root/ros2_ws/install/limo_bringup/share/limo_bringup//param/ydlidar.yaml
[0.153s] -- Up-to-date: /root/ros2_ws/install/limo_bringup/share/limo_bringup//param/slam_toolbox_online_async.yaml
[0.153s] -- Up-to-date: /root/ros2_ws/install/limo_bringup/share/limo_bringup//param/planner.yaml
[0.153s] -- Up-to-date: /root/ros2_ws/install/limo_bringup/share/limo_bringup//param/costmap_global_static.yaml
[0.153s] -- Up-to-date: /root/ros2_ws/install/limo_bringup/share/limo_bringup//param/costmap_common.yaml
[0.153s] -- Up-to-date: /root/ros2_ws/install/limo_bringup/share/limo_bringup//param/costmap_local.yaml
[0.153s] -- Up-to-date: /root/ros2_ws/install/limo_bringup/share/limo_bringup//param/empty.yaml
[0.154s] -- Up-to-date: /root/ros2_ws/install/limo_bringup/share/limo_bringup//param/slam_toolbox_custom.yaml
[0.154s] -- Up-to-date: /root/ros2_ws/install/limo_bringup/share/limo_bringup//maps
[0.154s] -- Up-to-date: /root/ros2_ws/install/limo_bringup/share/limo_bringup//maps/mymap.yaml
[0.154s] -- Up-to-date: /root/ros2_ws/install/limo_bringup/share/limo_bringup//maps/zhiyuan.yaml
[0.154s] -- Up-to-date: /root/ros2_ws/install/limo_bringup/share/limo_bringup//maps/mymap.pgm
[0.154s] -- Up-to-date: /root/ros2_ws/install/limo_bringup/share/limo_bringup//maps/limo.yaml
[0.154s] -- Up-to-date: /root/ros2_ws/install/limo_bringup/share/limo_bringup//maps/limo.pgm
[0.155s] -- Up-to-date: /root/ros2_ws/install/limo_bringup/share/limo_bringup//maps/zhiyuan.pgm
[0.155s] -- Up-to-date: /root/ros2_ws/install/limo_bringup/share/limo_bringup//config_files
[0.155s] -- Up-to-date: /root/ros2_ws/install/limo_bringup/share/limo_bringup//config_files/demo_2d.rviz
[0.155s] -- Up-to-date: /root/ros2_ws/install/limo_bringup/share/limo_bringup//config_files/limo_lds_2d.lua
[0.155s] -- Up-to-date: /root/ros2_ws/install/limo_bringup/share/limo_bringup//config_files/limon_navigation.rviz
[0.155s] -- Up-to-date: /root/ros2_ws/install/limo_bringup/share/limo_bringup//launch
[0.155s] -- Up-to-date: /root/ros2_ws/install/limo_bringup/share/limo_bringup//launch/navigation2.launch.py
[0.155s] -- Up-to-date: /root/ros2_ws/install/limo_bringup/share/limo_bringup//launch/slam_toolbox.launch.py
[0.155s] -- Up-to-date: /root/ros2_ws/install/limo_bringup/share/limo_bringup//launch/.limo_start.launch.py.swp
[0.156s] -- Up-to-date: /root/ros2_ws/install/limo_bringup/share/limo_bringup//launch/limo_start.launch.py
[0.156s] -- Up-to-date: /root/ros2_ws/install/limo_bringup/share/limo_bringup//rviz
[0.156s] -- Up-to-date: /root/ros2_ws/install/limo_bringup/share/limo_bringup//rviz/mapping.rviz
[0.156s] -- Up-to-date: /root/ros2_ws/install/limo_bringup/share/ament_index/resource_index/package_run_dependencies/limo_bringup
[0.156s] -- Up-to-date: /root/ros2_ws/install/limo_bringup/share/ament_index/resource_index/parent_prefix_path/limo_bringup
[0.156s] -- Up-to-date: /root/ros2_ws/install/limo_bringup/share/limo_bringup/environment/ament_prefix_path.sh
[0.157s] -- Up-to-date: /root/ros2_ws/install/limo_bringup/share/limo_bringup/environment/ament_prefix_path.dsv
[0.157s] -- Up-to-date: /root/ros2_ws/install/limo_bringup/share/limo_bringup/environment/path.sh
[0.159s] -- Up-to-date: /root/ros2_ws/install/limo_bringup/share/limo_bringup/environment/path.dsv
[0.159s] -- Up-to-date: /root/ros2_ws/install/limo_bringup/share/limo_bringup/local_setup.bash
[0.160s] -- Up-to-date: /root/ros2_ws/install/limo_bringup/share/limo_bringup/local_setup.sh
[0.160s] -- Up-to-date: /root/ros2_ws/install/limo_bringup/share/limo_bringup/local_setup.zsh
[0.160s] -- Up-to-date: /root/ros2_ws/install/limo_bringup/share/limo_bringup/local_setup.dsv
[0.161s] -- Installing: /root/ros2_ws/install/limo_bringup/share/limo_bringup/package.dsv
[0.162s] -- Up-to-date: /root/ros2_ws/install/limo_bringup/share/ament_index/resource_index/packages/limo_bringup
[0.162s] -- Up-to-date: /root/ros2_ws/install/limo_bringup/share/limo_bringup/cmake/limo_bringupConfig.cmake
[0.163s] -- Up-to-date: /root/ros2_ws/install/limo_bringup/share/limo_bringup/cmake/limo_bringupConfig-version.cmake
[0.163s] -- Up-to-date: /root/ros2_ws/install/limo_bringup/share/limo_bringup/package.xml
[0.164s] Invoked command in '/root/ros2_ws/build/limo_bringup' returned '0': CMAKE_PREFIX_PATH=/root/ros2_ws/install/limo_msgs:/root/ros2_ws/install/ydlidar_ros2_driver:/root/ros2_ws/install/limo_bringup:/root/ros2_ws/install/limo_base:/root/ros2_ws/install/limo_description:/root/ros2_ws/install/voice_control:/opt/ros/humble /usr/bin/cmake --install /root/ros2_ws/build/limo_bringup
