-- The C compiler identification is GNU 11.4.0
-- The CXX compiler identification is GNU 11.4.0
-- Detecting C compiler ABI info
-- Detecting C compiler ABI info - done
-- Check for working C compiler: /usr/bin/cc - skipped
-- Detecting C compile features
-- Detecting C compile features - done
-- Detecting CXX compiler ABI info
-- Detecting CXX compiler ABI info - done
-- Check for working CXX compiler: /usr/bin/c++ - skipped
-- Detecting CXX compile features
-- Detecting CXX compile features - done
-- Found ament_cmake: 1.3.13 (/opt/ros/humble/share/ament_cmake/cmake)
-- Found Python3: /usr/bin/python3 (found version "3.10.12") found components: Interpreter 
-- Found std_msgs: 4.9.1 (/opt/ros/humble/share/std_msgs/cmake)
-- Found rosidl_generator_c: 3.1.8 (/opt/ros/humble/share/rosidl_generator_c/cmake)
-- Found rosidl_adapter: 3.1.8 (/opt/ros/humble/share/rosidl_adapter/cmake)
-- Found rosidl_generator_cpp: 3.1.8 (/opt/ros/humble/share/rosidl_generator_cpp/cmake)
-- Using all available rosidl_typesupport_c: rosidl_typesupport_fastrtps_c;rosidl_typesupport_introspection_c
-- Using all available rosidl_typesupport_cpp: rosidl_typesupport_fastrtps_cpp;rosidl_typesupport_introspection_cpp
-- Found rosidl_default_generators: 1.2.0 (/opt/ros/humble/share/rosidl_default_generators/cmake)
-- Found ament_cmake_ros: 0.10.0 (/opt/ros/humble/share/ament_cmake_ros/cmake)
-- Using all available rosidl_typesupport_c: rosidl_typesupport_fastrtps_c;rosidl_typesupport_introspection_c
-- Using all available rosidl_typesupport_cpp: rosidl_typesupport_fastrtps_cpp;rosidl_typesupport_introspection_cpp
-- Found PythonInterp: /usr/bin/python3 (found suitable version "3.10.12", minimum required is "3.6") 
-- Found python_cmake_module: 0.10.0 (/opt/ros/humble/share/python_cmake_module/cmake)
-- Found PythonLibs: /usr/lib/aarch64-linux-gnu/libpython3.10.so (found suitable version "3.10.12", minimum required is "3.5") 
-- Using PYTHON_EXECUTABLE: /usr/bin/python3
-- Using PYTHON_INCLUDE_DIRS: /usr/include/python3.10
-- Using PYTHON_LIBRARIES: /usr/lib/aarch64-linux-gnu/libpython3.10.so
-- Found PythonExtra: .so  
-- Found ament_lint_auto: 0.12.15 (/opt/ros/humble/share/ament_lint_auto/cmake)
-- Added test 'copyright' to check source files copyright and LICENSE
-- Added test 'lint_cmake' to check CMake code style
-- Added test 'xmllint' to check XML markup files
-- Configuring done
-- Generating done
-- Build files have been written to: /root/ros2_ws/build/limo_msgs
[  3%] [34m[1mGenerating C code for ROS interfaces[0m
[  6%] [34m[1mGenerating C++ code for ROS interfaces[0m
[  6%] Built target ament_cmake_python_copy_limo_msgs
running egg_info
[  9%] Built target limo_msgs__cpp
[  9%] [32mBuilding C object CMakeFiles/limo_msgs__rosidl_generator_c.dir/rosidl_generator_c/limo_msgs/msg/detail/limo_status__functions.c.o[0m
creating limo_msgs.egg-info
writing limo_msgs.egg-info/PKG-INFO
writing dependency_links to limo_msgs.egg-info/dependency_links.txt
writing top-level names to limo_msgs.egg-info/top_level.txt
writing manifest file 'limo_msgs.egg-info/SOURCES.txt'
reading manifest file 'limo_msgs.egg-info/SOURCES.txt'
writing manifest file 'limo_msgs.egg-info/SOURCES.txt'
[ 12%] [34m[1mGenerating C++ introspection for ROS interfaces[0m
[ 16%] [34m[1mGenerating C++ type support dispatch for ROS interfaces[0m
[ 19%] [34m[1mGenerating C++ type support for eProsima Fast-RTPS[0m
[ 19%] Built target ament_cmake_python_build_limo_msgs_egg
[ 22%] [32m[1mLinking C shared library liblimo_msgs__rosidl_generator_c.so[0m
[ 22%] Built target limo_msgs__rosidl_generator_c
[ 25%] [34m[1mGenerating C introspection for ROS interfaces[0m
[ 29%] [34m[1mGenerating C type support for eProsima Fast-RTPS[0m
[ 32%] [34m[1mGenerating C type support dispatch for ROS interfaces[0m
[ 35%] [32mBuilding CXX object CMakeFiles/limo_msgs__rosidl_typesupport_cpp.dir/rosidl_typesupport_cpp/limo_msgs/msg/limo_status__type_support.cpp.o[0m
[ 38%] [32mBuilding CXX object CMakeFiles/limo_msgs__rosidl_typesupport_introspection_cpp.dir/rosidl_typesupport_introspection_cpp/limo_msgs/msg/detail/limo_status__type_support.cpp.o[0m
[ 41%] [32mBuilding CXX object CMakeFiles/limo_msgs__rosidl_typesupport_fastrtps_cpp.dir/rosidl_typesupport_fastrtps_cpp/limo_msgs/msg/detail/dds_fastrtps/limo_status__type_support.cpp.o[0m
[ 45%] [32mBuilding CXX object CMakeFiles/limo_msgs__rosidl_typesupport_c.dir/rosidl_typesupport_c/limo_msgs/msg/limo_status__type_support.cpp.o[0m
[ 48%] [32m[1mLinking CXX shared library liblimo_msgs__rosidl_typesupport_c.so[0m
[ 51%] [32mBuilding C object CMakeFiles/limo_msgs__rosidl_typesupport_introspection_c.dir/rosidl_typesupport_introspection_c/limo_msgs/msg/detail/limo_status__type_support.c.o[0m
[ 54%] [32mBuilding CXX object CMakeFiles/limo_msgs__rosidl_typesupport_fastrtps_c.dir/rosidl_typesupport_fastrtps_c/limo_msgs/msg/detail/limo_status__type_support_c.cpp.o[0m
[ 58%] [32m[1mLinking CXX shared library liblimo_msgs__rosidl_typesupport_cpp.so[0m
[ 58%] Built target limo_msgs__rosidl_typesupport_c
[ 61%] [32m[1mLinking C shared library liblimo_msgs__rosidl_typesupport_introspection_c.so[0m
[ 61%] Built target limo_msgs__rosidl_typesupport_cpp
[ 61%] Built target limo_msgs__rosidl_typesupport_introspection_c
[ 64%] [32m[1mLinking CXX shared library liblimo_msgs__rosidl_typesupport_introspection_cpp.so[0m
[ 67%] [32m[1mLinking CXX shared library liblimo_msgs__rosidl_typesupport_fastrtps_cpp.so[0m
[ 67%] Built target limo_msgs__rosidl_typesupport_introspection_cpp
[ 67%] Built target limo_msgs__rosidl_typesupport_fastrtps_cpp
[ 70%] [32m[1mLinking CXX shared library liblimo_msgs__rosidl_typesupport_fastrtps_c.so[0m
[ 70%] Built target limo_msgs__rosidl_typesupport_fastrtps_c
[ 70%] Built target limo_msgs
[ 74%] [34m[1mGenerating Python code for ROS interfaces[0m
[ 74%] Built target limo_msgs__py
[ 77%] [32mBuilding C object CMakeFiles/limo_msgs__rosidl_generator_py.dir/rosidl_generator_py/limo_msgs/msg/_limo_status_s.c.o[0m
[ 80%] [32m[1mLinking C shared library rosidl_generator_py/limo_msgs/liblimo_msgs__rosidl_generator_py.so[0m
[ 80%] Built target limo_msgs__rosidl_generator_py
[ 83%] [32mBuilding C object CMakeFiles/limo_msgs__rosidl_typesupport_fastrtps_c__pyext.dir/rosidl_generator_py/limo_msgs/_limo_msgs_s.ep.rosidl_typesupport_fastrtps_c.c.o[0m
[ 87%] [32mBuilding C object CMakeFiles/limo_msgs__rosidl_typesupport_introspection_c__pyext.dir/rosidl_generator_py/limo_msgs/_limo_msgs_s.ep.rosidl_typesupport_introspection_c.c.o[0m
[ 90%] [32mBuilding C object CMakeFiles/limo_msgs__rosidl_typesupport_c__pyext.dir/rosidl_generator_py/limo_msgs/_limo_msgs_s.ep.rosidl_typesupport_c.c.o[0m
[ 93%] [32m[1mLinking C shared library rosidl_generator_py/limo_msgs/limo_msgs_s__rosidl_typesupport_fastrtps_c.cpython-310-aarch64-linux-gnu.so[0m
[ 96%] [32m[1mLinking C shared library rosidl_generator_py/limo_msgs/limo_msgs_s__rosidl_typesupport_introspection_c.cpython-310-aarch64-linux-gnu.so[0m
[100%] [32m[1mLinking C shared library rosidl_generator_py/limo_msgs/limo_msgs_s__rosidl_typesupport_c.cpython-310-aarch64-linux-gnu.so[0m
[100%] Built target limo_msgs__rosidl_typesupport_fastrtps_c__pyext
[100%] Built target limo_msgs__rosidl_typesupport_introspection_c__pyext
[100%] Built target limo_msgs__rosidl_typesupport_c__pyext
-- Install configuration: ""
-- Installing: /root/ros2_ws/install/limo_msgs/share/ament_index/resource_index/rosidl_interfaces/limo_msgs
-- Installing: /root/ros2_ws/install/limo_msgs/include/limo_msgs/limo_msgs
-- Installing: /root/ros2_ws/install/limo_msgs/include/limo_msgs/limo_msgs/msg
-- Installing: /root/ros2_ws/install/limo_msgs/include/limo_msgs/limo_msgs/msg/limo_status.h
-- Installing: /root/ros2_ws/install/limo_msgs/include/limo_msgs/limo_msgs/msg/detail
-- Installing: /root/ros2_ws/install/limo_msgs/include/limo_msgs/limo_msgs/msg/detail/limo_status__struct.h
-- Installing: /root/ros2_ws/install/limo_msgs/include/limo_msgs/limo_msgs/msg/detail/limo_status__functions.h
-- Installing: /root/ros2_ws/install/limo_msgs/include/limo_msgs/limo_msgs/msg/detail/limo_status__type_support.h
-- Installing: /root/ros2_ws/install/limo_msgs/include/limo_msgs/limo_msgs/msg/detail/limo_status__functions.c
-- Installing: /root/ros2_ws/install/limo_msgs/include/limo_msgs/limo_msgs/msg/rosidl_generator_c__visibility_control.h
-- Installing: /root/ros2_ws/install/limo_msgs/share/limo_msgs/environment/library_path.sh
-- Installing: /root/ros2_ws/install/limo_msgs/share/limo_msgs/environment/library_path.dsv
-- Installing: /root/ros2_ws/install/limo_msgs/lib/liblimo_msgs__rosidl_generator_c.so
-- Set runtime path of "/root/ros2_ws/install/limo_msgs/lib/liblimo_msgs__rosidl_generator_c.so" to ""
-- Up-to-date: /root/ros2_ws/install/limo_msgs/include/limo_msgs/limo_msgs
-- Up-to-date: /root/ros2_ws/install/limo_msgs/include/limo_msgs/limo_msgs/msg
-- Installing: /root/ros2_ws/install/limo_msgs/include/limo_msgs/limo_msgs/msg/rosidl_typesupport_fastrtps_c__visibility_control.h
-- Up-to-date: /root/ros2_ws/install/limo_msgs/include/limo_msgs/limo_msgs/msg/detail
-- Installing: /root/ros2_ws/install/limo_msgs/include/limo_msgs/limo_msgs/msg/detail/limo_status__rosidl_typesupport_fastrtps_c.h
-- Installing: /root/ros2_ws/install/limo_msgs/lib/liblimo_msgs__rosidl_typesupport_fastrtps_c.so
-- Set runtime path of "/root/ros2_ws/install/limo_msgs/lib/liblimo_msgs__rosidl_typesupport_fastrtps_c.so" to ""
-- Up-to-date: /root/ros2_ws/install/limo_msgs/include/limo_msgs/limo_msgs
-- Up-to-date: /root/ros2_ws/install/limo_msgs/include/limo_msgs/limo_msgs/msg
-- Installing: /root/ros2_ws/install/limo_msgs/include/limo_msgs/limo_msgs/msg/limo_status.hpp
-- Installing: /root/ros2_ws/install/limo_msgs/include/limo_msgs/limo_msgs/msg/rosidl_generator_cpp__visibility_control.hpp
-- Up-to-date: /root/ros2_ws/install/limo_msgs/include/limo_msgs/limo_msgs/msg/detail
-- Installing: /root/ros2_ws/install/limo_msgs/include/limo_msgs/limo_msgs/msg/detail/limo_status__traits.hpp
-- Installing: /root/ros2_ws/install/limo_msgs/include/limo_msgs/limo_msgs/msg/detail/limo_status__struct.hpp
-- Installing: /root/ros2_ws/install/limo_msgs/include/limo_msgs/limo_msgs/msg/detail/limo_status__builder.hpp
-- Installing: /root/ros2_ws/install/limo_msgs/include/limo_msgs/limo_msgs/msg/detail/limo_status__type_support.hpp
-- Up-to-date: /root/ros2_ws/install/limo_msgs/include/limo_msgs/limo_msgs
-- Up-to-date: /root/ros2_ws/install/limo_msgs/include/limo_msgs/limo_msgs/msg
-- Installing: /root/ros2_ws/install/limo_msgs/include/limo_msgs/limo_msgs/msg/rosidl_typesupport_fastrtps_cpp__visibility_control.h
-- Up-to-date: /root/ros2_ws/install/limo_msgs/include/limo_msgs/limo_msgs/msg/detail
-- Installing: /root/ros2_ws/install/limo_msgs/include/limo_msgs/limo_msgs/msg/detail/dds_fastrtps
-- Installing: /root/ros2_ws/install/limo_msgs/include/limo_msgs/limo_msgs/msg/detail/limo_status__rosidl_typesupport_fastrtps_cpp.hpp
-- Installing: /root/ros2_ws/install/limo_msgs/lib/liblimo_msgs__rosidl_typesupport_fastrtps_cpp.so
-- Set runtime path of "/root/ros2_ws/install/limo_msgs/lib/liblimo_msgs__rosidl_typesupport_fastrtps_cpp.so" to ""
-- Up-to-date: /root/ros2_ws/install/limo_msgs/include/limo_msgs/limo_msgs
-- Up-to-date: /root/ros2_ws/install/limo_msgs/include/limo_msgs/limo_msgs/msg
-- Installing: /root/ros2_ws/install/limo_msgs/include/limo_msgs/limo_msgs/msg/rosidl_typesupport_introspection_c__visibility_control.h
-- Up-to-date: /root/ros2_ws/install/limo_msgs/include/limo_msgs/limo_msgs/msg/detail
-- Installing: /root/ros2_ws/install/limo_msgs/include/limo_msgs/limo_msgs/msg/detail/limo_status__type_support.c
-- Installing: /root/ros2_ws/install/limo_msgs/include/limo_msgs/limo_msgs/msg/detail/limo_status__rosidl_typesupport_introspection_c.h
-- Installing: /root/ros2_ws/install/limo_msgs/lib/liblimo_msgs__rosidl_typesupport_introspection_c.so
-- Set runtime path of "/root/ros2_ws/install/limo_msgs/lib/liblimo_msgs__rosidl_typesupport_introspection_c.so" to ""
-- Installing: /root/ros2_ws/install/limo_msgs/lib/liblimo_msgs__rosidl_typesupport_c.so
-- Set runtime path of "/root/ros2_ws/install/limo_msgs/lib/liblimo_msgs__rosidl_typesupport_c.so" to ""
-- Up-to-date: /root/ros2_ws/install/limo_msgs/include/limo_msgs/limo_msgs
-- Up-to-date: /root/ros2_ws/install/limo_msgs/include/limo_msgs/limo_msgs/msg
-- Up-to-date: /root/ros2_ws/install/limo_msgs/include/limo_msgs/limo_msgs/msg/detail
-- Installing: /root/ros2_ws/install/limo_msgs/include/limo_msgs/limo_msgs/msg/detail/limo_status__type_support.cpp
-- Installing: /root/ros2_ws/install/limo_msgs/include/limo_msgs/limo_msgs/msg/detail/limo_status__rosidl_typesupport_introspection_cpp.hpp
-- Installing: /root/ros2_ws/install/limo_msgs/lib/liblimo_msgs__rosidl_typesupport_introspection_cpp.so
-- Set runtime path of "/root/ros2_ws/install/limo_msgs/lib/liblimo_msgs__rosidl_typesupport_introspection_cpp.so" to ""
-- Installing: /root/ros2_ws/install/limo_msgs/lib/liblimo_msgs__rosidl_typesupport_cpp.so
-- Set runtime path of "/root/ros2_ws/install/limo_msgs/lib/liblimo_msgs__rosidl_typesupport_cpp.so" to ""
-- Installing: /root/ros2_ws/install/limo_msgs/share/limo_msgs/environment/pythonpath.sh
-- Installing: /root/ros2_ws/install/limo_msgs/share/limo_msgs/environment/pythonpath.dsv
-- Installing: /root/ros2_ws/install/limo_msgs/local/lib/python3.10/dist-packages/limo_msgs-0.0.0-py3.10.egg-info
-- Installing: /root/ros2_ws/install/limo_msgs/local/lib/python3.10/dist-packages/limo_msgs-0.0.0-py3.10.egg-info/top_level.txt
-- Installing: /root/ros2_ws/install/limo_msgs/local/lib/python3.10/dist-packages/limo_msgs-0.0.0-py3.10.egg-info/SOURCES.txt
-- Installing: /root/ros2_ws/install/limo_msgs/local/lib/python3.10/dist-packages/limo_msgs-0.0.0-py3.10.egg-info/dependency_links.txt
-- Installing: /root/ros2_ws/install/limo_msgs/local/lib/python3.10/dist-packages/limo_msgs-0.0.0-py3.10.egg-info/PKG-INFO
-- Installing: /root/ros2_ws/install/limo_msgs/local/lib/python3.10/dist-packages/limo_msgs
-- Installing: /root/ros2_ws/install/limo_msgs/local/lib/python3.10/dist-packages/limo_msgs/msg
-- Installing: /root/ros2_ws/install/limo_msgs/local/lib/python3.10/dist-packages/limo_msgs/msg/_limo_status.py
-- Installing: /root/ros2_ws/install/limo_msgs/local/lib/python3.10/dist-packages/limo_msgs/msg/__init__.py
-- Installing: /root/ros2_ws/install/limo_msgs/local/lib/python3.10/dist-packages/limo_msgs/msg/_limo_status_s.c
-- Installing: /root/ros2_ws/install/limo_msgs/local/lib/python3.10/dist-packages/limo_msgs/limo_msgs_s__rosidl_typesupport_c.cpython-310-aarch64-linux-gnu.so
-- Installing: /root/ros2_ws/install/limo_msgs/local/lib/python3.10/dist-packages/limo_msgs/_limo_msgs_s.ep.rosidl_typesupport_c.c
-- Installing: /root/ros2_ws/install/limo_msgs/local/lib/python3.10/dist-packages/limo_msgs/liblimo_msgs__rosidl_generator_py.so
-- Installing: /root/ros2_ws/install/limo_msgs/local/lib/python3.10/dist-packages/limo_msgs/__init__.py
-- Installing: /root/ros2_ws/install/limo_msgs/local/lib/python3.10/dist-packages/limo_msgs/limo_msgs_s__rosidl_typesupport_introspection_c.cpython-310-aarch64-linux-gnu.so
-- Installing: /root/ros2_ws/install/limo_msgs/local/lib/python3.10/dist-packages/limo_msgs/limo_msgs_s__rosidl_typesupport_fastrtps_c.cpython-310-aarch64-linux-gnu.so
-- Installing: /root/ros2_ws/install/limo_msgs/local/lib/python3.10/dist-packages/limo_msgs/_limo_msgs_s.ep.rosidl_typesupport_fastrtps_c.c
-- Installing: /root/ros2_ws/install/limo_msgs/local/lib/python3.10/dist-packages/limo_msgs/_limo_msgs_s.ep.rosidl_typesupport_introspection_c.c
Listing '/root/ros2_ws/install/limo_msgs/local/lib/python3.10/dist-packages/limo_msgs'...
Compiling '/root/ros2_ws/install/limo_msgs/local/lib/python3.10/dist-packages/limo_msgs/__init__.py'...
Listing '/root/ros2_ws/install/limo_msgs/local/lib/python3.10/dist-packages/limo_msgs/msg'...
Compiling '/root/ros2_ws/install/limo_msgs/local/lib/python3.10/dist-packages/limo_msgs/msg/__init__.py'...
Compiling '/root/ros2_ws/install/limo_msgs/local/lib/python3.10/dist-packages/limo_msgs/msg/_limo_status.py'...
-- Installing: /root/ros2_ws/install/limo_msgs/local/lib/python3.10/dist-packages/limo_msgs/limo_msgs_s__rosidl_typesupport_fastrtps_c.cpython-310-aarch64-linux-gnu.so
-- Set runtime path of "/root/ros2_ws/install/limo_msgs/local/lib/python3.10/dist-packages/limo_msgs/limo_msgs_s__rosidl_typesupport_fastrtps_c.cpython-310-aarch64-linux-gnu.so" to ""
-- Installing: /root/ros2_ws/install/limo_msgs/local/lib/python3.10/dist-packages/limo_msgs/limo_msgs_s__rosidl_typesupport_introspection_c.cpython-310-aarch64-linux-gnu.so
-- Set runtime path of "/root/ros2_ws/install/limo_msgs/local/lib/python3.10/dist-packages/limo_msgs/limo_msgs_s__rosidl_typesupport_introspection_c.cpython-310-aarch64-linux-gnu.so" to ""
-- Installing: /root/ros2_ws/install/limo_msgs/local/lib/python3.10/dist-packages/limo_msgs/limo_msgs_s__rosidl_typesupport_c.cpython-310-aarch64-linux-gnu.so
-- Set runtime path of "/root/ros2_ws/install/limo_msgs/local/lib/python3.10/dist-packages/limo_msgs/limo_msgs_s__rosidl_typesupport_c.cpython-310-aarch64-linux-gnu.so" to ""
-- Installing: /root/ros2_ws/install/limo_msgs/lib/liblimo_msgs__rosidl_generator_py.so
-- Set runtime path of "/root/ros2_ws/install/limo_msgs/lib/liblimo_msgs__rosidl_generator_py.so" to ""
-- Installing: /root/ros2_ws/install/limo_msgs/share/limo_msgs/msg/LimoStatus.idl
-- Installing: /root/ros2_ws/install/limo_msgs/share/limo_msgs/msg/LimoStatus.msg
-- Installing: /root/ros2_ws/install/limo_msgs/share/ament_index/resource_index/package_run_dependencies/limo_msgs
-- Installing: /root/ros2_ws/install/limo_msgs/share/ament_index/resource_index/parent_prefix_path/limo_msgs
-- Installing: /root/ros2_ws/install/limo_msgs/share/limo_msgs/environment/ament_prefix_path.sh
-- Installing: /root/ros2_ws/install/limo_msgs/share/limo_msgs/environment/ament_prefix_path.dsv
-- Installing: /root/ros2_ws/install/limo_msgs/share/limo_msgs/environment/path.sh
-- Installing: /root/ros2_ws/install/limo_msgs/share/limo_msgs/environment/path.dsv
-- Installing: /root/ros2_ws/install/limo_msgs/share/limo_msgs/local_setup.bash
-- Installing: /root/ros2_ws/install/limo_msgs/share/limo_msgs/local_setup.sh
-- Installing: /root/ros2_ws/install/limo_msgs/share/limo_msgs/local_setup.zsh
-- Installing: /root/ros2_ws/install/limo_msgs/share/limo_msgs/local_setup.dsv
-- Installing: /root/ros2_ws/install/limo_msgs/share/limo_msgs/package.dsv
-- Installing: /root/ros2_ws/install/limo_msgs/share/ament_index/resource_index/packages/limo_msgs
-- Installing: /root/ros2_ws/install/limo_msgs/share/limo_msgs/cmake/export_limo_msgs__rosidl_generator_cExport.cmake
-- Installing: /root/ros2_ws/install/limo_msgs/share/limo_msgs/cmake/export_limo_msgs__rosidl_generator_cExport-noconfig.cmake
-- Installing: /root/ros2_ws/install/limo_msgs/share/limo_msgs/cmake/export_limo_msgs__rosidl_typesupport_fastrtps_cExport.cmake
-- Installing: /root/ros2_ws/install/limo_msgs/share/limo_msgs/cmake/export_limo_msgs__rosidl_typesupport_fastrtps_cExport-noconfig.cmake
-- Installing: /root/ros2_ws/install/limo_msgs/share/limo_msgs/cmake/export_limo_msgs__rosidl_generator_cppExport.cmake
-- Installing: /root/ros2_ws/install/limo_msgs/share/limo_msgs/cmake/export_limo_msgs__rosidl_typesupport_fastrtps_cppExport.cmake
-- Installing: /root/ros2_ws/install/limo_msgs/share/limo_msgs/cmake/export_limo_msgs__rosidl_typesupport_fastrtps_cppExport-noconfig.cmake
-- Installing: /root/ros2_ws/install/limo_msgs/share/limo_msgs/cmake/limo_msgs__rosidl_typesupport_introspection_cExport.cmake
-- Installing: /root/ros2_ws/install/limo_msgs/share/limo_msgs/cmake/limo_msgs__rosidl_typesupport_introspection_cExport-noconfig.cmake
-- Installing: /root/ros2_ws/install/limo_msgs/share/limo_msgs/cmake/limo_msgs__rosidl_typesupport_cExport.cmake
-- Installing: /root/ros2_ws/install/limo_msgs/share/limo_msgs/cmake/limo_msgs__rosidl_typesupport_cExport-noconfig.cmake
-- Installing: /root/ros2_ws/install/limo_msgs/share/limo_msgs/cmake/limo_msgs__rosidl_typesupport_introspection_cppExport.cmake
-- Installing: /root/ros2_ws/install/limo_msgs/share/limo_msgs/cmake/limo_msgs__rosidl_typesupport_introspection_cppExport-noconfig.cmake
-- Installing: /root/ros2_ws/install/limo_msgs/share/limo_msgs/cmake/limo_msgs__rosidl_typesupport_cppExport.cmake
-- Installing: /root/ros2_ws/install/limo_msgs/share/limo_msgs/cmake/limo_msgs__rosidl_typesupport_cppExport-noconfig.cmake
-- Installing: /root/ros2_ws/install/limo_msgs/share/limo_msgs/cmake/export_limo_msgs__rosidl_generator_pyExport.cmake
-- Installing: /root/ros2_ws/install/limo_msgs/share/limo_msgs/cmake/export_limo_msgs__rosidl_generator_pyExport-noconfig.cmake
-- Installing: /root/ros2_ws/install/limo_msgs/share/limo_msgs/cmake/rosidl_cmake-extras.cmake
-- Installing: /root/ros2_ws/install/limo_msgs/share/limo_msgs/cmake/ament_cmake_export_dependencies-extras.cmake
-- Installing: /root/ros2_ws/install/limo_msgs/share/limo_msgs/cmake/ament_cmake_export_include_directories-extras.cmake
-- Installing: /root/ros2_ws/install/limo_msgs/share/limo_msgs/cmake/ament_cmake_export_libraries-extras.cmake
-- Installing: /root/ros2_ws/install/limo_msgs/share/limo_msgs/cmake/ament_cmake_export_targets-extras.cmake
-- Installing: /root/ros2_ws/install/limo_msgs/share/limo_msgs/cmake/rosidl_cmake_export_typesupport_targets-extras.cmake
-- Installing: /root/ros2_ws/install/limo_msgs/share/limo_msgs/cmake/rosidl_cmake_export_typesupport_libraries-extras.cmake
-- Installing: /root/ros2_ws/install/limo_msgs/share/limo_msgs/cmake/limo_msgsConfig.cmake
-- Installing: /root/ros2_ws/install/limo_msgs/share/limo_msgs/cmake/limo_msgsConfig-version.cmake
-- Installing: /root/ros2_ws/install/limo_msgs/share/limo_msgs/package.xml
