[0.079s] Invoking command in '/root/ros2_ws/build/limo_msgs': CMAKE_PREFIX_PATH=${CMAKE_PREFIX_PATH}:/root/ros2_ws/install/voice_control:/opt/ros/humble /usr/bin/cmake /root/ros2_ws/src/limo_ros2/limo_msgs -DCMAKE_INSTALL_PREFIX=/root/ros2_ws/install/limo_msgs
[0.664s] -- The C compiler identification is GNU 11.4.0
[0.665s] -- The CXX compiler identification is GNU 11.4.0
[0.666s] -- Detecting C compiler ABI info
[0.667s] -- Detecting C compiler ABI info - done
[0.667s] -- Check for working C compiler: /usr/bin/cc - skipped
[0.668s] -- Detecting C compile features
[0.668s] -- Detecting C compile features - done
[0.669s] -- Detecting CXX compiler ABI info
[0.758s] -- Detecting CXX compiler ABI info - done
[0.769s] -- Check for working CXX compiler: /usr/bin/c++ - skipped
[0.770s] -- Detecting CXX compile features
[0.771s] -- Detecting CXX compile features - done
[0.778s] -- Found ament_cmake: 1.3.13 (/opt/ros/humble/share/ament_cmake/cmake)
[1.138s] -- Found Python3: /usr/bin/python3 (found version "3.10.12") found components: Interpreter 
[1.384s] -- Found std_msgs: 4.9.1 (/opt/ros/humble/share/std_msgs/cmake)
[1.488s] -- Found rosidl_generator_c: 3.1.8 (/opt/ros/humble/share/rosidl_generator_c/cmake)
[1.505s] -- Found rosidl_adapter: 3.1.8 (/opt/ros/humble/share/rosidl_adapter/cmake)
[1.530s] -- Found rosidl_generator_cpp: 3.1.8 (/opt/ros/humble/share/rosidl_generator_cpp/cmake)
[1.568s] -- Using all available rosidl_typesupport_c: rosidl_typesupport_fastrtps_c;rosidl_typesupport_introspection_c
[1.609s] -- Using all available rosidl_typesupport_cpp: rosidl_typesupport_fastrtps_cpp;rosidl_typesupport_introspection_cpp
[1.678s] -- Found rosidl_default_generators: 1.2.0 (/opt/ros/humble/share/rosidl_default_generators/cmake)
[2.317s] -- Found ament_cmake_ros: 0.10.0 (/opt/ros/humble/share/ament_cmake_ros/cmake)
[3.100s] -- Using all available rosidl_typesupport_c: rosidl_typesupport_fastrtps_c;rosidl_typesupport_introspection_c
[3.397s] -- Using all available rosidl_typesupport_cpp: rosidl_typesupport_fastrtps_cpp;rosidl_typesupport_introspection_cpp
[3.449s] -- Found PythonInterp: /usr/bin/python3 (found suitable version "3.10.12", minimum required is "3.6") 
[3.455s] -- Found python_cmake_module: 0.10.0 (/opt/ros/humble/share/python_cmake_module/cmake)
[3.513s] -- Found PythonLibs: /usr/lib/aarch64-linux-gnu/libpython3.10.so (found suitable version "3.10.12", minimum required is "3.5") 
[3.514s] -- Using PYTHON_EXECUTABLE: /usr/bin/python3
[3.514s] -- Using PYTHON_INCLUDE_DIRS: /usr/include/python3.10
[3.514s] -- Using PYTHON_LIBRARIES: /usr/lib/aarch64-linux-gnu/libpython3.10.so
[3.562s] -- Found PythonExtra: .so  
[3.667s] -- Found ament_lint_auto: 0.12.15 (/opt/ros/humble/share/ament_lint_auto/cmake)
[3.733s] -- Added test 'copyright' to check source files copyright and LICENSE
[3.736s] -- Added test 'lint_cmake' to check CMake code style
[3.738s] -- Added test 'xmllint' to check XML markup files
[3.744s] -- Configuring done
[3.822s] -- Generating done
[3.848s] -- Build files have been written to: /root/ros2_ws/build/limo_msgs
[3.866s] Invoked command in '/root/ros2_ws/build/limo_msgs' returned '0': CMAKE_PREFIX_PATH=${CMAKE_PREFIX_PATH}:/root/ros2_ws/install/voice_control:/opt/ros/humble /usr/bin/cmake /root/ros2_ws/src/limo_ros2/limo_msgs -DCMAKE_INSTALL_PREFIX=/root/ros2_ws/install/limo_msgs
[3.872s] Invoking command in '/root/ros2_ws/build/limo_msgs': CMAKE_PREFIX_PATH=${CMAKE_PREFIX_PATH}:/root/ros2_ws/install/voice_control:/opt/ros/humble /usr/bin/cmake --build /root/ros2_ws/build/limo_msgs -- -j6 -l6
[3.950s] [  3%] [34m[1mGenerating C code for ROS interfaces[0m
[3.970s] [  6%] [34m[1mGenerating C++ code for ROS interfaces[0m
[3.990s] [  6%] Built target ament_cmake_python_copy_limo_msgs
[4.576s] running egg_info
[4.577s] [  9%] Built target limo_msgs__cpp
[4.577s] [  9%] [32mBuilding C object CMakeFiles/limo_msgs__rosidl_generator_c.dir/rosidl_generator_c/limo_msgs/msg/detail/limo_status__functions.c.o[0m
[4.578s] creating limo_msgs.egg-info
[4.579s] writing limo_msgs.egg-info/PKG-INFO
[4.580s] writing dependency_links to limo_msgs.egg-info/dependency_links.txt
[4.580s] writing top-level names to limo_msgs.egg-info/top_level.txt
[4.580s] writing manifest file 'limo_msgs.egg-info/SOURCES.txt'
[4.588s] reading manifest file 'limo_msgs.egg-info/SOURCES.txt'
[4.589s] writing manifest file 'limo_msgs.egg-info/SOURCES.txt'
[4.608s] [ 12%] [34m[1mGenerating C++ introspection for ROS interfaces[0m
[4.608s] [ 16%] [34m[1mGenerating C++ type support dispatch for ROS interfaces[0m
[4.631s] [ 19%] [34m[1mGenerating C++ type support for eProsima Fast-RTPS[0m
[4.699s] [ 19%] Built target ament_cmake_python_build_limo_msgs_egg
[4.733s] [ 22%] [32m[1mLinking C shared library liblimo_msgs__rosidl_generator_c.so[0m
[4.832s] [ 22%] Built target limo_msgs__rosidl_generator_c
[4.870s] [ 25%] [34m[1mGenerating C introspection for ROS interfaces[0m
[4.877s] [ 29%] [34m[1mGenerating C type support for eProsima Fast-RTPS[0m
[4.930s] [ 32%] [34m[1mGenerating C type support dispatch for ROS interfaces[0m
[5.248s] [ 35%] [32mBuilding CXX object CMakeFiles/limo_msgs__rosidl_typesupport_cpp.dir/rosidl_typesupport_cpp/limo_msgs/msg/limo_status__type_support.cpp.o[0m
[5.370s] [ 38%] [32mBuilding CXX object CMakeFiles/limo_msgs__rosidl_typesupport_introspection_cpp.dir/rosidl_typesupport_introspection_cpp/limo_msgs/msg/detail/limo_status__type_support.cpp.o[0m
[5.429s] [ 41%] [32mBuilding CXX object CMakeFiles/limo_msgs__rosidl_typesupport_fastrtps_cpp.dir/rosidl_typesupport_fastrtps_cpp/limo_msgs/msg/detail/dds_fastrtps/limo_status__type_support.cpp.o[0m
[5.736s] [ 45%] [32mBuilding CXX object CMakeFiles/limo_msgs__rosidl_typesupport_c.dir/rosidl_typesupport_c/limo_msgs/msg/limo_status__type_support.cpp.o[0m
[5.926s] [ 48%] [32m[1mLinking CXX shared library liblimo_msgs__rosidl_typesupport_c.so[0m
[6.054s] [ 51%] [32mBuilding C object CMakeFiles/limo_msgs__rosidl_typesupport_introspection_c.dir/rosidl_typesupport_introspection_c/limo_msgs/msg/detail/limo_status__type_support.c.o[0m
[6.105s] [ 54%] [32mBuilding CXX object CMakeFiles/limo_msgs__rosidl_typesupport_fastrtps_c.dir/rosidl_typesupport_fastrtps_c/limo_msgs/msg/detail/limo_status__type_support_c.cpp.o[0m
[6.143s] [ 58%] [32m[1mLinking CXX shared library liblimo_msgs__rosidl_typesupport_cpp.so[0m
[6.179s] [ 58%] Built target limo_msgs__rosidl_typesupport_c
[6.195s] [ 61%] [32m[1mLinking C shared library liblimo_msgs__rosidl_typesupport_introspection_c.so[0m
[6.342s] [ 61%] Built target limo_msgs__rosidl_typesupport_cpp
[6.348s] [ 61%] Built target limo_msgs__rosidl_typesupport_introspection_c
[6.494s] [ 64%] [32m[1mLinking CXX shared library liblimo_msgs__rosidl_typesupport_introspection_cpp.so[0m
[6.637s] [ 67%] [32m[1mLinking CXX shared library liblimo_msgs__rosidl_typesupport_fastrtps_cpp.so[0m
[6.641s] [ 67%] Built target limo_msgs__rosidl_typesupport_introspection_cpp
[6.825s] [ 67%] Built target limo_msgs__rosidl_typesupport_fastrtps_cpp
[6.947s] [ 70%] [32m[1mLinking CXX shared library liblimo_msgs__rosidl_typesupport_fastrtps_c.so[0m
[7.108s] [ 70%] Built target limo_msgs__rosidl_typesupport_fastrtps_c
[7.158s] [ 70%] Built target limo_msgs
[7.199s] [ 74%] [34m[1mGenerating Python code for ROS interfaces[0m
[7.930s] [ 74%] Built target limo_msgs__py
[7.980s] [ 77%] [32mBuilding C object CMakeFiles/limo_msgs__rosidl_generator_py.dir/rosidl_generator_py/limo_msgs/msg/_limo_status_s.c.o[0m
[8.216s] [ 80%] [32m[1mLinking C shared library rosidl_generator_py/limo_msgs/liblimo_msgs__rosidl_generator_py.so[0m
[8.295s] [ 80%] Built target limo_msgs__rosidl_generator_py
[8.339s] [ 83%] [32mBuilding C object CMakeFiles/limo_msgs__rosidl_typesupport_fastrtps_c__pyext.dir/rosidl_generator_py/limo_msgs/_limo_msgs_s.ep.rosidl_typesupport_fastrtps_c.c.o[0m
[8.344s] [ 87%] [32mBuilding C object CMakeFiles/limo_msgs__rosidl_typesupport_introspection_c__pyext.dir/rosidl_generator_py/limo_msgs/_limo_msgs_s.ep.rosidl_typesupport_introspection_c.c.o[0m
[8.345s] [ 90%] [32mBuilding C object CMakeFiles/limo_msgs__rosidl_typesupport_c__pyext.dir/rosidl_generator_py/limo_msgs/_limo_msgs_s.ep.rosidl_typesupport_c.c.o[0m
[8.566s] [ 93%] [32m[1mLinking C shared library rosidl_generator_py/limo_msgs/limo_msgs_s__rosidl_typesupport_fastrtps_c.cpython-310-aarch64-linux-gnu.so[0m
[8.577s] [ 96%] [32m[1mLinking C shared library rosidl_generator_py/limo_msgs/limo_msgs_s__rosidl_typesupport_introspection_c.cpython-310-aarch64-linux-gnu.so[0m
[8.614s] [100%] [32m[1mLinking C shared library rosidl_generator_py/limo_msgs/limo_msgs_s__rosidl_typesupport_c.cpython-310-aarch64-linux-gnu.so[0m
[8.656s] [100%] Built target limo_msgs__rosidl_typesupport_fastrtps_c__pyext
[8.661s] [100%] Built target limo_msgs__rosidl_typesupport_introspection_c__pyext
[8.699s] [100%] Built target limo_msgs__rosidl_typesupport_c__pyext
[8.723s] Invoked command in '/root/ros2_ws/build/limo_msgs' returned '0': CMAKE_PREFIX_PATH=${CMAKE_PREFIX_PATH}:/root/ros2_ws/install/voice_control:/opt/ros/humble /usr/bin/cmake --build /root/ros2_ws/build/limo_msgs -- -j6 -l6
[8.727s] Invoking command in '/root/ros2_ws/build/limo_msgs': CMAKE_PREFIX_PATH=${CMAKE_PREFIX_PATH}:/root/ros2_ws/install/voice_control:/opt/ros/humble /usr/bin/cmake --install /root/ros2_ws/build/limo_msgs
[8.747s] -- Install configuration: ""
[8.747s] -- Installing: /root/ros2_ws/install/limo_msgs/share/ament_index/resource_index/rosidl_interfaces/limo_msgs
[8.747s] -- Installing: /root/ros2_ws/install/limo_msgs/include/limo_msgs/limo_msgs
[8.748s] -- Installing: /root/ros2_ws/install/limo_msgs/include/limo_msgs/limo_msgs/msg
[8.748s] -- Installing: /root/ros2_ws/install/limo_msgs/include/limo_msgs/limo_msgs/msg/limo_status.h
[8.748s] -- Installing: /root/ros2_ws/install/limo_msgs/include/limo_msgs/limo_msgs/msg/detail
[8.748s] -- Installing: /root/ros2_ws/install/limo_msgs/include/limo_msgs/limo_msgs/msg/detail/limo_status__struct.h
[8.748s] -- Installing: /root/ros2_ws/install/limo_msgs/include/limo_msgs/limo_msgs/msg/detail/limo_status__functions.h
[8.749s] -- Installing: /root/ros2_ws/install/limo_msgs/include/limo_msgs/limo_msgs/msg/detail/limo_status__type_support.h
[8.749s] -- Installing: /root/ros2_ws/install/limo_msgs/include/limo_msgs/limo_msgs/msg/detail/limo_status__functions.c
[8.749s] -- Installing: /root/ros2_ws/install/limo_msgs/include/limo_msgs/limo_msgs/msg/rosidl_generator_c__visibility_control.h
[8.749s] -- Installing: /root/ros2_ws/install/limo_msgs/share/limo_msgs/environment/library_path.sh
[8.750s] -- Installing: /root/ros2_ws/install/limo_msgs/share/limo_msgs/environment/library_path.dsv
[8.750s] -- Installing: /root/ros2_ws/install/limo_msgs/lib/liblimo_msgs__rosidl_generator_c.so
[8.753s] -- Set runtime path of "/root/ros2_ws/install/limo_msgs/lib/liblimo_msgs__rosidl_generator_c.so" to ""
[8.753s] -- Up-to-date: /root/ros2_ws/install/limo_msgs/include/limo_msgs/limo_msgs
[8.754s] -- Up-to-date: /root/ros2_ws/install/limo_msgs/include/limo_msgs/limo_msgs/msg
[8.758s] -- Installing: /root/ros2_ws/install/limo_msgs/include/limo_msgs/limo_msgs/msg/rosidl_typesupport_fastrtps_c__visibility_control.h
[8.759s] -- Up-to-date: /root/ros2_ws/install/limo_msgs/include/limo_msgs/limo_msgs/msg/detail
[8.759s] -- Installing: /root/ros2_ws/install/limo_msgs/include/limo_msgs/limo_msgs/msg/detail/limo_status__rosidl_typesupport_fastrtps_c.h
[8.759s] -- Installing: /root/ros2_ws/install/limo_msgs/lib/liblimo_msgs__rosidl_typesupport_fastrtps_c.so
[8.760s] -- Set runtime path of "/root/ros2_ws/install/limo_msgs/lib/liblimo_msgs__rosidl_typesupport_fastrtps_c.so" to ""
[8.760s] -- Up-to-date: /root/ros2_ws/install/limo_msgs/include/limo_msgs/limo_msgs
[8.761s] -- Up-to-date: /root/ros2_ws/install/limo_msgs/include/limo_msgs/limo_msgs/msg
[8.761s] -- Installing: /root/ros2_ws/install/limo_msgs/include/limo_msgs/limo_msgs/msg/limo_status.hpp
[8.761s] -- Installing: /root/ros2_ws/install/limo_msgs/include/limo_msgs/limo_msgs/msg/rosidl_generator_cpp__visibility_control.hpp
[8.761s] -- Up-to-date: /root/ros2_ws/install/limo_msgs/include/limo_msgs/limo_msgs/msg/detail
[8.761s] -- Installing: /root/ros2_ws/install/limo_msgs/include/limo_msgs/limo_msgs/msg/detail/limo_status__traits.hpp
[8.761s] -- Installing: /root/ros2_ws/install/limo_msgs/include/limo_msgs/limo_msgs/msg/detail/limo_status__struct.hpp
[8.762s] -- Installing: /root/ros2_ws/install/limo_msgs/include/limo_msgs/limo_msgs/msg/detail/limo_status__builder.hpp
[8.762s] -- Installing: /root/ros2_ws/install/limo_msgs/include/limo_msgs/limo_msgs/msg/detail/limo_status__type_support.hpp
[8.762s] -- Up-to-date: /root/ros2_ws/install/limo_msgs/include/limo_msgs/limo_msgs
[8.762s] -- Up-to-date: /root/ros2_ws/install/limo_msgs/include/limo_msgs/limo_msgs/msg
[8.762s] -- Installing: /root/ros2_ws/install/limo_msgs/include/limo_msgs/limo_msgs/msg/rosidl_typesupport_fastrtps_cpp__visibility_control.h
[8.763s] -- Up-to-date: /root/ros2_ws/install/limo_msgs/include/limo_msgs/limo_msgs/msg/detail
[8.763s] -- Installing: /root/ros2_ws/install/limo_msgs/include/limo_msgs/limo_msgs/msg/detail/dds_fastrtps
[8.763s] -- Installing: /root/ros2_ws/install/limo_msgs/include/limo_msgs/limo_msgs/msg/detail/limo_status__rosidl_typesupport_fastrtps_cpp.hpp
[8.763s] -- Installing: /root/ros2_ws/install/limo_msgs/lib/liblimo_msgs__rosidl_typesupport_fastrtps_cpp.so
[8.763s] -- Set runtime path of "/root/ros2_ws/install/limo_msgs/lib/liblimo_msgs__rosidl_typesupport_fastrtps_cpp.so" to ""
[8.763s] -- Up-to-date: /root/ros2_ws/install/limo_msgs/include/limo_msgs/limo_msgs
[8.764s] -- Up-to-date: /root/ros2_ws/install/limo_msgs/include/limo_msgs/limo_msgs/msg
[8.764s] -- Installing: /root/ros2_ws/install/limo_msgs/include/limo_msgs/limo_msgs/msg/rosidl_typesupport_introspection_c__visibility_control.h
[8.764s] -- Up-to-date: /root/ros2_ws/install/limo_msgs/include/limo_msgs/limo_msgs/msg/detail
[8.764s] -- Installing: /root/ros2_ws/install/limo_msgs/include/limo_msgs/limo_msgs/msg/detail/limo_status__type_support.c
[8.764s] -- Installing: /root/ros2_ws/install/limo_msgs/include/limo_msgs/limo_msgs/msg/detail/limo_status__rosidl_typesupport_introspection_c.h
[8.764s] -- Installing: /root/ros2_ws/install/limo_msgs/lib/liblimo_msgs__rosidl_typesupport_introspection_c.so
[8.765s] -- Set runtime path of "/root/ros2_ws/install/limo_msgs/lib/liblimo_msgs__rosidl_typesupport_introspection_c.so" to ""
[8.765s] -- Installing: /root/ros2_ws/install/limo_msgs/lib/liblimo_msgs__rosidl_typesupport_c.so
[8.765s] -- Set runtime path of "/root/ros2_ws/install/limo_msgs/lib/liblimo_msgs__rosidl_typesupport_c.so" to ""
[8.765s] -- Up-to-date: /root/ros2_ws/install/limo_msgs/include/limo_msgs/limo_msgs
[8.765s] -- Up-to-date: /root/ros2_ws/install/limo_msgs/include/limo_msgs/limo_msgs/msg
[8.766s] -- Up-to-date: /root/ros2_ws/install/limo_msgs/include/limo_msgs/limo_msgs/msg/detail
[8.766s] -- Installing: /root/ros2_ws/install/limo_msgs/include/limo_msgs/limo_msgs/msg/detail/limo_status__type_support.cpp
[8.766s] -- Installing: /root/ros2_ws/install/limo_msgs/include/limo_msgs/limo_msgs/msg/detail/limo_status__rosidl_typesupport_introspection_cpp.hpp
[8.766s] -- Installing: /root/ros2_ws/install/limo_msgs/lib/liblimo_msgs__rosidl_typesupport_introspection_cpp.so
[8.766s] -- Set runtime path of "/root/ros2_ws/install/limo_msgs/lib/liblimo_msgs__rosidl_typesupport_introspection_cpp.so" to ""
[8.766s] -- Installing: /root/ros2_ws/install/limo_msgs/lib/liblimo_msgs__rosidl_typesupport_cpp.so
[8.767s] -- Set runtime path of "/root/ros2_ws/install/limo_msgs/lib/liblimo_msgs__rosidl_typesupport_cpp.so" to ""
[8.767s] -- Installing: /root/ros2_ws/install/limo_msgs/share/limo_msgs/environment/pythonpath.sh
[8.767s] -- Installing: /root/ros2_ws/install/limo_msgs/share/limo_msgs/environment/pythonpath.dsv
[8.767s] -- Installing: /root/ros2_ws/install/limo_msgs/local/lib/python3.10/dist-packages/limo_msgs-0.0.0-py3.10.egg-info
[8.767s] -- Installing: /root/ros2_ws/install/limo_msgs/local/lib/python3.10/dist-packages/limo_msgs-0.0.0-py3.10.egg-info/top_level.txt
[8.767s] -- Installing: /root/ros2_ws/install/limo_msgs/local/lib/python3.10/dist-packages/limo_msgs-0.0.0-py3.10.egg-info/SOURCES.txt
[8.767s] -- Installing: /root/ros2_ws/install/limo_msgs/local/lib/python3.10/dist-packages/limo_msgs-0.0.0-py3.10.egg-info/dependency_links.txt
[8.767s] -- Installing: /root/ros2_ws/install/limo_msgs/local/lib/python3.10/dist-packages/limo_msgs-0.0.0-py3.10.egg-info/PKG-INFO
[8.768s] -- Installing: /root/ros2_ws/install/limo_msgs/local/lib/python3.10/dist-packages/limo_msgs
[8.768s] -- Installing: /root/ros2_ws/install/limo_msgs/local/lib/python3.10/dist-packages/limo_msgs/msg
[8.768s] -- Installing: /root/ros2_ws/install/limo_msgs/local/lib/python3.10/dist-packages/limo_msgs/msg/_limo_status.py
[8.768s] -- Installing: /root/ros2_ws/install/limo_msgs/local/lib/python3.10/dist-packages/limo_msgs/msg/__init__.py
[8.768s] -- Installing: /root/ros2_ws/install/limo_msgs/local/lib/python3.10/dist-packages/limo_msgs/msg/_limo_status_s.c
[8.768s] -- Installing: /root/ros2_ws/install/limo_msgs/local/lib/python3.10/dist-packages/limo_msgs/limo_msgs_s__rosidl_typesupport_c.cpython-310-aarch64-linux-gnu.so
[8.768s] -- Installing: /root/ros2_ws/install/limo_msgs/local/lib/python3.10/dist-packages/limo_msgs/_limo_msgs_s.ep.rosidl_typesupport_c.c
[8.768s] -- Installing: /root/ros2_ws/install/limo_msgs/local/lib/python3.10/dist-packages/limo_msgs/liblimo_msgs__rosidl_generator_py.so
[8.769s] -- Installing: /root/ros2_ws/install/limo_msgs/local/lib/python3.10/dist-packages/limo_msgs/__init__.py
[8.769s] -- Installing: /root/ros2_ws/install/limo_msgs/local/lib/python3.10/dist-packages/limo_msgs/limo_msgs_s__rosidl_typesupport_introspection_c.cpython-310-aarch64-linux-gnu.so
[8.769s] -- Installing: /root/ros2_ws/install/limo_msgs/local/lib/python3.10/dist-packages/limo_msgs/limo_msgs_s__rosidl_typesupport_fastrtps_c.cpython-310-aarch64-linux-gnu.so
[8.769s] -- Installing: /root/ros2_ws/install/limo_msgs/local/lib/python3.10/dist-packages/limo_msgs/_limo_msgs_s.ep.rosidl_typesupport_fastrtps_c.c
[8.769s] -- Installing: /root/ros2_ws/install/limo_msgs/local/lib/python3.10/dist-packages/limo_msgs/_limo_msgs_s.ep.rosidl_typesupport_introspection_c.c
[8.840s] Listing '/root/ros2_ws/install/limo_msgs/local/lib/python3.10/dist-packages/limo_msgs'...
[8.841s] Compiling '/root/ros2_ws/install/limo_msgs/local/lib/python3.10/dist-packages/limo_msgs/__init__.py'...
[8.841s] Listing '/root/ros2_ws/install/limo_msgs/local/lib/python3.10/dist-packages/limo_msgs/msg'...
[8.841s] Compiling '/root/ros2_ws/install/limo_msgs/local/lib/python3.10/dist-packages/limo_msgs/msg/__init__.py'...
[8.841s] Compiling '/root/ros2_ws/install/limo_msgs/local/lib/python3.10/dist-packages/limo_msgs/msg/_limo_status.py'...
[8.852s] -- Installing: /root/ros2_ws/install/limo_msgs/local/lib/python3.10/dist-packages/limo_msgs/limo_msgs_s__rosidl_typesupport_fastrtps_c.cpython-310-aarch64-linux-gnu.so
[8.853s] -- Set runtime path of "/root/ros2_ws/install/limo_msgs/local/lib/python3.10/dist-packages/limo_msgs/limo_msgs_s__rosidl_typesupport_fastrtps_c.cpython-310-aarch64-linux-gnu.so" to ""
[8.853s] -- Installing: /root/ros2_ws/install/limo_msgs/local/lib/python3.10/dist-packages/limo_msgs/limo_msgs_s__rosidl_typesupport_introspection_c.cpython-310-aarch64-linux-gnu.so
[8.853s] -- Set runtime path of "/root/ros2_ws/install/limo_msgs/local/lib/python3.10/dist-packages/limo_msgs/limo_msgs_s__rosidl_typesupport_introspection_c.cpython-310-aarch64-linux-gnu.so" to ""
[8.854s] -- Installing: /root/ros2_ws/install/limo_msgs/local/lib/python3.10/dist-packages/limo_msgs/limo_msgs_s__rosidl_typesupport_c.cpython-310-aarch64-linux-gnu.so
[8.854s] -- Set runtime path of "/root/ros2_ws/install/limo_msgs/local/lib/python3.10/dist-packages/limo_msgs/limo_msgs_s__rosidl_typesupport_c.cpython-310-aarch64-linux-gnu.so" to ""
[8.855s] -- Installing: /root/ros2_ws/install/limo_msgs/lib/liblimo_msgs__rosidl_generator_py.so
[8.855s] -- Set runtime path of "/root/ros2_ws/install/limo_msgs/lib/liblimo_msgs__rosidl_generator_py.so" to ""
[8.855s] -- Installing: /root/ros2_ws/install/limo_msgs/share/limo_msgs/msg/LimoStatus.idl
[8.856s] -- Installing: /root/ros2_ws/install/limo_msgs/share/limo_msgs/msg/LimoStatus.msg
[8.856s] -- Installing: /root/ros2_ws/install/limo_msgs/share/ament_index/resource_index/package_run_dependencies/limo_msgs
[8.856s] -- Installing: /root/ros2_ws/install/limo_msgs/share/ament_index/resource_index/parent_prefix_path/limo_msgs
[8.857s] -- Installing: /root/ros2_ws/install/limo_msgs/share/limo_msgs/environment/ament_prefix_path.sh
[8.857s] -- Installing: /root/ros2_ws/install/limo_msgs/share/limo_msgs/environment/ament_prefix_path.dsv
[8.857s] -- Installing: /root/ros2_ws/install/limo_msgs/share/limo_msgs/environment/path.sh
[8.858s] -- Installing: /root/ros2_ws/install/limo_msgs/share/limo_msgs/environment/path.dsv
[8.858s] -- Installing: /root/ros2_ws/install/limo_msgs/share/limo_msgs/local_setup.bash
[8.858s] -- Installing: /root/ros2_ws/install/limo_msgs/share/limo_msgs/local_setup.sh
[8.858s] -- Installing: /root/ros2_ws/install/limo_msgs/share/limo_msgs/local_setup.zsh
[8.859s] -- Installing: /root/ros2_ws/install/limo_msgs/share/limo_msgs/local_setup.dsv
[8.859s] -- Installing: /root/ros2_ws/install/limo_msgs/share/limo_msgs/package.dsv
[8.859s] -- Installing: /root/ros2_ws/install/limo_msgs/share/ament_index/resource_index/packages/limo_msgs
[8.860s] -- Installing: /root/ros2_ws/install/limo_msgs/share/limo_msgs/cmake/export_limo_msgs__rosidl_generator_cExport.cmake
[8.860s] -- Installing: /root/ros2_ws/install/limo_msgs/share/limo_msgs/cmake/export_limo_msgs__rosidl_generator_cExport-noconfig.cmake
[8.860s] -- Installing: /root/ros2_ws/install/limo_msgs/share/limo_msgs/cmake/export_limo_msgs__rosidl_typesupport_fastrtps_cExport.cmake
[8.861s] -- Installing: /root/ros2_ws/install/limo_msgs/share/limo_msgs/cmake/export_limo_msgs__rosidl_typesupport_fastrtps_cExport-noconfig.cmake
[8.861s] -- Installing: /root/ros2_ws/install/limo_msgs/share/limo_msgs/cmake/export_limo_msgs__rosidl_generator_cppExport.cmake
[8.861s] -- Installing: /root/ros2_ws/install/limo_msgs/share/limo_msgs/cmake/export_limo_msgs__rosidl_typesupport_fastrtps_cppExport.cmake
[8.861s] -- Installing: /root/ros2_ws/install/limo_msgs/share/limo_msgs/cmake/export_limo_msgs__rosidl_typesupport_fastrtps_cppExport-noconfig.cmake
[8.862s] -- Installing: /root/ros2_ws/install/limo_msgs/share/limo_msgs/cmake/limo_msgs__rosidl_typesupport_introspection_cExport.cmake
[8.862s] -- Installing: /root/ros2_ws/install/limo_msgs/share/limo_msgs/cmake/limo_msgs__rosidl_typesupport_introspection_cExport-noconfig.cmake
[8.862s] -- Installing: /root/ros2_ws/install/limo_msgs/share/limo_msgs/cmake/limo_msgs__rosidl_typesupport_cExport.cmake
[8.863s] -- Installing: /root/ros2_ws/install/limo_msgs/share/limo_msgs/cmake/limo_msgs__rosidl_typesupport_cExport-noconfig.cmake
[8.863s] -- Installing: /root/ros2_ws/install/limo_msgs/share/limo_msgs/cmake/limo_msgs__rosidl_typesupport_introspection_cppExport.cmake
[8.863s] -- Installing: /root/ros2_ws/install/limo_msgs/share/limo_msgs/cmake/limo_msgs__rosidl_typesupport_introspection_cppExport-noconfig.cmake
[8.864s] -- Installing: /root/ros2_ws/install/limo_msgs/share/limo_msgs/cmake/limo_msgs__rosidl_typesupport_cppExport.cmake
[8.864s] -- Installing: /root/ros2_ws/install/limo_msgs/share/limo_msgs/cmake/limo_msgs__rosidl_typesupport_cppExport-noconfig.cmake
[8.864s] -- Installing: /root/ros2_ws/install/limo_msgs/share/limo_msgs/cmake/export_limo_msgs__rosidl_generator_pyExport.cmake
[8.865s] -- Installing: /root/ros2_ws/install/limo_msgs/share/limo_msgs/cmake/export_limo_msgs__rosidl_generator_pyExport-noconfig.cmake
[8.865s] -- Installing: /root/ros2_ws/install/limo_msgs/share/limo_msgs/cmake/rosidl_cmake-extras.cmake
[8.865s] -- Installing: /root/ros2_ws/install/limo_msgs/share/limo_msgs/cmake/ament_cmake_export_dependencies-extras.cmake
[8.865s] -- Installing: /root/ros2_ws/install/limo_msgs/share/limo_msgs/cmake/ament_cmake_export_include_directories-extras.cmake
[8.866s] -- Installing: /root/ros2_ws/install/limo_msgs/share/limo_msgs/cmake/ament_cmake_export_libraries-extras.cmake
[8.866s] -- Installing: /root/ros2_ws/install/limo_msgs/share/limo_msgs/cmake/ament_cmake_export_targets-extras.cmake
[8.866s] -- Installing: /root/ros2_ws/install/limo_msgs/share/limo_msgs/cmake/rosidl_cmake_export_typesupport_targets-extras.cmake
[8.867s] -- Installing: /root/ros2_ws/install/limo_msgs/share/limo_msgs/cmake/rosidl_cmake_export_typesupport_libraries-extras.cmake
[8.867s] -- Installing: /root/ros2_ws/install/limo_msgs/share/limo_msgs/cmake/limo_msgsConfig.cmake
[8.867s] -- Installing: /root/ros2_ws/install/limo_msgs/share/limo_msgs/cmake/limo_msgsConfig-version.cmake
[8.867s] -- Installing: /root/ros2_ws/install/limo_msgs/share/limo_msgs/package.xml
[8.873s] Invoked command in '/root/ros2_ws/build/limo_msgs' returned '0': CMAKE_PREFIX_PATH=${CMAKE_PREFIX_PATH}:/root/ros2_ws/install/voice_control:/opt/ros/humble /usr/bin/cmake --install /root/ros2_ws/build/limo_msgs
