[0.028s] Invoking command in '/root/ros2_ws/build/limo_bringup': AMENT_PREFIX_PATH=/root/ros2_ws/install/limo_msgs:${AMENT_PREFIX_PATH} CMAKE_PREFIX_PATH=/root/ros2_ws/install/limo_msgs:/opt/ros/humble LD_LIBRARY_PATH=/root/ros2_ws/install/limo_msgs/lib:${LD_LIBRARY_PATH} PYTHONPATH=/root/ros2_ws/install/limo_msgs/local/lib/python3.10/dist-packages:${PYTHONPATH} /usr/bin/cmake --build /root/ros2_ws/build/limo_bringup -- -j6 -l6
[0.109s] Invoked command in '/root/ros2_ws/build/limo_bringup' returned '0': AMENT_PREFIX_PATH=/root/ros2_ws/install/limo_msgs:${AMENT_PREFIX_PATH} CMAKE_PREFIX_PATH=/root/ros2_ws/install/limo_msgs:/opt/ros/humble LD_LIBRARY_PATH=/root/ros2_ws/install/limo_msgs/lib:${LD_LIBRARY_PATH} PYTHONPATH=/root/ros2_ws/install/limo_msgs/local/lib/python3.10/dist-packages:${PYTHONPATH} /usr/bin/cmake --build /root/ros2_ws/build/limo_bringup -- -j6 -l6
[0.129s] Invoking command in '/root/ros2_ws/build/limo_bringup': AMENT_PREFIX_PATH=/root/ros2_ws/install/limo_msgs:${AMENT_PREFIX_PATH} CMAKE_PREFIX_PATH=/root/ros2_ws/install/limo_msgs:/opt/ros/humble LD_LIBRARY_PATH=/root/ros2_ws/install/limo_msgs/lib:${LD_LIBRARY_PATH} PYTHONPATH=/root/ros2_ws/install/limo_msgs/local/lib/python3.10/dist-packages:${PYTHONPATH} /usr/bin/cmake --install /root/ros2_ws/build/limo_bringup
[0.144s] -- Install configuration: ""
[0.144s] -- Up-to-date: /root/ros2_ws/install/limo_bringup/share/limo_bringup//param
[0.145s] -- Up-to-date: /root/ros2_ws/install/limo_bringup/share/limo_bringup//param/amcl_params.yaml
[0.145s] -- Up-to-date: /root/ros2_ws/install/limo_bringup/share/limo_bringup//param/navigation2.yaml
[0.145s] -- Up-to-date: /root/ros2_ws/install/limo_bringup/share/limo_bringup//param/costmap_global_laser.yaml
[0.146s] -- Up-to-date: /root/ros2_ws/install/limo_bringup/share/limo_bringup//param/ydlidar.yaml
[0.146s] -- Up-to-date: /root/ros2_ws/install/limo_bringup/share/limo_bringup//param/slam_toolbox_online_async.yaml
[0.146s] -- Up-to-date: /root/ros2_ws/install/limo_bringup/share/limo_bringup//param/planner.yaml
[0.146s] -- Up-to-date: /root/ros2_ws/install/limo_bringup/share/limo_bringup//param/costmap_global_static.yaml
[0.146s] -- Up-to-date: /root/ros2_ws/install/limo_bringup/share/limo_bringup//param/costmap_common.yaml
[0.146s] -- Up-to-date: /root/ros2_ws/install/limo_bringup/share/limo_bringup//param/costmap_local.yaml
[0.146s] -- Up-to-date: /root/ros2_ws/install/limo_bringup/share/limo_bringup//param/empty.yaml
[0.147s] -- Installing: /root/ros2_ws/install/limo_bringup/share/limo_bringup//param/slam_toolbox_custom.yaml
[0.147s] -- Up-to-date: /root/ros2_ws/install/limo_bringup/share/limo_bringup//maps
[0.147s] -- Up-to-date: /root/ros2_ws/install/limo_bringup/share/limo_bringup//maps/mymap.yaml
[0.147s] -- Up-to-date: /root/ros2_ws/install/limo_bringup/share/limo_bringup//maps/zhiyuan.yaml
[0.147s] -- Up-to-date: /root/ros2_ws/install/limo_bringup/share/limo_bringup//maps/mymap.pgm
[0.147s] -- Up-to-date: /root/ros2_ws/install/limo_bringup/share/limo_bringup//maps/limo.yaml
[0.147s] -- Up-to-date: /root/ros2_ws/install/limo_bringup/share/limo_bringup//maps/limo.pgm
[0.147s] -- Up-to-date: /root/ros2_ws/install/limo_bringup/share/limo_bringup//maps/zhiyuan.pgm
[0.148s] -- Up-to-date: /root/ros2_ws/install/limo_bringup/share/limo_bringup//config_files
[0.148s] -- Up-to-date: /root/ros2_ws/install/limo_bringup/share/limo_bringup//config_files/demo_2d.rviz
[0.148s] -- Up-to-date: /root/ros2_ws/install/limo_bringup/share/limo_bringup//config_files/limo_lds_2d.lua
[0.148s] -- Up-to-date: /root/ros2_ws/install/limo_bringup/share/limo_bringup//config_files/limon_navigation.rviz
[0.148s] -- Up-to-date: /root/ros2_ws/install/limo_bringup/share/limo_bringup//launch
[0.148s] -- Up-to-date: /root/ros2_ws/install/limo_bringup/share/limo_bringup//launch/navigation2.launch.py
[0.148s] -- Up-to-date: /root/ros2_ws/install/limo_bringup/share/limo_bringup//launch/slam_toolbox.launch.py
[0.148s] -- Up-to-date: /root/ros2_ws/install/limo_bringup/share/limo_bringup//launch/.limo_start.launch.py.swp
[0.148s] -- Up-to-date: /root/ros2_ws/install/limo_bringup/share/limo_bringup//launch/limo_start.launch.py
[0.149s] -- Up-to-date: /root/ros2_ws/install/limo_bringup/share/limo_bringup//rviz
[0.149s] -- Up-to-date: /root/ros2_ws/install/limo_bringup/share/limo_bringup//rviz/mapping.rviz
[0.149s] -- Up-to-date: /root/ros2_ws/install/limo_bringup/share/ament_index/resource_index/package_run_dependencies/limo_bringup
[0.149s] -- Up-to-date: /root/ros2_ws/install/limo_bringup/share/ament_index/resource_index/parent_prefix_path/limo_bringup
[0.149s] -- Up-to-date: /root/ros2_ws/install/limo_bringup/share/limo_bringup/environment/ament_prefix_path.sh
[0.150s] -- Up-to-date: /root/ros2_ws/install/limo_bringup/share/limo_bringup/environment/ament_prefix_path.dsv
[0.150s] -- Up-to-date: /root/ros2_ws/install/limo_bringup/share/limo_bringup/environment/path.sh
[0.150s] -- Up-to-date: /root/ros2_ws/install/limo_bringup/share/limo_bringup/environment/path.dsv
[0.151s] -- Up-to-date: /root/ros2_ws/install/limo_bringup/share/limo_bringup/local_setup.bash
[0.152s] -- Up-to-date: /root/ros2_ws/install/limo_bringup/share/limo_bringup/local_setup.sh
[0.153s] -- Up-to-date: /root/ros2_ws/install/limo_bringup/share/limo_bringup/local_setup.zsh
[0.153s] -- Up-to-date: /root/ros2_ws/install/limo_bringup/share/limo_bringup/local_setup.dsv
[0.154s] -- Installing: /root/ros2_ws/install/limo_bringup/share/limo_bringup/package.dsv
[0.154s] -- Up-to-date: /root/ros2_ws/install/limo_bringup/share/ament_index/resource_index/packages/limo_bringup
[0.155s] -- Up-to-date: /root/ros2_ws/install/limo_bringup/share/limo_bringup/cmake/limo_bringupConfig.cmake
[0.155s] -- Up-to-date: /root/ros2_ws/install/limo_bringup/share/limo_bringup/cmake/limo_bringupConfig-version.cmake
[0.156s] -- Up-to-date: /root/ros2_ws/install/limo_bringup/share/limo_bringup/package.xml
[0.156s] Invoked command in '/root/ros2_ws/build/limo_bringup' returned '0': AMENT_PREFIX_PATH=/root/ros2_ws/install/limo_msgs:${AMENT_PREFIX_PATH} CMAKE_PREFIX_PATH=/root/ros2_ws/install/limo_msgs:/opt/ros/humble LD_LIBRARY_PATH=/root/ros2_ws/install/limo_msgs/lib:${LD_LIBRARY_PATH} PYTHONPATH=/root/ros2_ws/install/limo_msgs/local/lib/python3.10/dist-packages:${PYTHONPATH} /usr/bin/cmake --install /root/ros2_ws/build/limo_bringup
