In file included from [01m[K/root/ros2_ws/src/limo_ros2/limo_base/include/limo_base/limo_driver.h:45[m[K,
                 from [01m[K/root/ros2_ws/src/limo_ros2/limo_base/src/limo_base_node.cpp:30[m[K:
[01m[K/opt/ros/humble/include/tf2_geometry_msgs/tf2_geometry_msgs/tf2_geometry_msgs.h:35:2:[m[K [01;35m[Kwarning: [m[K#warning This header is obsolete, please include tf2_geometry_msgs/tf2_geometry_msgs.hpp instead [[01;35m[K-Wcpp[m[K]
   35 | #[01;35m[Kwarning[m[K This header is obsolete, please include tf2_geometry_msgs/tf2_geometry_msgs.hpp instead
      |  [01;35m[K^~~~~~~[m[K
In file included from [01m[K/root/ros2_ws/src/limo_ros2/limo_base/include/limo_base/limo_driver.h:45[m[K,
                 from [01m[K/root/ros2_ws/src/limo_ros2/limo_base/src/limo_driver.cpp:31[m[K:
[01m[K/opt/ros/humble/include/tf2_geometry_msgs/tf2_geometry_msgs/tf2_geometry_msgs.h:35:2:[m[K [01;35m[Kwarning: [m[K#warning This header is obsolete, please include tf2_geometry_msgs/tf2_geometry_msgs.hpp instead [[01;35m[K-Wcpp[m[K]
   35 | #[01;35m[Kwarning[m[K This header is obsolete, please include tf2_geometry_msgs/tf2_geometry_msgs.hpp instead
      |  [01;35m[K^~~~~~~[m[K
[01m[K/root/ros2_ws/src/limo_ros2/limo_base/src/limo_driver.cpp:[m[K In constructor ‘[01m[KAgileX::LimoDriver::LimoDriver(std::string)[m[K’:
[01m[K/root/ros2_ws/src/limo_ros2/limo_base/src/limo_driver.cpp:44:9:[m[K [01;35m[Kwarning: [m[Kunused variable ‘[01m[Kcontrol_rate[m[K’ [[01;35m[K-Wunused-variable[m[K]
   44 |     int [01;35m[Kcontrol_rate[m[K = this->declare_parameter<int>("control_rate", 50);
      |         [01;35m[K^~~~~~~~~~~~[m[K
[01m[K/root/ros2_ws/src/limo_ros2/limo_base/src/limo_driver.cpp:[m[K In member function ‘[01m[Kvoid AgileX::LimoDriver::parseFrame(const AgileX::LimoFrame&)[m[K’:
[01m[K/root/ros2_ws/src/limo_ros2/limo_base/src/limo_driver.cpp:296:21:[m[K [01;35m[Kwarning: [m[Kunused variable ‘[01m[Kleft_wheel_odom[m[K’ [[01;35m[K-Wunused-variable[m[K]
  296 |             int32_t [01;35m[Kleft_wheel_odom[m[K = (frame.data[3] & 0xff) | (frame.data[2] << 8) |
      |                     [01;35m[K^~~~~~~~~~~~~~~[m[K
[01m[K/root/ros2_ws/src/limo_ros2/limo_base/src/limo_driver.cpp:298:21:[m[K [01;35m[Kwarning: [m[Kunused variable ‘[01m[Kright_wheel_odom[m[K’ [[01;35m[K-Wunused-variable[m[K]
  298 |             int32_t [01;35m[Kright_wheel_odom[m[K = (frame.data[7] & 0xff) | (frame.data[6] << 8) |
      |                     [01;35m[K^~~~~~~~~~~~~~~~[m[K
[01m[K/root/ros2_ws/src/limo_ros2/limo_base/src/limo_driver.cpp:[m[K In member function ‘[01m[Kvoid AgileX::LimoDriver::publishIMUData(double)[m[K’:
[01m[K/root/ros2_ws/src/limo_ros2/limo_base/src/limo_driver.cpp:487:16:[m[K [01;35m[Kwarning: [m[Kunused variable ‘[01m[Kpresent_theta_[m[K’ [[01;35m[K-Wunused-variable[m[K]
  487 |         double [01;35m[Kpresent_theta_[m[K =imu_data_.yaw;
      |                [01;35m[K^~~~~~~~~~~~~~[m[K
[01m[K/root/ros2_ws/src/limo_ros2/limo_base/src/limo_driver.cpp:488:16:[m[K [01;35m[Kwarning: [m[Kunused variable ‘[01m[Klast_theta_[m[K’ [[01;35m[K-Wunused-variable[m[K]
  488 |         double [01;35m[Klast_theta_[m[K = imu_data_.yaw;
      |                [01;35m[K^~~~~~~~~~~[m[K
