-- The C compiler identification is GNU 11.4.0
-- The CXX compiler identification is GNU 11.4.0
-- Detecting C compiler ABI info
-- Detecting C compiler ABI info - done
-- Check for working C compiler: /usr/bin/cc - skipped
-- Detecting C compile features
-- Detecting C compile features - done
-- Detecting CXX compiler ABI info
-- Detecting CXX compiler ABI info - done
-- Check for working CXX compiler: /usr/bin/c++ - skipped
-- Detecting CXX compile features
-- Detecting CXX compile features - done
-- Found ament_cmake: 1.3.13 (/opt/ros/humble/share/ament_cmake/cmake)
-- Found Python3: /usr/bin/python3 (found version "3.10.12") found components: Interpreter 
-- Found rclcpp: 16.0.18 (/opt/ros/humble/share/rclcpp/cmake)
-- Found rosidl_generator_c: 3.1.8 (/opt/ros/humble/share/rosidl_generator_c/cmake)
-- Found rosidl_adapter: 3.1.8 (/opt/ros/humble/share/rosidl_adapter/cmake)
-- Found rosidl_generator_cpp: 3.1.8 (/opt/ros/humble/share/rosidl_generator_cpp/cmake)
-- Using all available rosidl_typesupport_c: rosidl_typesupport_fastrtps_c;rosidl_typesupport_introspection_c
-- Using all available rosidl_typesupport_cpp: rosidl_typesupport_fastrtps_cpp;rosidl_typesupport_introspection_cpp
-- Found rmw_implementation_cmake: 6.1.2 (/opt/ros/humble/share/rmw_implementation_cmake/cmake)
-- Found rmw_fastrtps_cpp: 6.2.10 (/opt/ros/humble/share/rmw_fastrtps_cpp/cmake)
-- Found OpenSSL: /usr/lib/aarch64-linux-gnu/libcrypto.so (found version "3.0.2")  
-- Found FastRTPS: /opt/ros/humble/include  
-- Using RMW implementation 'rmw_fastrtps_cpp' as default
-- Looking for pthread.h
-- Looking for pthread.h - found
-- Performing Test CMAKE_HAVE_LIBC_PTHREAD
-- Performing Test CMAKE_HAVE_LIBC_PTHREAD - Success
-- Found Threads: TRUE  
-- Found geometry_msgs: 4.9.1 (/opt/ros/humble/share/geometry_msgs/cmake)
-- Found nav_msgs: 4.9.1 (/opt/ros/humble/share/nav_msgs/cmake)
-- Found sensor_msgs: 4.9.1 (/opt/ros/humble/share/sensor_msgs/cmake)
-- Found tf2: 0.25.19 (/opt/ros/humble/share/tf2/cmake)
-- Found tf2_ros: 0.25.19 (/opt/ros/humble/share/tf2_ros/cmake)
-- Found tf2_geometry_msgs: 0.25.19 (/opt/ros/humble/share/tf2_geometry_msgs/cmake)
-- Found eigen3_cmake_module: 0.1.1 (/opt/ros/humble/share/eigen3_cmake_module/cmake)
-- Found Eigen3: TRUE (found version "3.4.0") 
-- Ensuring Eigen3 include directory is part of orocos-kdl CMake target
-- Found limo_msgs: 0.0.0 (/root/ros2_ws/install/limo_msgs/share/limo_msgs/cmake)
-- Configuring done
-- Generating done
-- Build files have been written to: /root/ros2_ws/build/limo_base
[ 50%] [32mBuilding CXX object CMakeFiles/limo_base.dir/src/limo_driver.cpp.o[0m
[ 50%] [32mBuilding CXX object CMakeFiles/limo_base.dir/src/limo_base_node.cpp.o[0m
[ 75%] [32mBuilding CXX object CMakeFiles/limo_base.dir/src/serial_port.cpp.o[0m
In file included from [01m[K/root/ros2_ws/src/limo_ros2/limo_base/include/limo_base/limo_driver.h:45[m[K,
                 from [01m[K/root/ros2_ws/src/limo_ros2/limo_base/src/limo_base_node.cpp:30[m[K:
[01m[K/opt/ros/humble/include/tf2_geometry_msgs/tf2_geometry_msgs/tf2_geometry_msgs.h:35:2:[m[K [01;35m[Kwarning: [m[K#warning This header is obsolete, please include tf2_geometry_msgs/tf2_geometry_msgs.hpp instead [[01;35m[K-Wcpp[m[K]
   35 | #[01;35m[Kwarning[m[K This header is obsolete, please include tf2_geometry_msgs/tf2_geometry_msgs.hpp instead
      |  [01;35m[K^~~~~~~[m[K
In file included from [01m[K/root/ros2_ws/src/limo_ros2/limo_base/include/limo_base/limo_driver.h:45[m[K,
                 from [01m[K/root/ros2_ws/src/limo_ros2/limo_base/src/limo_driver.cpp:31[m[K:
[01m[K/opt/ros/humble/include/tf2_geometry_msgs/tf2_geometry_msgs/tf2_geometry_msgs.h:35:2:[m[K [01;35m[Kwarning: [m[K#warning This header is obsolete, please include tf2_geometry_msgs/tf2_geometry_msgs.hpp instead [[01;35m[K-Wcpp[m[K]
   35 | #[01;35m[Kwarning[m[K This header is obsolete, please include tf2_geometry_msgs/tf2_geometry_msgs.hpp instead
      |  [01;35m[K^~~~~~~[m[K
[01m[K/root/ros2_ws/src/limo_ros2/limo_base/src/limo_driver.cpp:[m[K In constructor ‘[01m[KAgileX::LimoDriver::LimoDriver(std::string)[m[K’:
[01m[K/root/ros2_ws/src/limo_ros2/limo_base/src/limo_driver.cpp:44:9:[m[K [01;35m[Kwarning: [m[Kunused variable ‘[01m[Kcontrol_rate[m[K’ [[01;35m[K-Wunused-variable[m[K]
   44 |     int [01;35m[Kcontrol_rate[m[K = this->declare_parameter<int>("control_rate", 50);
      |         [01;35m[K^~~~~~~~~~~~[m[K
[01m[K/root/ros2_ws/src/limo_ros2/limo_base/src/limo_driver.cpp:[m[K In member function ‘[01m[Kvoid AgileX::LimoDriver::parseFrame(const AgileX::LimoFrame&)[m[K’:
[01m[K/root/ros2_ws/src/limo_ros2/limo_base/src/limo_driver.cpp:296:21:[m[K [01;35m[Kwarning: [m[Kunused variable ‘[01m[Kleft_wheel_odom[m[K’ [[01;35m[K-Wunused-variable[m[K]
  296 |             int32_t [01;35m[Kleft_wheel_odom[m[K = (frame.data[3] & 0xff) | (frame.data[2] << 8) |
      |                     [01;35m[K^~~~~~~~~~~~~~~[m[K
[01m[K/root/ros2_ws/src/limo_ros2/limo_base/src/limo_driver.cpp:298:21:[m[K [01;35m[Kwarning: [m[Kunused variable ‘[01m[Kright_wheel_odom[m[K’ [[01;35m[K-Wunused-variable[m[K]
  298 |             int32_t [01;35m[Kright_wheel_odom[m[K = (frame.data[7] & 0xff) | (frame.data[6] << 8) |
      |                     [01;35m[K^~~~~~~~~~~~~~~~[m[K
[01m[K/root/ros2_ws/src/limo_ros2/limo_base/src/limo_driver.cpp:[m[K In member function ‘[01m[Kvoid AgileX::LimoDriver::publishIMUData(double)[m[K’:
[01m[K/root/ros2_ws/src/limo_ros2/limo_base/src/limo_driver.cpp:487:16:[m[K [01;35m[Kwarning: [m[Kunused variable ‘[01m[Kpresent_theta_[m[K’ [[01;35m[K-Wunused-variable[m[K]
  487 |         double [01;35m[Kpresent_theta_[m[K =imu_data_.yaw;
      |                [01;35m[K^~~~~~~~~~~~~~[m[K
[01m[K/root/ros2_ws/src/limo_ros2/limo_base/src/limo_driver.cpp:488:16:[m[K [01;35m[Kwarning: [m[Kunused variable ‘[01m[Klast_theta_[m[K’ [[01;35m[K-Wunused-variable[m[K]
  488 |         double [01;35m[Klast_theta_[m[K = imu_data_.yaw;
      |                [01;35m[K^~~~~~~~~~~[m[K
[100%] [32m[1mLinking CXX executable limo_base[0m
[100%] Built target limo_base
-- Install configuration: ""
-- Installing: /root/ros2_ws/install/limo_base/include
-- Installing: /root/ros2_ws/install/limo_base/include/limo_base
-- Installing: /root/ros2_ws/install/limo_base/include/limo_base/limo_protocol.h
-- Installing: /root/ros2_ws/install/limo_base/include/limo_base/limo_driver.h
-- Installing: /root/ros2_ws/install/limo_base/include/limo_base/serial_port.h
-- Installing: /root/ros2_ws/install/limo_base/lib/limo_base/limo_base
-- Set runtime path of "/root/ros2_ws/install/limo_base/lib/limo_base/limo_base" to ""
-- Installing: /root/ros2_ws/install/limo_base/share/limo_base//launch
-- Installing: /root/ros2_ws/install/limo_base/share/limo_base//launch/open_ydlidar_launch.py
-- Installing: /root/ros2_ws/install/limo_base/share/limo_base//launch/limo_base.launch.py
-- Installing: /root/ros2_ws/install/limo_base/share/ament_index/resource_index/package_run_dependencies/limo_base
-- Installing: /root/ros2_ws/install/limo_base/share/ament_index/resource_index/parent_prefix_path/limo_base
-- Installing: /root/ros2_ws/install/limo_base/share/limo_base/environment/ament_prefix_path.sh
-- Installing: /root/ros2_ws/install/limo_base/share/limo_base/environment/ament_prefix_path.dsv
-- Installing: /root/ros2_ws/install/limo_base/share/limo_base/environment/path.sh
-- Installing: /root/ros2_ws/install/limo_base/share/limo_base/environment/path.dsv
-- Installing: /root/ros2_ws/install/limo_base/share/limo_base/local_setup.bash
-- Installing: /root/ros2_ws/install/limo_base/share/limo_base/local_setup.sh
-- Installing: /root/ros2_ws/install/limo_base/share/limo_base/local_setup.zsh
-- Installing: /root/ros2_ws/install/limo_base/share/limo_base/local_setup.dsv
-- Installing: /root/ros2_ws/install/limo_base/share/limo_base/package.dsv
-- Installing: /root/ros2_ws/install/limo_base/share/ament_index/resource_index/packages/limo_base
-- Installing: /root/ros2_ws/install/limo_base/share/limo_base/cmake/ament_cmake_export_include_directories-extras.cmake
-- Installing: /root/ros2_ws/install/limo_base/share/limo_base/cmake/limo_baseConfig.cmake
-- Installing: /root/ros2_ws/install/limo_base/share/limo_base/cmake/limo_baseConfig-version.cmake
-- Installing: /root/ros2_ws/install/limo_base/share/limo_base/package.xml
