[0.032s] Invoking command in '/root/ros2_ws/build/limo_base': CMAKE_PREFIX_PATH=/root/ros2_ws/install/limo_msgs:/root/ros2_ws/install/ydlidar_ros2_driver:/root/ros2_ws/install/limo_bringup:/root/ros2_ws/install/limo_base:/root/ros2_ws/install/limo_description:/root/ros2_ws/install/voice_control:/opt/ros/humble /usr/bin/cmake /root/ros2_ws/src/limo_ros2/limo_base -DCMAKE_INSTALL_PREFIX=/root/ros2_ws/install/limo_base
[0.145s] -- The C compiler identification is GNU 11.4.0
[0.257s] -- The CXX compiler identification is GNU 11.4.0
[0.278s] -- Detecting C compiler ABI info
[0.422s] -- Detecting C compiler ABI info - done
[0.435s] -- Check for working C compiler: /usr/bin/cc - skipped
[0.435s] -- Detecting C compile features
[0.439s] -- Detecting C compile features - done
[0.449s] -- Detecting CXX compiler ABI info
[0.608s] -- Detecting CXX compiler ABI info - done
[0.628s] -- Check for working CXX compiler: /usr/bin/c++ - skipped
[0.628s] -- Detecting CXX compile features
[0.629s] -- Detecting CXX compile features - done
[0.633s] -- Found ament_cmake: 1.3.13 (/opt/ros/humble/share/ament_cmake/cmake)
[1.012s] -- Found Python3: /usr/bin/python3 (found version "3.10.12") found components: Interpreter 
[1.256s] -- Found rclcpp: 16.0.18 (/opt/ros/humble/share/rclcpp/cmake)
[1.371s] -- Found rosidl_generator_c: 3.1.8 (/opt/ros/humble/share/rosidl_generator_c/cmake)
[1.388s] -- Found rosidl_adapter: 3.1.8 (/opt/ros/humble/share/rosidl_adapter/cmake)
[1.409s] -- Found rosidl_generator_cpp: 3.1.8 (/opt/ros/humble/share/rosidl_generator_cpp/cmake)
[1.449s] -- Using all available rosidl_typesupport_c: rosidl_typesupport_fastrtps_c;rosidl_typesupport_introspection_c
[1.494s] -- Using all available rosidl_typesupport_cpp: rosidl_typesupport_fastrtps_cpp;rosidl_typesupport_introspection_cpp
[1.606s] -- Found rmw_implementation_cmake: 6.1.2 (/opt/ros/humble/share/rmw_implementation_cmake/cmake)
[1.613s] -- Found rmw_fastrtps_cpp: 6.2.10 (/opt/ros/humble/share/rmw_fastrtps_cpp/cmake)
[1.816s] -- Found OpenSSL: /usr/lib/aarch64-linux-gnu/libcrypto.so (found version "3.0.2")  
[1.881s] -- Found FastRTPS: /opt/ros/humble/include  
[1.988s] -- Using RMW implementation 'rmw_fastrtps_cpp' as default
[2.013s] -- Looking for pthread.h
[2.163s] -- Looking for pthread.h - found
[2.164s] -- Performing Test CMAKE_HAVE_LIBC_PTHREAD
[2.318s] -- Performing Test CMAKE_HAVE_LIBC_PTHREAD - Success
[2.320s] -- Found Threads: TRUE  
[2.445s] -- Found geometry_msgs: 4.9.1 (/opt/ros/humble/share/geometry_msgs/cmake)
[2.478s] -- Found nav_msgs: 4.9.1 (/opt/ros/humble/share/nav_msgs/cmake)
[2.518s] -- Found sensor_msgs: 4.9.1 (/opt/ros/humble/share/sensor_msgs/cmake)
[2.558s] -- Found tf2: 0.25.19 (/opt/ros/humble/share/tf2/cmake)
[2.593s] -- Found tf2_ros: 0.25.19 (/opt/ros/humble/share/tf2_ros/cmake)
[2.817s] -- Found tf2_geometry_msgs: 0.25.19 (/opt/ros/humble/share/tf2_geometry_msgs/cmake)
[2.862s] -- Found eigen3_cmake_module: 0.1.1 (/opt/ros/humble/share/eigen3_cmake_module/cmake)
[2.868s] -- Found Eigen3: TRUE (found version "3.4.0") 
[2.870s] -- Ensuring Eigen3 include directory is part of orocos-kdl CMake target
[2.871s] -- Found limo_msgs: 0.0.0 (/root/ros2_ws/install/limo_msgs/share/limo_msgs/cmake)
[3.058s] -- Configuring done
[3.094s] -- Generating done
[3.105s] -- Build files have been written to: /root/ros2_ws/build/limo_base
[3.133s] Invoked command in '/root/ros2_ws/build/limo_base' returned '0': CMAKE_PREFIX_PATH=/root/ros2_ws/install/limo_msgs:/root/ros2_ws/install/ydlidar_ros2_driver:/root/ros2_ws/install/limo_bringup:/root/ros2_ws/install/limo_base:/root/ros2_ws/install/limo_description:/root/ros2_ws/install/voice_control:/opt/ros/humble /usr/bin/cmake /root/ros2_ws/src/limo_ros2/limo_base -DCMAKE_INSTALL_PREFIX=/root/ros2_ws/install/limo_base
[3.138s] Invoking command in '/root/ros2_ws/build/limo_base': CMAKE_PREFIX_PATH=/root/ros2_ws/install/limo_msgs:/root/ros2_ws/install/ydlidar_ros2_driver:/root/ros2_ws/install/limo_bringup:/root/ros2_ws/install/limo_base:/root/ros2_ws/install/limo_description:/root/ros2_ws/install/voice_control:/opt/ros/humble /usr/bin/cmake --build /root/ros2_ws/build/limo_base -- -j6 -l6
[3.245s] [ 50%] [32mBuilding CXX object CMakeFiles/limo_base.dir/src/limo_driver.cpp.o[0m
[3.245s] [ 50%] [32mBuilding CXX object CMakeFiles/limo_base.dir/src/limo_base_node.cpp.o[0m
[3.255s] [ 75%] [32mBuilding CXX object CMakeFiles/limo_base.dir/src/serial_port.cpp.o[0m
[4.104s] In file included from [01m[K/root/ros2_ws/src/limo_ros2/limo_base/include/limo_base/limo_driver.h:45[m[K,
[4.104s]                  from [01m[K/root/ros2_ws/src/limo_ros2/limo_base/src/limo_base_node.cpp:30[m[K:
[4.105s] [01m[K/opt/ros/humble/include/tf2_geometry_msgs/tf2_geometry_msgs/tf2_geometry_msgs.h:35:2:[m[K [01;35m[Kwarning: [m[K#warning This header is obsolete, please include tf2_geometry_msgs/tf2_geometry_msgs.hpp instead [[01;35m[K-Wcpp[m[K]
[4.105s]    35 | #[01;35m[Kwarning[m[K This header is obsolete, please include tf2_geometry_msgs/tf2_geometry_msgs.hpp instead
[4.105s]       |  [01;35m[K^~~~~~~[m[K
[4.108s] In file included from [01m[K/root/ros2_ws/src/limo_ros2/limo_base/include/limo_base/limo_driver.h:45[m[K,
[4.108s]                  from [01m[K/root/ros2_ws/src/limo_ros2/limo_base/src/limo_driver.cpp:31[m[K:
[4.108s] [01m[K/opt/ros/humble/include/tf2_geometry_msgs/tf2_geometry_msgs/tf2_geometry_msgs.h:35:2:[m[K [01;35m[Kwarning: [m[K#warning This header is obsolete, please include tf2_geometry_msgs/tf2_geometry_msgs.hpp instead [[01;35m[K-Wcpp[m[K]
[4.109s]    35 | #[01;35m[Kwarning[m[K This header is obsolete, please include tf2_geometry_msgs/tf2_geometry_msgs.hpp instead
[4.109s]       |  [01;35m[K^~~~~~~[m[K
[10.011s] [01m[K/root/ros2_ws/src/limo_ros2/limo_base/src/limo_driver.cpp:[m[K In constructor ‘[01m[KAgileX::LimoDriver::LimoDriver(std::string)[m[K’:
[10.011s] [01m[K/root/ros2_ws/src/limo_ros2/limo_base/src/limo_driver.cpp:44:9:[m[K [01;35m[Kwarning: [m[Kunused variable ‘[01m[Kcontrol_rate[m[K’ [[01;35m[K-Wunused-variable[m[K]
[10.012s]    44 |     int [01;35m[Kcontrol_rate[m[K = this->declare_parameter<int>("control_rate", 50);
[10.012s]       |         [01;35m[K^~~~~~~~~~~~[m[K
[10.032s] [01m[K/root/ros2_ws/src/limo_ros2/limo_base/src/limo_driver.cpp:[m[K In member function ‘[01m[Kvoid AgileX::LimoDriver::parseFrame(const AgileX::LimoFrame&)[m[K’:
[10.033s] [01m[K/root/ros2_ws/src/limo_ros2/limo_base/src/limo_driver.cpp:296:21:[m[K [01;35m[Kwarning: [m[Kunused variable ‘[01m[Kleft_wheel_odom[m[K’ [[01;35m[K-Wunused-variable[m[K]
[10.033s]   296 |             int32_t [01;35m[Kleft_wheel_odom[m[K = (frame.data[3] & 0xff) | (frame.data[2] << 8) |
[10.033s]       |                     [01;35m[K^~~~~~~~~~~~~~~[m[K
[10.033s] [01m[K/root/ros2_ws/src/limo_ros2/limo_base/src/limo_driver.cpp:298:21:[m[K [01;35m[Kwarning: [m[Kunused variable ‘[01m[Kright_wheel_odom[m[K’ [[01;35m[K-Wunused-variable[m[K]
[10.033s]   298 |             int32_t [01;35m[Kright_wheel_odom[m[K = (frame.data[7] & 0xff) | (frame.data[6] << 8) |
[10.033s]       |                     [01;35m[K^~~~~~~~~~~~~~~~[m[K
[10.050s] [01m[K/root/ros2_ws/src/limo_ros2/limo_base/src/limo_driver.cpp:[m[K In member function ‘[01m[Kvoid AgileX::LimoDriver::publishIMUData(double)[m[K’:
[10.050s] [01m[K/root/ros2_ws/src/limo_ros2/limo_base/src/limo_driver.cpp:487:16:[m[K [01;35m[Kwarning: [m[Kunused variable ‘[01m[Kpresent_theta_[m[K’ [[01;35m[K-Wunused-variable[m[K]
[10.050s]   487 |         double [01;35m[Kpresent_theta_[m[K =imu_data_.yaw;
[10.050s]       |                [01;35m[K^~~~~~~~~~~~~~[m[K
[10.050s] [01m[K/root/ros2_ws/src/limo_ros2/limo_base/src/limo_driver.cpp:488:16:[m[K [01;35m[Kwarning: [m[Kunused variable ‘[01m[Klast_theta_[m[K’ [[01;35m[K-Wunused-variable[m[K]
[10.051s]   488 |         double [01;35m[Klast_theta_[m[K = imu_data_.yaw;
[10.051s]       |                [01;35m[K^~~~~~~~~~~[m[K
[26.711s] [100%] [32m[1mLinking CXX executable limo_base[0m
[27.871s] [100%] Built target limo_base
[27.894s] Invoked command in '/root/ros2_ws/build/limo_base' returned '0': CMAKE_PREFIX_PATH=/root/ros2_ws/install/limo_msgs:/root/ros2_ws/install/ydlidar_ros2_driver:/root/ros2_ws/install/limo_bringup:/root/ros2_ws/install/limo_base:/root/ros2_ws/install/limo_description:/root/ros2_ws/install/voice_control:/opt/ros/humble /usr/bin/cmake --build /root/ros2_ws/build/limo_base -- -j6 -l6
[27.898s] Invoking command in '/root/ros2_ws/build/limo_base': CMAKE_PREFIX_PATH=/root/ros2_ws/install/limo_msgs:/root/ros2_ws/install/ydlidar_ros2_driver:/root/ros2_ws/install/limo_bringup:/root/ros2_ws/install/limo_base:/root/ros2_ws/install/limo_description:/root/ros2_ws/install/voice_control:/opt/ros/humble /usr/bin/cmake --install /root/ros2_ws/build/limo_base
[27.913s] -- Install configuration: ""
[27.913s] -- Installing: /root/ros2_ws/install/limo_base/include
[27.914s] -- Installing: /root/ros2_ws/install/limo_base/include/limo_base
[27.914s] -- Installing: /root/ros2_ws/install/limo_base/include/limo_base/limo_protocol.h
[27.914s] -- Installing: /root/ros2_ws/install/limo_base/include/limo_base/limo_driver.h
[27.914s] -- Installing: /root/ros2_ws/install/limo_base/include/limo_base/serial_port.h
[27.914s] -- Installing: /root/ros2_ws/install/limo_base/lib/limo_base/limo_base
[27.922s] -- Set runtime path of "/root/ros2_ws/install/limo_base/lib/limo_base/limo_base" to ""
[27.923s] -- Installing: /root/ros2_ws/install/limo_base/share/limo_base//launch
[27.923s] -- Installing: /root/ros2_ws/install/limo_base/share/limo_base//launch/open_ydlidar_launch.py
[27.923s] -- Installing: /root/ros2_ws/install/limo_base/share/limo_base//launch/limo_base.launch.py
[27.924s] -- Installing: /root/ros2_ws/install/limo_base/share/ament_index/resource_index/package_run_dependencies/limo_base
[27.924s] -- Installing: /root/ros2_ws/install/limo_base/share/ament_index/resource_index/parent_prefix_path/limo_base
[27.924s] -- Installing: /root/ros2_ws/install/limo_base/share/limo_base/environment/ament_prefix_path.sh
[27.925s] -- Installing: /root/ros2_ws/install/limo_base/share/limo_base/environment/ament_prefix_path.dsv
[27.925s] -- Installing: /root/ros2_ws/install/limo_base/share/limo_base/environment/path.sh
[27.925s] -- Installing: /root/ros2_ws/install/limo_base/share/limo_base/environment/path.dsv
[27.925s] -- Installing: /root/ros2_ws/install/limo_base/share/limo_base/local_setup.bash
[27.926s] -- Installing: /root/ros2_ws/install/limo_base/share/limo_base/local_setup.sh
[27.926s] -- Installing: /root/ros2_ws/install/limo_base/share/limo_base/local_setup.zsh
[27.926s] -- Installing: /root/ros2_ws/install/limo_base/share/limo_base/local_setup.dsv
[27.926s] -- Installing: /root/ros2_ws/install/limo_base/share/limo_base/package.dsv
[27.927s] -- Installing: /root/ros2_ws/install/limo_base/share/ament_index/resource_index/packages/limo_base
[27.927s] -- Installing: /root/ros2_ws/install/limo_base/share/limo_base/cmake/ament_cmake_export_include_directories-extras.cmake
[27.927s] -- Installing: /root/ros2_ws/install/limo_base/share/limo_base/cmake/limo_baseConfig.cmake
[27.927s] -- Installing: /root/ros2_ws/install/limo_base/share/limo_base/cmake/limo_baseConfig-version.cmake
[27.928s] -- Installing: /root/ros2_ws/install/limo_base/share/limo_base/package.xml
[27.933s] Invoked command in '/root/ros2_ws/build/limo_base' returned '0': CMAKE_PREFIX_PATH=/root/ros2_ws/install/limo_msgs:/root/ros2_ws/install/ydlidar_ros2_driver:/root/ros2_ws/install/limo_bringup:/root/ros2_ws/install/limo_base:/root/ros2_ws/install/limo_description:/root/ros2_ws/install/voice_control:/opt/ros/humble /usr/bin/cmake --install /root/ros2_ws/build/limo_base
