-- Install configuration: ""
-- Up-to-date: /root/ros2_ws/install/limo_bringup/share/limo_bringup//param
-- Up-to-date: /root/ros2_ws/install/limo_bringup/share/limo_bringup//param/amcl_params.yaml
-- Up-to-date: /root/ros2_ws/install/limo_bringup/share/limo_bringup//param/navigation2.yaml
-- Up-to-date: /root/ros2_ws/install/limo_bringup/share/limo_bringup//param/costmap_global_laser.yaml
-- Up-to-date: /root/ros2_ws/install/limo_bringup/share/limo_bringup//param/ydlidar.yaml
-- Up-to-date: /root/ros2_ws/install/limo_bringup/share/limo_bringup//param/slam_toolbox_online_async.yaml
-- Up-to-date: /root/ros2_ws/install/limo_bringup/share/limo_bringup//param/planner.yaml
-- Up-to-date: /root/ros2_ws/install/limo_bringup/share/limo_bringup//param/costmap_global_static.yaml
-- Up-to-date: /root/ros2_ws/install/limo_bringup/share/limo_bringup//param/costmap_common.yaml
-- Up-to-date: /root/ros2_ws/install/limo_bringup/share/limo_bringup//param/costmap_local.yaml
-- Up-to-date: /root/ros2_ws/install/limo_bringup/share/limo_bringup//param/empty.yaml
-- Installing: /root/ros2_ws/install/limo_bringup/share/limo_bringup//param/slam_toolbox_custom.yaml
-- Up-to-date: /root/ros2_ws/install/limo_bringup/share/limo_bringup//maps
-- Up-to-date: /root/ros2_ws/install/limo_bringup/share/limo_bringup//maps/mymap.yaml
-- Up-to-date: /root/ros2_ws/install/limo_bringup/share/limo_bringup//maps/zhiyuan.yaml
-- Up-to-date: /root/ros2_ws/install/limo_bringup/share/limo_bringup//maps/mymap.pgm
-- Up-to-date: /root/ros2_ws/install/limo_bringup/share/limo_bringup//maps/limo.yaml
-- Up-to-date: /root/ros2_ws/install/limo_bringup/share/limo_bringup//maps/limo.pgm
-- Up-to-date: /root/ros2_ws/install/limo_bringup/share/limo_bringup//maps/zhiyuan.pgm
-- Up-to-date: /root/ros2_ws/install/limo_bringup/share/limo_bringup//config_files
-- Up-to-date: /root/ros2_ws/install/limo_bringup/share/limo_bringup//config_files/demo_2d.rviz
-- Up-to-date: /root/ros2_ws/install/limo_bringup/share/limo_bringup//config_files/limo_lds_2d.lua
-- Up-to-date: /root/ros2_ws/install/limo_bringup/share/limo_bringup//config_files/limon_navigation.rviz
-- Up-to-date: /root/ros2_ws/install/limo_bringup/share/limo_bringup//launch
-- Up-to-date: /root/ros2_ws/install/limo_bringup/share/limo_bringup//launch/navigation2.launch.py
-- Up-to-date: /root/ros2_ws/install/limo_bringup/share/limo_bringup//launch/slam_toolbox.launch.py
-- Up-to-date: /root/ros2_ws/install/limo_bringup/share/limo_bringup//launch/.limo_start.launch.py.swp
-- Up-to-date: /root/ros2_ws/install/limo_bringup/share/limo_bringup//launch/limo_start.launch.py
-- Up-to-date: /root/ros2_ws/install/limo_bringup/share/limo_bringup//rviz
-- Up-to-date: /root/ros2_ws/install/limo_bringup/share/limo_bringup//rviz/mapping.rviz
-- Up-to-date: /root/ros2_ws/install/limo_bringup/share/ament_index/resource_index/package_run_dependencies/limo_bringup
-- Up-to-date: /root/ros2_ws/install/limo_bringup/share/ament_index/resource_index/parent_prefix_path/limo_bringup
-- Up-to-date: /root/ros2_ws/install/limo_bringup/share/limo_bringup/environment/ament_prefix_path.sh
-- Up-to-date: /root/ros2_ws/install/limo_bringup/share/limo_bringup/environment/ament_prefix_path.dsv
-- Up-to-date: /root/ros2_ws/install/limo_bringup/share/limo_bringup/environment/path.sh
-- Up-to-date: /root/ros2_ws/install/limo_bringup/share/limo_bringup/environment/path.dsv
-- Up-to-date: /root/ros2_ws/install/limo_bringup/share/limo_bringup/local_setup.bash
-- Up-to-date: /root/ros2_ws/install/limo_bringup/share/limo_bringup/local_setup.sh
-- Up-to-date: /root/ros2_ws/install/limo_bringup/share/limo_bringup/local_setup.zsh
-- Up-to-date: /root/ros2_ws/install/limo_bringup/share/limo_bringup/local_setup.dsv
-- Installing: /root/ros2_ws/install/limo_bringup/share/limo_bringup/package.dsv
-- Up-to-date: /root/ros2_ws/install/limo_bringup/share/ament_index/resource_index/packages/limo_bringup
-- Up-to-date: /root/ros2_ws/install/limo_bringup/share/limo_bringup/cmake/limo_bringupConfig.cmake
-- Up-to-date: /root/ros2_ws/install/limo_bringup/share/limo_bringup/cmake/limo_bringupConfig-version.cmake
-- Up-to-date: /root/ros2_ws/install/limo_bringup/share/limo_bringup/package.xml
