[0.073s] Invoking command in '/root/ros2_ws/build/limo_description': CMAKE_PREFIX_PATH=/opt/ros/humble /usr/bin/cmake --build /root/ros2_ws/build/limo_description -- -j6 -l6
[0.660s] Invoked command in '/root/ros2_ws/build/limo_description' returned '0': CMAKE_PREFIX_PATH=/opt/ros/humble /usr/bin/cmake --build /root/ros2_ws/build/limo_description -- -j6 -l6
[0.677s] Invoking command in '/root/ros2_ws/build/limo_description': CMAKE_PREFIX_PATH=/opt/ros/humble /usr/bin/cmake --install /root/ros2_ws/build/limo_description
[0.695s] -- Install configuration: ""
[0.695s] -- Up-to-date: /root/ros2_ws/install/limo_description/share/limo_description/launch
[0.695s] -- Up-to-date: /root/ros2_ws/install/limo_description/share/limo_description/launch/display_models_diff.launch.py
[0.696s] -- Up-to-date: /root/ros2_ws/install/limo_description/share/limo_description/launch/gazebo_models_diff.launch.py
[0.696s] -- Up-to-date: /root/ros2_ws/install/limo_description/share/limo_description/meshes
[0.696s] -- Up-to-date: /root/ros2_ws/install/limo_description/share/limo_description/meshes/limo_wheel.stl
[0.696s] -- Up-to-date: /root/ros2_ws/install/limo_description/share/limo_description/meshes/limo_wheel.dae
[0.696s] -- Up-to-date: /root/ros2_ws/install/limo_description/share/limo_description/meshes/limo_base.stl
[0.697s] -- Up-to-date: /root/ros2_ws/install/limo_description/share/limo_description/meshes/limo_base.dae
[0.697s] -- Up-to-date: /root/ros2_ws/install/limo_description/share/limo_description/rviz
[0.697s] -- Up-to-date: /root/ros2_ws/install/limo_description/share/limo_description/rviz/model_display.rviz
[0.697s] -- Up-to-date: /root/ros2_ws/install/limo_description/share/limo_description/rviz/urdf.rviz
[0.697s] -- Up-to-date: /root/ros2_ws/install/limo_description/share/limo_description/urdf
[0.698s] -- Up-to-date: /root/ros2_ws/install/limo_description/share/limo_description/urdf/limo_xacro.xacro
[0.698s] -- Up-to-date: /root/ros2_ws/install/limo_description/share/limo_description/urdf/limo_four_diff.gazebo
[0.698s] -- Up-to-date: /root/ros2_ws/install/limo_description/share/limo_description/urdf/limo_gazebo.gazebo
[0.698s] -- Up-to-date: /root/ros2_ws/install/limo_description/share/limo_description/urdf/limo_steering_hinge.xacro
[0.698s] -- Up-to-date: /root/ros2_ws/install/limo_description/share/limo_description/urdf/limo_ackerman.gazebo
[0.698s] -- Up-to-date: /root/ros2_ws/install/limo_description/share/limo_description/urdf/limo_four_diff_2.gazebo
[0.698s] -- Up-to-date: /root/ros2_ws/install/limo_description/share/limo_description/urdf/limo_four_diff.xacro
[0.698s] -- Up-to-date: /root/ros2_ws/install/limo_description/share/limo_description/urdf/limo_ackerman.xacro
[0.698s] -- Up-to-date: /root/ros2_ws/install/limo_description/share/ament_index/resource_index/package_run_dependencies/limo_description
[0.699s] -- Up-to-date: /root/ros2_ws/install/limo_description/share/ament_index/resource_index/parent_prefix_path/limo_description
[0.699s] -- Up-to-date: /root/ros2_ws/install/limo_description/share/limo_description/environment/ament_prefix_path.sh
[0.699s] -- Up-to-date: /root/ros2_ws/install/limo_description/share/limo_description/environment/ament_prefix_path.dsv
[0.699s] -- Up-to-date: /root/ros2_ws/install/limo_description/share/limo_description/environment/path.sh
[0.699s] -- Up-to-date: /root/ros2_ws/install/limo_description/share/limo_description/environment/path.dsv
[0.699s] -- Up-to-date: /root/ros2_ws/install/limo_description/share/limo_description/local_setup.bash
[0.699s] -- Up-to-date: /root/ros2_ws/install/limo_description/share/limo_description/local_setup.sh
[0.700s] -- Up-to-date: /root/ros2_ws/install/limo_description/share/limo_description/local_setup.zsh
[0.700s] -- Up-to-date: /root/ros2_ws/install/limo_description/share/limo_description/local_setup.dsv
[0.700s] -- Up-to-date: /root/ros2_ws/install/limo_description/share/limo_description/package.dsv
[0.700s] -- Up-to-date: /root/ros2_ws/install/limo_description/share/ament_index/resource_index/packages/limo_description
[0.700s] -- Up-to-date: /root/ros2_ws/install/limo_description/share/limo_description/cmake/limo_descriptionConfig.cmake
[0.700s] -- Up-to-date: /root/ros2_ws/install/limo_description/share/limo_description/cmake/limo_descriptionConfig-version.cmake
[0.701s] -- Up-to-date: /root/ros2_ws/install/limo_description/share/limo_description/package.xml
[0.703s] Invoked command in '/root/ros2_ws/build/limo_description' returned '0': CMAKE_PREFIX_PATH=/opt/ros/humble /usr/bin/cmake --install /root/ros2_ws/build/limo_description
