[0.074s] Invoking command in '/root/ros2_ws/build/limo_description': CMAKE_PREFIX_PATH=${CMAKE_PREFIX_PATH}:/root/ros2_ws/install/voice_control:/opt/ros/humble /usr/bin/cmake /root/ros2_ws/src/limo_ros2/limo_description -DCMAKE_INSTALL_PREFIX=/root/ros2_ws/install/limo_description
[0.654s] -- The C compiler identification is GNU 11.4.0
[0.655s] -- The CXX compiler identification is GNU 11.4.0
[0.656s] -- Detecting C compiler ABI info
[0.657s] -- Detecting C compiler ABI info - done
[0.658s] -- Check for working C compiler: /usr/bin/cc - skipped
[0.659s] -- Detecting C compile features
[0.659s] -- Detecting C compile features - done
[0.660s] -- Detecting CXX compiler ABI info
[0.757s] -- Detecting CXX compiler ABI info - done
[0.770s] -- Check for working CXX compiler: /usr/bin/c++ - skipped
[0.771s] -- Detecting CXX compile features
[0.772s] -- Detecting CXX compile features - done
[0.779s] -- Found ament_cmake: 1.3.13 (/opt/ros/humble/share/ament_cmake/cmake)
[1.139s] -- Found Python3: /usr/bin/python3 (found version "3.10.12") found components: Interpreter 
[1.396s] -- Found ament_lint_auto: 0.12.15 (/opt/ros/humble/share/ament_lint_auto/cmake)
[1.608s] -- Added test 'copyright' to check source files copyright and LICENSE
[1.614s] -- Added test 'flake8' to check Python code syntax and style conventions
[1.616s] -- Added test 'lint_cmake' to check CMake code style
[1.617s] -- Added test 'pep257' to check Python code against some of the docstring style conventions in PEP 257
[1.621s] -- Added test 'xmllint' to check XML markup files
[1.624s] -- Configuring done
[1.632s] -- Generating done
[1.635s] -- Build files have been written to: /root/ros2_ws/build/limo_description
[1.648s] Invoked command in '/root/ros2_ws/build/limo_description' returned '0': CMAKE_PREFIX_PATH=${CMAKE_PREFIX_PATH}:/root/ros2_ws/install/voice_control:/opt/ros/humble /usr/bin/cmake /root/ros2_ws/src/limo_ros2/limo_description -DCMAKE_INSTALL_PREFIX=/root/ros2_ws/install/limo_description
[1.652s] Invoking command in '/root/ros2_ws/build/limo_description': CMAKE_PREFIX_PATH=${CMAKE_PREFIX_PATH}:/root/ros2_ws/install/voice_control:/opt/ros/humble /usr/bin/cmake --build /root/ros2_ws/build/limo_description -- -j6 -l6
[1.735s] Invoked command in '/root/ros2_ws/build/limo_description' returned '0': CMAKE_PREFIX_PATH=${CMAKE_PREFIX_PATH}:/root/ros2_ws/install/voice_control:/opt/ros/humble /usr/bin/cmake --build /root/ros2_ws/build/limo_description -- -j6 -l6
[1.757s] Invoking command in '/root/ros2_ws/build/limo_description': CMAKE_PREFIX_PATH=${CMAKE_PREFIX_PATH}:/root/ros2_ws/install/voice_control:/opt/ros/humble /usr/bin/cmake --install /root/ros2_ws/build/limo_description
[1.774s] -- Install configuration: ""
[1.774s] -- Installing: /root/ros2_ws/install/limo_description/share/limo_description/launch
[1.774s] -- Installing: /root/ros2_ws/install/limo_description/share/limo_description/launch/display_models_diff.launch.py
[1.775s] -- Installing: /root/ros2_ws/install/limo_description/share/limo_description/launch/gazebo_models_diff.launch.py
[1.775s] -- Installing: /root/ros2_ws/install/limo_description/share/limo_description/meshes
[1.775s] -- Installing: /root/ros2_ws/install/limo_description/share/limo_description/meshes/limo_wheel.stl
[1.797s] -- Installing: /root/ros2_ws/install/limo_description/share/limo_description/meshes/limo_wheel.dae
[1.828s] -- Installing: /root/ros2_ws/install/limo_description/share/limo_description/meshes/limo_base.stl
[1.924s] -- Installing: /root/ros2_ws/install/limo_description/share/limo_description/meshes/limo_base.dae
[2.055s] -- Installing: /root/ros2_ws/install/limo_description/share/limo_description/rviz
[2.055s] -- Installing: /root/ros2_ws/install/limo_description/share/limo_description/rviz/model_display.rviz
[2.057s] -- Installing: /root/ros2_ws/install/limo_description/share/limo_description/rviz/urdf.rviz
[2.058s] -- Installing: /root/ros2_ws/install/limo_description/share/limo_description/urdf
[2.058s] -- Installing: /root/ros2_ws/install/limo_description/share/limo_description/urdf/limo_xacro.xacro
[2.059s] -- Installing: /root/ros2_ws/install/limo_description/share/limo_description/urdf/limo_four_diff.gazebo
[2.059s] -- Installing: /root/ros2_ws/install/limo_description/share/limo_description/urdf/limo_gazebo.gazebo
[2.060s] -- Installing: /root/ros2_ws/install/limo_description/share/limo_description/urdf/limo_steering_hinge.xacro
[2.060s] -- Installing: /root/ros2_ws/install/limo_description/share/limo_description/urdf/limo_ackerman.gazebo
[2.060s] -- Installing: /root/ros2_ws/install/limo_description/share/limo_description/urdf/limo_four_diff_2.gazebo
[2.061s] -- Installing: /root/ros2_ws/install/limo_description/share/limo_description/urdf/limo_four_diff.xacro
[2.061s] -- Installing: /root/ros2_ws/install/limo_description/share/limo_description/urdf/limo_ackerman.xacro
[2.062s] -- Installing: /root/ros2_ws/install/limo_description/share/ament_index/resource_index/package_run_dependencies/limo_description
[2.063s] -- Installing: /root/ros2_ws/install/limo_description/share/ament_index/resource_index/parent_prefix_path/limo_description
[2.064s] -- Installing: /root/ros2_ws/install/limo_description/share/limo_description/environment/ament_prefix_path.sh
[2.065s] -- Installing: /root/ros2_ws/install/limo_description/share/limo_description/environment/ament_prefix_path.dsv
[2.065s] -- Installing: /root/ros2_ws/install/limo_description/share/limo_description/environment/path.sh
[2.065s] -- Installing: /root/ros2_ws/install/limo_description/share/limo_description/environment/path.dsv
[2.065s] -- Installing: /root/ros2_ws/install/limo_description/share/limo_description/local_setup.bash
[2.066s] -- Installing: /root/ros2_ws/install/limo_description/share/limo_description/local_setup.sh
[2.066s] -- Installing: /root/ros2_ws/install/limo_description/share/limo_description/local_setup.zsh
[2.066s] -- Installing: /root/ros2_ws/install/limo_description/share/limo_description/local_setup.dsv
[2.067s] -- Installing: /root/ros2_ws/install/limo_description/share/limo_description/package.dsv
[2.067s] -- Installing: /root/ros2_ws/install/limo_description/share/ament_index/resource_index/packages/limo_description
[2.067s] -- Installing: /root/ros2_ws/install/limo_description/share/limo_description/cmake/limo_descriptionConfig.cmake
[2.068s] -- Installing: /root/ros2_ws/install/limo_description/share/limo_description/cmake/limo_descriptionConfig-version.cmake
[2.068s] -- Installing: /root/ros2_ws/install/limo_description/share/limo_description/package.xml
[2.086s] Invoked command in '/root/ros2_ws/build/limo_description' returned '0': CMAKE_PREFIX_PATH=${CMAKE_PREFIX_PATH}:/root/ros2_ws/install/voice_control:/opt/ros/humble /usr/bin/cmake --install /root/ros2_ws/build/limo_description
