[0.031s] Invoking command in '/root/ros2_ws/build/limo_bringup': CMAKE_PREFIX_PATH=/root/ros2_ws/install/limo_msgs:/root/ros2_ws/install/ydlidar_ros2_driver:/root/ros2_ws/install/limo_bringup:/root/ros2_ws/install/limo_base:/root/ros2_ws/install/limo_description:/root/ros2_ws/install/voice_control:/opt/ros/humble /usr/bin/cmake /root/ros2_ws/src/limo_ros2/limo_bringup -DCMAKE_INSTALL_PREFIX=/root/ros2_ws/install/limo_bringup
[0.147s] -- The C compiler identification is GNU 11.4.0
[0.263s] -- The CXX compiler identification is GNU 11.4.0
[0.276s] -- Detecting C compiler ABI info
[0.419s] -- Detecting C compiler ABI info - done
[0.440s] -- Check for working C compiler: /usr/bin/cc - skipped
[0.441s] -- Detecting C compile features
[0.442s] -- Detecting C compile features - done
[0.452s] -- Detecting CXX compiler ABI info
[0.636s] -- Detecting CXX compiler ABI info - done
[0.652s] -- Check for working CXX compiler: /usr/bin/c++ - skipped
[0.652s] -- Detecting CXX compile features
[0.653s] -- Detecting CXX compile features - done
[0.661s] -- Found ament_cmake: 1.3.13 (/opt/ros/humble/share/ament_cmake/cmake)
[1.034s] -- Found Python3: /usr/bin/python3 (found version "3.10.12") found components: Interpreter 
[1.442s] -- Configuring done
[1.448s] -- Generating done
[1.451s] -- Build files have been written to: /root/ros2_ws/build/limo_bringup
[1.463s] Invoked command in '/root/ros2_ws/build/limo_bringup' returned '0': CMAKE_PREFIX_PATH=/root/ros2_ws/install/limo_msgs:/root/ros2_ws/install/ydlidar_ros2_driver:/root/ros2_ws/install/limo_bringup:/root/ros2_ws/install/limo_base:/root/ros2_ws/install/limo_description:/root/ros2_ws/install/voice_control:/opt/ros/humble /usr/bin/cmake /root/ros2_ws/src/limo_ros2/limo_bringup -DCMAKE_INSTALL_PREFIX=/root/ros2_ws/install/limo_bringup
[1.464s] Invoking command in '/root/ros2_ws/build/limo_bringup': CMAKE_PREFIX_PATH=/root/ros2_ws/install/limo_msgs:/root/ros2_ws/install/ydlidar_ros2_driver:/root/ros2_ws/install/limo_bringup:/root/ros2_ws/install/limo_base:/root/ros2_ws/install/limo_description:/root/ros2_ws/install/voice_control:/opt/ros/humble /usr/bin/cmake --build /root/ros2_ws/build/limo_bringup -- -j6 -l6
[1.556s] Invoked command in '/root/ros2_ws/build/limo_bringup' returned '0': CMAKE_PREFIX_PATH=/root/ros2_ws/install/limo_msgs:/root/ros2_ws/install/ydlidar_ros2_driver:/root/ros2_ws/install/limo_bringup:/root/ros2_ws/install/limo_base:/root/ros2_ws/install/limo_description:/root/ros2_ws/install/voice_control:/opt/ros/humble /usr/bin/cmake --build /root/ros2_ws/build/limo_bringup -- -j6 -l6
[1.560s] Invoking command in '/root/ros2_ws/build/limo_bringup': CMAKE_PREFIX_PATH=/root/ros2_ws/install/limo_msgs:/root/ros2_ws/install/ydlidar_ros2_driver:/root/ros2_ws/install/limo_bringup:/root/ros2_ws/install/limo_base:/root/ros2_ws/install/limo_description:/root/ros2_ws/install/voice_control:/opt/ros/humble /usr/bin/cmake --install /root/ros2_ws/build/limo_bringup
[1.581s] -- Install configuration: ""
[1.581s] -- Installing: /root/ros2_ws/install/limo_bringup/share/limo_bringup//param
[1.581s] -- Installing: /root/ros2_ws/install/limo_bringup/share/limo_bringup//param/amcl_params.yaml
[1.581s] -- Installing: /root/ros2_ws/install/limo_bringup/share/limo_bringup//param/navigation2.yaml
[1.582s] -- Installing: /root/ros2_ws/install/limo_bringup/share/limo_bringup//param/costmap_global_laser.yaml
[1.582s] -- Installing: /root/ros2_ws/install/limo_bringup/share/limo_bringup//param/ydlidar.yaml
[1.583s] -- Installing: /root/ros2_ws/install/limo_bringup/share/limo_bringup//param/slam_toolbox_online_async.yaml
[1.583s] -- Installing: /root/ros2_ws/install/limo_bringup/share/limo_bringup//param/planner.yaml
[1.583s] -- Installing: /root/ros2_ws/install/limo_bringup/share/limo_bringup//param/costmap_global_static.yaml
[1.583s] -- Installing: /root/ros2_ws/install/limo_bringup/share/limo_bringup//param/costmap_common.yaml
[1.584s] -- Installing: /root/ros2_ws/install/limo_bringup/share/limo_bringup//param/costmap_local.yaml
[1.584s] -- Installing: /root/ros2_ws/install/limo_bringup/share/limo_bringup//param/empty.yaml
[1.584s] -- Installing: /root/ros2_ws/install/limo_bringup/share/limo_bringup//maps
[1.584s] -- Installing: /root/ros2_ws/install/limo_bringup/share/limo_bringup//maps/mymap.yaml
[1.585s] -- Installing: /root/ros2_ws/install/limo_bringup/share/limo_bringup//maps/zhiyuan.yaml
[1.585s] -- Installing: /root/ros2_ws/install/limo_bringup/share/limo_bringup//maps/mymap.pgm
[1.585s] -- Installing: /root/ros2_ws/install/limo_bringup/share/limo_bringup//maps/limo.yaml
[1.586s] -- Installing: /root/ros2_ws/install/limo_bringup/share/limo_bringup//maps/limo.pgm
[1.586s] -- Installing: /root/ros2_ws/install/limo_bringup/share/limo_bringup//maps/zhiyuan.pgm
[1.587s] -- Installing: /root/ros2_ws/install/limo_bringup/share/limo_bringup//config_files
[1.588s] -- Installing: /root/ros2_ws/install/limo_bringup/share/limo_bringup//config_files/demo_2d.rviz
[1.588s] -- Installing: /root/ros2_ws/install/limo_bringup/share/limo_bringup//config_files/limo_lds_2d.lua
[1.588s] -- Installing: /root/ros2_ws/install/limo_bringup/share/limo_bringup//config_files/limon_navigation.rviz
[1.588s] -- Installing: /root/ros2_ws/install/limo_bringup/share/limo_bringup//launch
[1.589s] -- Installing: /root/ros2_ws/install/limo_bringup/share/limo_bringup//launch/navigation2.launch.py
[1.589s] -- Installing: /root/ros2_ws/install/limo_bringup/share/limo_bringup//launch/slam_toolbox.launch.py
[1.589s] -- Installing: /root/ros2_ws/install/limo_bringup/share/limo_bringup//launch/.limo_start.launch.py.swp
[1.590s] -- Installing: /root/ros2_ws/install/limo_bringup/share/limo_bringup//launch/limo_start.launch.py
[1.590s] -- Installing: /root/ros2_ws/install/limo_bringup/share/limo_bringup//rviz
[1.590s] -- Installing: /root/ros2_ws/install/limo_bringup/share/limo_bringup//rviz/mapping.rviz
[1.591s] -- Installing: /root/ros2_ws/install/limo_bringup/share/ament_index/resource_index/package_run_dependencies/limo_bringup
[1.592s] -- Installing: /root/ros2_ws/install/limo_bringup/share/ament_index/resource_index/parent_prefix_path/limo_bringup
[1.592s] -- Installing: /root/ros2_ws/install/limo_bringup/share/limo_bringup/environment/ament_prefix_path.sh
[1.592s] -- Installing: /root/ros2_ws/install/limo_bringup/share/limo_bringup/environment/ament_prefix_path.dsv
[1.593s] -- Installing: /root/ros2_ws/install/limo_bringup/share/limo_bringup/environment/path.sh
[1.593s] -- Installing: /root/ros2_ws/install/limo_bringup/share/limo_bringup/environment/path.dsv
[1.593s] -- Installing: /root/ros2_ws/install/limo_bringup/share/limo_bringup/local_setup.bash
[1.593s] -- Installing: /root/ros2_ws/install/limo_bringup/share/limo_bringup/local_setup.sh
[1.594s] -- Installing: /root/ros2_ws/install/limo_bringup/share/limo_bringup/local_setup.zsh
[1.594s] -- Installing: /root/ros2_ws/install/limo_bringup/share/limo_bringup/local_setup.dsv
[1.594s] -- Installing: /root/ros2_ws/install/limo_bringup/share/limo_bringup/package.dsv
[1.595s] -- Installing: /root/ros2_ws/install/limo_bringup/share/ament_index/resource_index/packages/limo_bringup
[1.595s] -- Installing: /root/ros2_ws/install/limo_bringup/share/limo_bringup/cmake/limo_bringupConfig.cmake
[1.595s] -- Installing: /root/ros2_ws/install/limo_bringup/share/limo_bringup/cmake/limo_bringupConfig-version.cmake
[1.595s] -- Installing: /root/ros2_ws/install/limo_bringup/share/limo_bringup/package.xml
[1.602s] Invoked command in '/root/ros2_ws/build/limo_bringup' returned '0': CMAKE_PREFIX_PATH=/root/ros2_ws/install/limo_msgs:/root/ros2_ws/install/ydlidar_ros2_driver:/root/ros2_ws/install/limo_bringup:/root/ros2_ws/install/limo_base:/root/ros2_ws/install/limo_description:/root/ros2_ws/install/voice_control:/opt/ros/humble /usr/bin/cmake --install /root/ros2_ws/build/limo_bringup
