[1.390s] Invoking command in '/root/ros2_ws/src/limo_ros2/voice_control': PYTHONPATH=/root/ros2_ws/build/voice_control/prefix_override:/usr/lib/python3/dist-packages/colcon_core/task/python/colcon_distutils_commands:/root/ros2_ws/install/voice_control/lib/python3.10/site-packages:${PYTHONPATH} /usr/bin/python3 -W ignore:setup.py install is deprecated -W ignore:easy_install command is deprecated setup.py egg_info --egg-base ../../../build/voice_control build --build-base /root/ros2_ws/build/voice_control/build install --record /root/ros2_ws/build/voice_control/install.log --install-scripts $base/lib/voice_control --single-version-externally-managed install_data
[1.837s] /usr/lib/python3/dist-packages/setuptools/dist.py:723: UserWarning: Usage of dash-separated 'script-dir' will not be supported in future versions. Please use the underscore name 'script_dir' instead
[1.837s]   warnings.warn(
[1.854s] running egg_info
[1.855s] writing ../../../build/voice_control/voice_control.egg-info/PKG-INFO
[1.856s] writing dependency_links to ../../../build/voice_control/voice_control.egg-info/dependency_links.txt
[1.856s] writing entry points to ../../../build/voice_control/voice_control.egg-info/entry_points.txt
[1.857s] writing requirements to ../../../build/voice_control/voice_control.egg-info/requires.txt
[1.857s] writing top-level names to ../../../build/voice_control/voice_control.egg-info/top_level.txt
[1.861s] reading manifest file '../../../build/voice_control/voice_control.egg-info/SOURCES.txt'
[1.862s] writing manifest file '../../../build/voice_control/voice_control.egg-info/SOURCES.txt'
[1.863s] running build
[1.863s] running build_py
[1.865s] running install
[1.865s] running install_lib
[1.869s] running install_data
[1.869s] running install_egg_info
[1.874s] removing '/root/ros2_ws/install/voice_control/lib/python3.10/site-packages/voice_control-0.0.0-py3.10.egg-info' (and everything under it)
[1.875s] Copying ../../../build/voice_control/voice_control.egg-info to /root/ros2_ws/install/voice_control/lib/python3.10/site-packages/voice_control-0.0.0-py3.10.egg-info
[1.876s] running install_scripts
[1.919s] Installing voice_control script to /root/ros2_ws/install/voice_control/lib/voice_control
[1.920s] writing list of installed files to '/root/ros2_ws/build/voice_control/install.log'
[1.992s] Invoked command in '/root/ros2_ws/src/limo_ros2/voice_control' returned '0': PYTHONPATH=/root/ros2_ws/build/voice_control/prefix_override:/usr/lib/python3/dist-packages/colcon_core/task/python/colcon_distutils_commands:/root/ros2_ws/install/voice_control/lib/python3.10/site-packages:${PYTHONPATH} /usr/bin/python3 -W ignore:setup.py install is deprecated -W ignore:easy_install command is deprecated setup.py egg_info --egg-base ../../../build/voice_control build --build-base /root/ros2_ws/build/voice_control/build install --record /root/ros2_ws/build/voice_control/install.log --install-scripts $base/lib/voice_control --single-version-externally-managed install_data
