[0.274s] DEBUG:colcon:Command line arguments: ['/usr/bin/colcon', 'build']
[0.275s] DEBUG:colcon:Parsed command line arguments: Namespace(log_base=None, log_level=None, verb_name='build', build_base='build', install_base='install', merge_install=False, symlink_install=False, test_result_base=None, continue_on_error=False, executor='parallel', parallel_workers=6, event_handlers=None, ignore_user_meta=False, metas=['./colcon.meta'], base_paths=['.'], packages_ignore=None, packages_ignore_regex=None, paths=None, packages_up_to=None, packages_up_to_regex=None, packages_above=None, packages_above_and_dependencies=None, packages_above_depth=None, packages_select_by_dep=None, packages_skip_by_dep=None, packages_skip_up_to=None, packages_select_build_failed=False, packages_skip_build_finished=False, packages_select_test_failures=False, packages_skip_test_passed=False, packages_select=None, packages_skip=None, packages_select_regex=None, packages_skip_regex=None, packages_start=None, packages_end=None, cmake_args=None, cmake_target=None, cmake_target_skip_unavailable=False, cmake_clean_cache=False, cmake_clean_first=False, cmake_force_configure=False, ament_cmake_args=None, catkin_cmake_args=None, catkin_skip_building_tests=False, mixin_files=None, mixin=None, verb_parser=<colcon_mixin.mixin.mixin_argument.MixinArgumentDecorator object at 0xffff8426bcd0>, verb_extension=<colcon_core.verb.build.BuildVerb object at 0xffff8426b820>, main=<bound method BuildVerb.main of <colcon_core.verb.build.BuildVerb object at 0xffff8426b820>>, mixin_verb=('build',))
[0.602s] Level 1:colcon.colcon_core.package_discovery:discover_packages(colcon_meta) check parameters
[0.604s] INFO:colcon.colcon_metadata.package_discovery.colcon_meta:Using configuration from '/root/.colcon/metadata/default/Gazebo.meta'
[0.605s] INFO:colcon.colcon_metadata.package_discovery.colcon_meta:Using configuration from '/root/.colcon/metadata/default/fastdds.meta'
[0.606s] INFO:colcon.colcon_metadata.package_discovery.colcon_meta:Using configuration from '/root/.colcon/metadata/default/fastrtps.meta'
[0.606s] Level 1:colcon.colcon_core.package_discovery:discover_packages(recursive) check parameters
[0.606s] Level 1:colcon.colcon_core.package_discovery:discover_packages(ignore) check parameters
[0.606s] Level 1:colcon.colcon_core.package_discovery:discover_packages(path) check parameters
[0.606s] Level 1:colcon.colcon_core.package_discovery:discover_packages(colcon_meta) discover
[0.606s] Level 1:colcon.colcon_core.package_discovery:discover_packages(recursive) discover
[0.607s] INFO:colcon.colcon_core.package_discovery:Crawling recursively for packages in '/root/ros2_ws'
[0.607s] Level 1:colcon.colcon_core.package_identification:_identify(.) by extensions ['ignore', 'ignore_ament_install']
[0.607s] Level 1:colcon.colcon_core.package_identification:_identify(.) by extension 'ignore'
[0.607s] Level 1:colcon.colcon_core.package_identification:_identify(.) by extension 'ignore_ament_install'
[0.607s] Level 1:colcon.colcon_core.package_identification:_identify(.) by extensions ['colcon_pkg']
[0.607s] Level 1:colcon.colcon_core.package_identification:_identify(.) by extension 'colcon_pkg'
[0.607s] Level 1:colcon.colcon_core.package_identification:_identify(.) by extensions ['colcon_meta']
[0.607s] Level 1:colcon.colcon_core.package_identification:_identify(.) by extension 'colcon_meta'
[0.608s] Level 1:colcon.colcon_core.package_identification:_identify(.) by extensions ['ros']
[0.608s] Level 1:colcon.colcon_core.package_identification:_identify(.) by extension 'ros'
[0.632s] Level 1:colcon.colcon_core.package_identification:_identify(.) by extensions ['cmake', 'python']
[0.632s] Level 1:colcon.colcon_core.package_identification:_identify(.) by extension 'cmake'
[0.632s] Level 1:colcon.colcon_core.package_identification:_identify(.) by extension 'python'
[0.632s] Level 1:colcon.colcon_core.package_identification:_identify(.) by extensions ['python_setup_py']
[0.632s] Level 1:colcon.colcon_core.package_identification:_identify(.) by extension 'python_setup_py'
[0.633s] Level 1:colcon.colcon_core.package_identification:_identify(build) by extensions ['ignore', 'ignore_ament_install']
[0.633s] Level 1:colcon.colcon_core.package_identification:_identify(build) by extension 'ignore'
[0.633s] Level 1:colcon.colcon_core.package_identification:_identify(build) ignored
[0.633s] Level 1:colcon.colcon_core.package_identification:_identify(install) by extensions ['ignore', 'ignore_ament_install']
[0.634s] Level 1:colcon.colcon_core.package_identification:_identify(install) by extension 'ignore'
[0.634s] Level 1:colcon.colcon_core.package_identification:_identify(install) ignored
[0.634s] Level 1:colcon.colcon_core.package_identification:_identify(log) by extensions ['ignore', 'ignore_ament_install']
[0.634s] Level 1:colcon.colcon_core.package_identification:_identify(log) by extension 'ignore'
[0.634s] Level 1:colcon.colcon_core.package_identification:_identify(log) ignored
[0.634s] Level 1:colcon.colcon_core.package_identification:_identify(src) by extensions ['ignore', 'ignore_ament_install']
[0.634s] Level 1:colcon.colcon_core.package_identification:_identify(src) by extension 'ignore'
[0.635s] Level 1:colcon.colcon_core.package_identification:_identify(src) by extension 'ignore_ament_install'
[0.635s] Level 1:colcon.colcon_core.package_identification:_identify(src) by extensions ['colcon_pkg']
[0.635s] Level 1:colcon.colcon_core.package_identification:_identify(src) by extension 'colcon_pkg'
[0.635s] Level 1:colcon.colcon_core.package_identification:_identify(src) by extensions ['colcon_meta']
[0.635s] Level 1:colcon.colcon_core.package_identification:_identify(src) by extension 'colcon_meta'
[0.635s] Level 1:colcon.colcon_core.package_identification:_identify(src) by extensions ['ros']
[0.635s] Level 1:colcon.colcon_core.package_identification:_identify(src) by extension 'ros'
[0.635s] Level 1:colcon.colcon_core.package_identification:_identify(src) by extensions ['cmake', 'python']
[0.635s] Level 1:colcon.colcon_core.package_identification:_identify(src) by extension 'cmake'
[0.635s] Level 1:colcon.colcon_core.package_identification:_identify(src) by extension 'python'
[0.635s] Level 1:colcon.colcon_core.package_identification:_identify(src) by extensions ['python_setup_py']
[0.636s] Level 1:colcon.colcon_core.package_identification:_identify(src) by extension 'python_setup_py'
[0.636s] Level 1:colcon.colcon_core.package_identification:_identify(src/limo_ros2) by extensions ['ignore', 'ignore_ament_install']
[0.636s] Level 1:colcon.colcon_core.package_identification:_identify(src/limo_ros2) by extension 'ignore'
[0.636s] Level 1:colcon.colcon_core.package_identification:_identify(src/limo_ros2) by extension 'ignore_ament_install'
[0.636s] Level 1:colcon.colcon_core.package_identification:_identify(src/limo_ros2) by extensions ['colcon_pkg']
[0.636s] Level 1:colcon.colcon_core.package_identification:_identify(src/limo_ros2) by extension 'colcon_pkg'
[0.636s] Level 1:colcon.colcon_core.package_identification:_identify(src/limo_ros2) by extensions ['colcon_meta']
[0.636s] Level 1:colcon.colcon_core.package_identification:_identify(src/limo_ros2) by extension 'colcon_meta'
[0.636s] Level 1:colcon.colcon_core.package_identification:_identify(src/limo_ros2) by extensions ['ros']
[0.637s] Level 1:colcon.colcon_core.package_identification:_identify(src/limo_ros2) by extension 'ros'
[0.637s] Level 1:colcon.colcon_core.package_identification:_identify(src/limo_ros2) by extensions ['cmake', 'python']
[0.637s] Level 1:colcon.colcon_core.package_identification:_identify(src/limo_ros2) by extension 'cmake'
[0.637s] Level 1:colcon.colcon_core.package_identification:_identify(src/limo_ros2) by extension 'python'
[0.637s] Level 1:colcon.colcon_core.package_identification:_identify(src/limo_ros2) by extensions ['python_setup_py']
[0.637s] Level 1:colcon.colcon_core.package_identification:_identify(src/limo_ros2) by extension 'python_setup_py'
[0.637s] Level 1:colcon.colcon_core.package_identification:_identify(src/limo_ros2/docs) by extensions ['ignore', 'ignore_ament_install']
[0.637s] Level 1:colcon.colcon_core.package_identification:_identify(src/limo_ros2/docs) by extension 'ignore'
[0.637s] Level 1:colcon.colcon_core.package_identification:_identify(src/limo_ros2/docs) by extension 'ignore_ament_install'
[0.638s] Level 1:colcon.colcon_core.package_identification:_identify(src/limo_ros2/docs) by extensions ['colcon_pkg']
[0.638s] Level 1:colcon.colcon_core.package_identification:_identify(src/limo_ros2/docs) by extension 'colcon_pkg'
[0.638s] Level 1:colcon.colcon_core.package_identification:_identify(src/limo_ros2/docs) by extensions ['colcon_meta']
[0.638s] Level 1:colcon.colcon_core.package_identification:_identify(src/limo_ros2/docs) by extension 'colcon_meta'
[0.638s] Level 1:colcon.colcon_core.package_identification:_identify(src/limo_ros2/docs) by extensions ['ros']
[0.638s] Level 1:colcon.colcon_core.package_identification:_identify(src/limo_ros2/docs) by extension 'ros'
[0.638s] Level 1:colcon.colcon_core.package_identification:_identify(src/limo_ros2/docs) by extensions ['cmake', 'python']
[0.638s] Level 1:colcon.colcon_core.package_identification:_identify(src/limo_ros2/docs) by extension 'cmake'
[0.638s] Level 1:colcon.colcon_core.package_identification:_identify(src/limo_ros2/docs) by extension 'python'
[0.638s] Level 1:colcon.colcon_core.package_identification:_identify(src/limo_ros2/docs) by extensions ['python_setup_py']
[0.638s] Level 1:colcon.colcon_core.package_identification:_identify(src/limo_ros2/docs) by extension 'python_setup_py'
[0.639s] Level 1:colcon.colcon_core.package_identification:_identify(src/limo_ros2/limo_base) by extensions ['ignore', 'ignore_ament_install']
[0.639s] Level 1:colcon.colcon_core.package_identification:_identify(src/limo_ros2/limo_base) by extension 'ignore'
[0.639s] Level 1:colcon.colcon_core.package_identification:_identify(src/limo_ros2/limo_base) by extension 'ignore_ament_install'
[0.639s] Level 1:colcon.colcon_core.package_identification:_identify(src/limo_ros2/limo_base) by extensions ['colcon_pkg']
[0.639s] Level 1:colcon.colcon_core.package_identification:_identify(src/limo_ros2/limo_base) by extension 'colcon_pkg'
[0.639s] Level 1:colcon.colcon_core.package_identification:_identify(src/limo_ros2/limo_base) by extensions ['colcon_meta']
[0.639s] Level 1:colcon.colcon_core.package_identification:_identify(src/limo_ros2/limo_base) by extension 'colcon_meta'
[0.639s] Level 1:colcon.colcon_core.package_identification:_identify(src/limo_ros2/limo_base) by extensions ['ros']
[0.639s] Level 1:colcon.colcon_core.package_identification:_identify(src/limo_ros2/limo_base) by extension 'ros'
[0.645s] DEBUG:colcon.colcon_core.package_identification:Package 'src/limo_ros2/limo_base' with type 'ros.ament_cmake' and name 'limo_base'
[0.645s] Level 1:colcon.colcon_core.package_identification:_identify(src/limo_ros2/limo_bringup) by extensions ['ignore', 'ignore_ament_install']
[0.645s] Level 1:colcon.colcon_core.package_identification:_identify(src/limo_ros2/limo_bringup) by extension 'ignore'
[0.646s] Level 1:colcon.colcon_core.package_identification:_identify(src/limo_ros2/limo_bringup) by extension 'ignore_ament_install'
[0.646s] Level 1:colcon.colcon_core.package_identification:_identify(src/limo_ros2/limo_bringup) by extensions ['colcon_pkg']
[0.646s] Level 1:colcon.colcon_core.package_identification:_identify(src/limo_ros2/limo_bringup) by extension 'colcon_pkg'
[0.646s] Level 1:colcon.colcon_core.package_identification:_identify(src/limo_ros2/limo_bringup) by extensions ['colcon_meta']
[0.646s] Level 1:colcon.colcon_core.package_identification:_identify(src/limo_ros2/limo_bringup) by extension 'colcon_meta'
[0.646s] Level 1:colcon.colcon_core.package_identification:_identify(src/limo_ros2/limo_bringup) by extensions ['ros']
[0.646s] Level 1:colcon.colcon_core.package_identification:_identify(src/limo_ros2/limo_bringup) by extension 'ros'
[0.648s] DEBUG:colcon.colcon_core.package_identification:Package 'src/limo_ros2/limo_bringup' with type 'ros.ament_cmake' and name 'limo_bringup'
[0.649s] Level 1:colcon.colcon_core.package_identification:_identify(src/limo_ros2/limo_description) by extensions ['ignore', 'ignore_ament_install']
[0.649s] Level 1:colcon.colcon_core.package_identification:_identify(src/limo_ros2/limo_description) by extension 'ignore'
[0.649s] Level 1:colcon.colcon_core.package_identification:_identify(src/limo_ros2/limo_description) by extension 'ignore_ament_install'
[0.649s] Level 1:colcon.colcon_core.package_identification:_identify(src/limo_ros2/limo_description) by extensions ['colcon_pkg']
[0.649s] Level 1:colcon.colcon_core.package_identification:_identify(src/limo_ros2/limo_description) by extension 'colcon_pkg'
[0.649s] Level 1:colcon.colcon_core.package_identification:_identify(src/limo_ros2/limo_description) by extensions ['colcon_meta']
[0.649s] Level 1:colcon.colcon_core.package_identification:_identify(src/limo_ros2/limo_description) by extension 'colcon_meta'
[0.649s] Level 1:colcon.colcon_core.package_identification:_identify(src/limo_ros2/limo_description) by extensions ['ros']
[0.650s] Level 1:colcon.colcon_core.package_identification:_identify(src/limo_ros2/limo_description) by extension 'ros'
[0.651s] DEBUG:colcon.colcon_core.package_identification:Package 'src/limo_ros2/limo_description' with type 'ros.ament_cmake' and name 'limo_description'
[0.651s] Level 1:colcon.colcon_core.package_identification:_identify(src/limo_ros2/limo_msgs) by extensions ['ignore', 'ignore_ament_install']
[0.651s] Level 1:colcon.colcon_core.package_identification:_identify(src/limo_ros2/limo_msgs) by extension 'ignore'
[0.651s] Level 1:colcon.colcon_core.package_identification:_identify(src/limo_ros2/limo_msgs) by extension 'ignore_ament_install'
[0.651s] Level 1:colcon.colcon_core.package_identification:_identify(src/limo_ros2/limo_msgs) by extensions ['colcon_pkg']
[0.651s] Level 1:colcon.colcon_core.package_identification:_identify(src/limo_ros2/limo_msgs) by extension 'colcon_pkg'
[0.651s] Level 1:colcon.colcon_core.package_identification:_identify(src/limo_ros2/limo_msgs) by extensions ['colcon_meta']
[0.651s] Level 1:colcon.colcon_core.package_identification:_identify(src/limo_ros2/limo_msgs) by extension 'colcon_meta'
[0.652s] Level 1:colcon.colcon_core.package_identification:_identify(src/limo_ros2/limo_msgs) by extensions ['ros']
[0.652s] Level 1:colcon.colcon_core.package_identification:_identify(src/limo_ros2/limo_msgs) by extension 'ros'
[0.653s] DEBUG:colcon.colcon_core.package_identification:Package 'src/limo_ros2/limo_msgs' with type 'ros.ament_cmake' and name 'limo_msgs'
[0.653s] Level 1:colcon.colcon_core.package_identification:_identify(src/limo_ros2/voice_control) by extensions ['ignore', 'ignore_ament_install']
[0.653s] Level 1:colcon.colcon_core.package_identification:_identify(src/limo_ros2/voice_control) by extension 'ignore'
[0.653s] Level 1:colcon.colcon_core.package_identification:_identify(src/limo_ros2/voice_control) by extension 'ignore_ament_install'
[0.653s] Level 1:colcon.colcon_core.package_identification:_identify(src/limo_ros2/voice_control) by extensions ['colcon_pkg']
[0.653s] Level 1:colcon.colcon_core.package_identification:_identify(src/limo_ros2/voice_control) by extension 'colcon_pkg'
[0.653s] Level 1:colcon.colcon_core.package_identification:_identify(src/limo_ros2/voice_control) by extensions ['colcon_meta']
[0.653s] Level 1:colcon.colcon_core.package_identification:_identify(src/limo_ros2/voice_control) by extension 'colcon_meta'
[0.654s] Level 1:colcon.colcon_core.package_identification:_identify(src/limo_ros2/voice_control) by extensions ['ros']
[0.654s] Level 1:colcon.colcon_core.package_identification:_identify(src/limo_ros2/voice_control) by extension 'ros'
[0.654s] DEBUG:colcon.colcon_core.package_identification:Package 'src/limo_ros2/voice_control' with type 'ros.ament_python' and name 'voice_control'
[0.655s] Level 1:colcon.colcon_core.package_identification:_identify(src/limo_ros2/ydlidar_ros2) by extensions ['ignore', 'ignore_ament_install']
[0.655s] Level 1:colcon.colcon_core.package_identification:_identify(src/limo_ros2/ydlidar_ros2) by extension 'ignore'
[0.655s] Level 1:colcon.colcon_core.package_identification:_identify(src/limo_ros2/ydlidar_ros2) by extension 'ignore_ament_install'
[0.655s] Level 1:colcon.colcon_core.package_identification:_identify(src/limo_ros2/ydlidar_ros2) by extensions ['colcon_pkg']
[0.655s] Level 1:colcon.colcon_core.package_identification:_identify(src/limo_ros2/ydlidar_ros2) by extension 'colcon_pkg'
[0.655s] Level 1:colcon.colcon_core.package_identification:_identify(src/limo_ros2/ydlidar_ros2) by extensions ['colcon_meta']
[0.655s] Level 1:colcon.colcon_core.package_identification:_identify(src/limo_ros2/ydlidar_ros2) by extension 'colcon_meta'
[0.655s] Level 1:colcon.colcon_core.package_identification:_identify(src/limo_ros2/ydlidar_ros2) by extensions ['ros']
[0.656s] Level 1:colcon.colcon_core.package_identification:_identify(src/limo_ros2/ydlidar_ros2) by extension 'ros'
[0.657s] DEBUG:colcon.colcon_core.package_identification:Package 'src/limo_ros2/ydlidar_ros2' with type 'ros.ament_cmake' and name 'ydlidar_ros2_driver'
[0.657s] Level 1:colcon.colcon_core.package_discovery:discover_packages(recursive) using defaults
[0.657s] Level 1:colcon.colcon_core.package_discovery:discover_packages(ignore) discover
[0.657s] Level 1:colcon.colcon_core.package_discovery:discover_packages(ignore) using defaults
[0.657s] Level 1:colcon.colcon_core.package_discovery:discover_packages(path) discover
[0.657s] Level 1:colcon.colcon_core.package_discovery:discover_packages(path) using defaults
[0.700s] Level 5:colcon.colcon_core.verb:set package 'limo_description' build argument 'cmake_args' from command line to 'None'
[0.701s] Level 5:colcon.colcon_core.verb:set package 'limo_description' build argument 'cmake_target' from command line to 'None'
[0.701s] Level 5:colcon.colcon_core.verb:set package 'limo_description' build argument 'cmake_target_skip_unavailable' from command line to 'False'
[0.701s] Level 5:colcon.colcon_core.verb:set package 'limo_description' build argument 'cmake_clean_cache' from command line to 'False'
[0.701s] Level 5:colcon.colcon_core.verb:set package 'limo_description' build argument 'cmake_clean_first' from command line to 'False'
[0.701s] Level 5:colcon.colcon_core.verb:set package 'limo_description' build argument 'cmake_force_configure' from command line to 'False'
[0.701s] Level 5:colcon.colcon_core.verb:set package 'limo_description' build argument 'ament_cmake_args' from command line to 'None'
[0.701s] Level 5:colcon.colcon_core.verb:set package 'limo_description' build argument 'catkin_cmake_args' from command line to 'None'
[0.701s] Level 5:colcon.colcon_core.verb:set package 'limo_description' build argument 'catkin_skip_building_tests' from command line to 'False'
[0.701s] DEBUG:colcon.colcon_core.verb:Building package 'limo_description' with the following arguments: {'ament_cmake_args': None, 'build_base': '/root/ros2_ws/build/limo_description', 'catkin_cmake_args': None, 'catkin_skip_building_tests': False, 'cmake_args': None, 'cmake_clean_cache': False, 'cmake_clean_first': False, 'cmake_force_configure': False, 'cmake_target': None, 'cmake_target_skip_unavailable': False, 'install_base': '/root/ros2_ws/install/limo_description', 'merge_install': False, 'path': '/root/ros2_ws/src/limo_ros2/limo_description', 'symlink_install': False, 'test_result_base': None}
[0.702s] Level 5:colcon.colcon_core.verb:set package 'limo_msgs' build argument 'cmake_args' from command line to 'None'
[0.702s] Level 5:colcon.colcon_core.verb:set package 'limo_msgs' build argument 'cmake_target' from command line to 'None'
[0.702s] Level 5:colcon.colcon_core.verb:set package 'limo_msgs' build argument 'cmake_target_skip_unavailable' from command line to 'False'
[0.702s] Level 5:colcon.colcon_core.verb:set package 'limo_msgs' build argument 'cmake_clean_cache' from command line to 'False'
[0.702s] Level 5:colcon.colcon_core.verb:set package 'limo_msgs' build argument 'cmake_clean_first' from command line to 'False'
[0.702s] Level 5:colcon.colcon_core.verb:set package 'limo_msgs' build argument 'cmake_force_configure' from command line to 'False'
[0.702s] Level 5:colcon.colcon_core.verb:set package 'limo_msgs' build argument 'ament_cmake_args' from command line to 'None'
[0.702s] Level 5:colcon.colcon_core.verb:set package 'limo_msgs' build argument 'catkin_cmake_args' from command line to 'None'
[0.702s] Level 5:colcon.colcon_core.verb:set package 'limo_msgs' build argument 'catkin_skip_building_tests' from command line to 'False'
[0.702s] DEBUG:colcon.colcon_core.verb:Building package 'limo_msgs' with the following arguments: {'ament_cmake_args': None, 'build_base': '/root/ros2_ws/build/limo_msgs', 'catkin_cmake_args': None, 'catkin_skip_building_tests': False, 'cmake_args': None, 'cmake_clean_cache': False, 'cmake_clean_first': False, 'cmake_force_configure': False, 'cmake_target': None, 'cmake_target_skip_unavailable': False, 'install_base': '/root/ros2_ws/install/limo_msgs', 'merge_install': False, 'path': '/root/ros2_ws/src/limo_ros2/limo_msgs', 'symlink_install': False, 'test_result_base': None}
[0.703s] Level 5:colcon.colcon_core.verb:set package 'voice_control' build argument 'cmake_args' from command line to 'None'
[0.703s] Level 5:colcon.colcon_core.verb:set package 'voice_control' build argument 'cmake_target' from command line to 'None'
[0.703s] Level 5:colcon.colcon_core.verb:set package 'voice_control' build argument 'cmake_target_skip_unavailable' from command line to 'False'
[0.703s] Level 5:colcon.colcon_core.verb:set package 'voice_control' build argument 'cmake_clean_cache' from command line to 'False'
[0.703s] Level 5:colcon.colcon_core.verb:set package 'voice_control' build argument 'cmake_clean_first' from command line to 'False'
[0.703s] Level 5:colcon.colcon_core.verb:set package 'voice_control' build argument 'cmake_force_configure' from command line to 'False'
[0.703s] Level 5:colcon.colcon_core.verb:set package 'voice_control' build argument 'ament_cmake_args' from command line to 'None'
[0.703s] Level 5:colcon.colcon_core.verb:set package 'voice_control' build argument 'catkin_cmake_args' from command line to 'None'
[0.703s] Level 5:colcon.colcon_core.verb:set package 'voice_control' build argument 'catkin_skip_building_tests' from command line to 'False'
[0.703s] DEBUG:colcon.colcon_core.verb:Building package 'voice_control' with the following arguments: {'ament_cmake_args': None, 'build_base': '/root/ros2_ws/build/voice_control', 'catkin_cmake_args': None, 'catkin_skip_building_tests': False, 'cmake_args': None, 'cmake_clean_cache': False, 'cmake_clean_first': False, 'cmake_force_configure': False, 'cmake_target': None, 'cmake_target_skip_unavailable': False, 'install_base': '/root/ros2_ws/install/voice_control', 'merge_install': False, 'path': '/root/ros2_ws/src/limo_ros2/voice_control', 'symlink_install': False, 'test_result_base': None}
[0.704s] Level 5:colcon.colcon_core.verb:set package 'ydlidar_ros2_driver' build argument 'cmake_args' from command line to 'None'
[0.704s] Level 5:colcon.colcon_core.verb:set package 'ydlidar_ros2_driver' build argument 'cmake_target' from command line to 'None'
[0.704s] Level 5:colcon.colcon_core.verb:set package 'ydlidar_ros2_driver' build argument 'cmake_target_skip_unavailable' from command line to 'False'
[0.704s] Level 5:colcon.colcon_core.verb:set package 'ydlidar_ros2_driver' build argument 'cmake_clean_cache' from command line to 'False'
[0.704s] Level 5:colcon.colcon_core.verb:set package 'ydlidar_ros2_driver' build argument 'cmake_clean_first' from command line to 'False'
[0.704s] Level 5:colcon.colcon_core.verb:set package 'ydlidar_ros2_driver' build argument 'cmake_force_configure' from command line to 'False'
[0.704s] Level 5:colcon.colcon_core.verb:set package 'ydlidar_ros2_driver' build argument 'ament_cmake_args' from command line to 'None'
[0.704s] Level 5:colcon.colcon_core.verb:set package 'ydlidar_ros2_driver' build argument 'catkin_cmake_args' from command line to 'None'
[0.704s] Level 5:colcon.colcon_core.verb:set package 'ydlidar_ros2_driver' build argument 'catkin_skip_building_tests' from command line to 'False'
[0.705s] DEBUG:colcon.colcon_core.verb:Building package 'ydlidar_ros2_driver' with the following arguments: {'ament_cmake_args': None, 'build_base': '/root/ros2_ws/build/ydlidar_ros2_driver', 'catkin_cmake_args': None, 'catkin_skip_building_tests': False, 'cmake_args': None, 'cmake_clean_cache': False, 'cmake_clean_first': False, 'cmake_force_configure': False, 'cmake_target': None, 'cmake_target_skip_unavailable': False, 'install_base': '/root/ros2_ws/install/ydlidar_ros2_driver', 'merge_install': False, 'path': '/root/ros2_ws/src/limo_ros2/ydlidar_ros2', 'symlink_install': False, 'test_result_base': None}
[0.705s] Level 5:colcon.colcon_core.verb:set package 'limo_base' build argument 'cmake_args' from command line to 'None'
[0.705s] Level 5:colcon.colcon_core.verb:set package 'limo_base' build argument 'cmake_target' from command line to 'None'
[0.705s] Level 5:colcon.colcon_core.verb:set package 'limo_base' build argument 'cmake_target_skip_unavailable' from command line to 'False'
[0.705s] Level 5:colcon.colcon_core.verb:set package 'limo_base' build argument 'cmake_clean_cache' from command line to 'False'
[0.705s] Level 5:colcon.colcon_core.verb:set package 'limo_base' build argument 'cmake_clean_first' from command line to 'False'
[0.705s] Level 5:colcon.colcon_core.verb:set package 'limo_base' build argument 'cmake_force_configure' from command line to 'False'
[0.705s] Level 5:colcon.colcon_core.verb:set package 'limo_base' build argument 'ament_cmake_args' from command line to 'None'
[0.706s] Level 5:colcon.colcon_core.verb:set package 'limo_base' build argument 'catkin_cmake_args' from command line to 'None'
[0.706s] Level 5:colcon.colcon_core.verb:set package 'limo_base' build argument 'catkin_skip_building_tests' from command line to 'False'
[0.706s] DEBUG:colcon.colcon_core.verb:Building package 'limo_base' with the following arguments: {'ament_cmake_args': None, 'build_base': '/root/ros2_ws/build/limo_base', 'catkin_cmake_args': None, 'catkin_skip_building_tests': False, 'cmake_args': None, 'cmake_clean_cache': False, 'cmake_clean_first': False, 'cmake_force_configure': False, 'cmake_target': None, 'cmake_target_skip_unavailable': False, 'install_base': '/root/ros2_ws/install/limo_base', 'merge_install': False, 'path': '/root/ros2_ws/src/limo_ros2/limo_base', 'symlink_install': False, 'test_result_base': None}
[0.706s] Level 5:colcon.colcon_core.verb:set package 'limo_bringup' build argument 'cmake_args' from command line to 'None'
[0.706s] Level 5:colcon.colcon_core.verb:set package 'limo_bringup' build argument 'cmake_target' from command line to 'None'
[0.706s] Level 5:colcon.colcon_core.verb:set package 'limo_bringup' build argument 'cmake_target_skip_unavailable' from command line to 'False'
[0.706s] Level 5:colcon.colcon_core.verb:set package 'limo_bringup' build argument 'cmake_clean_cache' from command line to 'False'
[0.707s] Level 5:colcon.colcon_core.verb:set package 'limo_bringup' build argument 'cmake_clean_first' from command line to 'False'
[0.707s] Level 5:colcon.colcon_core.verb:set package 'limo_bringup' build argument 'cmake_force_configure' from command line to 'False'
[0.707s] Level 5:colcon.colcon_core.verb:set package 'limo_bringup' build argument 'ament_cmake_args' from command line to 'None'
[0.707s] Level 5:colcon.colcon_core.verb:set package 'limo_bringup' build argument 'catkin_cmake_args' from command line to 'None'
[0.707s] Level 5:colcon.colcon_core.verb:set package 'limo_bringup' build argument 'catkin_skip_building_tests' from command line to 'False'
[0.707s] DEBUG:colcon.colcon_core.verb:Building package 'limo_bringup' with the following arguments: {'ament_cmake_args': None, 'build_base': '/root/ros2_ws/build/limo_bringup', 'catkin_cmake_args': None, 'catkin_skip_building_tests': False, 'cmake_args': None, 'cmake_clean_cache': False, 'cmake_clean_first': False, 'cmake_force_configure': False, 'cmake_target': None, 'cmake_target_skip_unavailable': False, 'install_base': '/root/ros2_ws/install/limo_bringup', 'merge_install': False, 'path': '/root/ros2_ws/src/limo_ros2/limo_bringup', 'symlink_install': False, 'test_result_base': None}
[0.707s] INFO:colcon.colcon_core.executor:Executing jobs using 'parallel' executor
[0.709s] DEBUG:colcon.colcon_parallel_executor.executor.parallel:run_until_complete
[0.710s] INFO:colcon.colcon_ros.task.ament_cmake.build:Building ROS package in '/root/ros2_ws/src/limo_ros2/limo_msgs' with build type 'ament_cmake'
[0.710s] INFO:colcon.colcon_cmake.task.cmake.build:Building CMake package in '/root/ros2_ws/src/limo_ros2/limo_msgs'
[0.717s] INFO:colcon.colcon_core.plugin_system:Skipping extension 'colcon_core.shell.bat': Not used on non-Windows systems
[0.718s] INFO:colcon.colcon_core.shell:Skip shell extension 'powershell' for command environment: Not usable outside of PowerShell
[0.718s] DEBUG:colcon.colcon_core.shell:Skip shell extension 'dsv' for command environment
[0.727s] INFO:colcon.colcon_ros.task.ament_cmake.build:Building ROS package in '/root/ros2_ws/src/limo_ros2/limo_description' with build type 'ament_cmake'
[0.727s] INFO:colcon.colcon_cmake.task.cmake.build:Building CMake package in '/root/ros2_ws/src/limo_ros2/limo_description'
[0.728s] INFO:colcon.colcon_core.shell:Skip shell extension 'powershell' for command environment: Not usable outside of PowerShell
[0.728s] DEBUG:colcon.colcon_core.shell:Skip shell extension 'dsv' for command environment
[0.734s] INFO:colcon.colcon_ros.task.ament_python.build:Building ROS package in '/root/ros2_ws/src/limo_ros2/voice_control' with build type 'ament_python'
[0.734s] Level 1:colcon.colcon_core.shell:create_environment_hook('voice_control', 'ament_prefix_path')
[0.735s] INFO:colcon.colcon_core.shell:Creating environment hook '/root/ros2_ws/install/voice_control/share/voice_control/hook/ament_prefix_path.ps1'
[0.766s] INFO:colcon.colcon_core.shell:Creating environment descriptor '/root/ros2_ws/install/voice_control/share/voice_control/hook/ament_prefix_path.dsv'
[0.767s] INFO:colcon.colcon_core.shell:Creating environment hook '/root/ros2_ws/install/voice_control/share/voice_control/hook/ament_prefix_path.sh'
[0.769s] INFO:colcon.colcon_core.shell:Skip shell extension 'powershell' for command environment: Not usable outside of PowerShell
[0.769s] DEBUG:colcon.colcon_core.shell:Skip shell extension 'dsv' for command environment
[0.775s] INFO:colcon.colcon_ros.task.ament_cmake.build:Building ROS package in '/root/ros2_ws/src/limo_ros2/ydlidar_ros2' with build type 'ament_cmake'
[0.775s] INFO:colcon.colcon_cmake.task.cmake.build:Building CMake package in '/root/ros2_ws/src/limo_ros2/ydlidar_ros2'
[0.776s] INFO:colcon.colcon_core.shell:Skip shell extension 'powershell' for command environment: Not usable outside of PowerShell
[0.776s] DEBUG:colcon.colcon_core.shell:Skip shell extension 'dsv' for command environment
[0.795s] DEBUG:colcon.colcon_core.event_handler.log_command:Invoking command in '/root/ros2_ws/build/limo_msgs': CMAKE_PREFIX_PATH=/opt/ros/humble /usr/bin/cmake --build /root/ros2_ws/build/limo_msgs -- -j6 -l6
[0.800s] DEBUG:colcon.colcon_core.event_handler.log_command:Invoking command in '/root/ros2_ws/build/limo_description': CMAKE_PREFIX_PATH=/opt/ros/humble /usr/bin/cmake --build /root/ros2_ws/build/limo_description -- -j6 -l6
[1.364s] INFO:colcon.colcon_core.task.python.build:Building Python package in '/root/ros2_ws/src/limo_ros2/voice_control'
[1.364s] INFO:colcon.colcon_core.shell:Skip shell extension 'powershell' for command environment: Not usable outside of PowerShell
[1.365s] DEBUG:colcon.colcon_core.shell:Skip shell extension 'dsv' for command environment
[1.378s] DEBUG:colcon.colcon_core.event_handler.log_command:Invoking command in '/root/ros2_ws/build/ydlidar_ros2_driver': CMAKE_PREFIX_PATH=/opt/ros/humble /usr/bin/cmake --build /root/ros2_ws/build/ydlidar_ros2_driver -- -j6 -l6
[1.387s] DEBUG:colcon.colcon_core.event_handler.log_command:Invoked command in '/root/ros2_ws/build/limo_description' returned '0': CMAKE_PREFIX_PATH=/opt/ros/humble /usr/bin/cmake --build /root/ros2_ws/build/limo_description -- -j6 -l6
[1.405s] DEBUG:colcon.colcon_core.event_handler.log_command:Invoking command in '/root/ros2_ws/build/limo_description': CMAKE_PREFIX_PATH=/opt/ros/humble /usr/bin/cmake --install /root/ros2_ws/build/limo_description
[1.429s] Level 1:colcon.colcon_core.environment:create_environment_scripts_only(limo_description)
[1.430s] DEBUG:colcon.colcon_core.event_handler.log_command:Invoked command in '/root/ros2_ws/build/limo_description' returned '0': CMAKE_PREFIX_PATH=/opt/ros/humble /usr/bin/cmake --install /root/ros2_ws/build/limo_description
[1.435s] Level 1:colcon.colcon_core.environment:checking '/root/ros2_ws/install/limo_description' for CMake module files
[1.436s] Level 1:colcon.colcon_core.environment:checking '/root/ros2_ws/install/limo_description' for CMake config files
[1.437s] Level 1:colcon.colcon_core.shell:create_environment_hook('limo_description', 'cmake_prefix_path')
[1.438s] INFO:colcon.colcon_core.shell:Creating environment hook '/root/ros2_ws/install/limo_description/share/limo_description/hook/cmake_prefix_path.ps1'
[1.439s] INFO:colcon.colcon_core.shell:Creating environment descriptor '/root/ros2_ws/install/limo_description/share/limo_description/hook/cmake_prefix_path.dsv'
[1.440s] INFO:colcon.colcon_core.shell:Creating environment hook '/root/ros2_ws/install/limo_description/share/limo_description/hook/cmake_prefix_path.sh'
[1.442s] Level 1:colcon.colcon_core.environment:checking '/root/ros2_ws/install/limo_description/bin'
[1.442s] Level 1:colcon.colcon_core.environment:checking '/root/ros2_ws/install/limo_description/lib/pkgconfig/limo_description.pc'
[1.443s] Level 1:colcon.colcon_core.environment:checking '/root/ros2_ws/install/limo_description/lib/python3.10/site-packages'
[1.444s] Level 1:colcon.colcon_core.environment:checking '/root/ros2_ws/install/limo_description/bin'
[1.444s] INFO:colcon.colcon_core.shell:Creating package script '/root/ros2_ws/install/limo_description/share/limo_description/package.ps1'
[1.447s] INFO:colcon.colcon_core.shell:Creating package descriptor '/root/ros2_ws/install/limo_description/share/limo_description/package.dsv'
[1.448s] INFO:colcon.colcon_core.shell:Creating package script '/root/ros2_ws/install/limo_description/share/limo_description/package.sh'
[1.450s] INFO:colcon.colcon_core.shell:Creating package script '/root/ros2_ws/install/limo_description/share/limo_description/package.bash'
[1.453s] INFO:colcon.colcon_core.shell:Creating package script '/root/ros2_ws/install/limo_description/share/limo_description/package.zsh'
[1.455s] Level 1:colcon.colcon_core.environment:create_file_with_runtime_dependencies(/root/ros2_ws/install/limo_description/share/colcon-core/packages/limo_description)
[1.456s] Level 1:colcon.colcon_core.environment:create_environment_scripts_only(limo_description)
[1.457s] Level 1:colcon.colcon_core.environment:checking '/root/ros2_ws/install/limo_description' for CMake module files
[1.458s] Level 1:colcon.colcon_core.environment:checking '/root/ros2_ws/install/limo_description' for CMake config files
[1.458s] Level 1:colcon.colcon_core.shell:create_environment_hook('limo_description', 'cmake_prefix_path')
[1.459s] INFO:colcon.colcon_core.shell:Creating environment hook '/root/ros2_ws/install/limo_description/share/limo_description/hook/cmake_prefix_path.ps1'
[1.460s] INFO:colcon.colcon_core.shell:Creating environment descriptor '/root/ros2_ws/install/limo_description/share/limo_description/hook/cmake_prefix_path.dsv'
[1.461s] INFO:colcon.colcon_core.shell:Creating environment hook '/root/ros2_ws/install/limo_description/share/limo_description/hook/cmake_prefix_path.sh'
[1.463s] Level 1:colcon.colcon_core.environment:checking '/root/ros2_ws/install/limo_description/bin'
[1.463s] Level 1:colcon.colcon_core.environment:checking '/root/ros2_ws/install/limo_description/lib/pkgconfig/limo_description.pc'
[1.463s] Level 1:colcon.colcon_core.environment:checking '/root/ros2_ws/install/limo_description/lib/python3.10/site-packages'
[1.464s] Level 1:colcon.colcon_core.environment:checking '/root/ros2_ws/install/limo_description/bin'
[1.465s] INFO:colcon.colcon_core.shell:Creating package script '/root/ros2_ws/install/limo_description/share/limo_description/package.ps1'
[1.466s] INFO:colcon.colcon_core.shell:Creating package descriptor '/root/ros2_ws/install/limo_description/share/limo_description/package.dsv'
[1.469s] INFO:colcon.colcon_core.shell:Creating package script '/root/ros2_ws/install/limo_description/share/limo_description/package.sh'
[1.470s] INFO:colcon.colcon_core.shell:Creating package script '/root/ros2_ws/install/limo_description/share/limo_description/package.bash'
[1.471s] INFO:colcon.colcon_core.shell:Creating package script '/root/ros2_ws/install/limo_description/share/limo_description/package.zsh'
[1.472s] Level 1:colcon.colcon_core.environment:create_file_with_runtime_dependencies(/root/ros2_ws/install/limo_description/share/colcon-core/packages/limo_description)
[1.527s] DEBUG:colcon.colcon_core.event_handler.log_command:Invoked command in '/root/ros2_ws/build/ydlidar_ros2_driver' returned '0': CMAKE_PREFIX_PATH=/opt/ros/humble /usr/bin/cmake --build /root/ros2_ws/build/ydlidar_ros2_driver -- -j6 -l6
[1.531s] DEBUG:colcon.colcon_core.event_handler.log_command:Invoking command in '/root/ros2_ws/build/ydlidar_ros2_driver': CMAKE_PREFIX_PATH=/opt/ros/humble /usr/bin/cmake --install /root/ros2_ws/build/ydlidar_ros2_driver
[1.558s] Level 1:colcon.colcon_core.environment:create_environment_scripts_only(ydlidar_ros2_driver)
[1.559s] Level 1:colcon.colcon_core.environment:checking '/root/ros2_ws/install/ydlidar_ros2_driver' for CMake module files
[1.560s] DEBUG:colcon.colcon_core.event_handler.log_command:Invoked command in '/root/ros2_ws/build/ydlidar_ros2_driver' returned '0': CMAKE_PREFIX_PATH=/opt/ros/humble /usr/bin/cmake --install /root/ros2_ws/build/ydlidar_ros2_driver
[1.560s] Level 1:colcon.colcon_core.environment:checking '/root/ros2_ws/install/ydlidar_ros2_driver' for CMake config files
[1.561s] Level 1:colcon.colcon_core.shell:create_environment_hook('ydlidar_ros2_driver', 'cmake_prefix_path')
[1.561s] INFO:colcon.colcon_core.shell:Creating environment hook '/root/ros2_ws/install/ydlidar_ros2_driver/share/ydlidar_ros2_driver/hook/cmake_prefix_path.ps1'
[1.562s] INFO:colcon.colcon_core.shell:Creating environment descriptor '/root/ros2_ws/install/ydlidar_ros2_driver/share/ydlidar_ros2_driver/hook/cmake_prefix_path.dsv'
[1.563s] INFO:colcon.colcon_core.shell:Creating environment hook '/root/ros2_ws/install/ydlidar_ros2_driver/share/ydlidar_ros2_driver/hook/cmake_prefix_path.sh'
[1.564s] Level 1:colcon.colcon_core.environment:checking '/root/ros2_ws/install/ydlidar_ros2_driver/lib'
[1.565s] Level 1:colcon.colcon_core.environment:checking '/root/ros2_ws/install/ydlidar_ros2_driver/bin'
[1.565s] Level 1:colcon.colcon_core.environment:checking '/root/ros2_ws/install/ydlidar_ros2_driver/lib/pkgconfig/ydlidar_ros2_driver.pc'
[1.566s] Level 1:colcon.colcon_core.environment:checking '/root/ros2_ws/install/ydlidar_ros2_driver/lib/python3.10/site-packages'
[1.566s] Level 1:colcon.colcon_core.environment:checking '/root/ros2_ws/install/ydlidar_ros2_driver/bin'
[1.567s] INFO:colcon.colcon_core.shell:Creating package script '/root/ros2_ws/install/ydlidar_ros2_driver/share/ydlidar_ros2_driver/package.ps1'
[1.568s] INFO:colcon.colcon_core.shell:Creating package descriptor '/root/ros2_ws/install/ydlidar_ros2_driver/share/ydlidar_ros2_driver/package.dsv'
[1.569s] INFO:colcon.colcon_core.shell:Creating package script '/root/ros2_ws/install/ydlidar_ros2_driver/share/ydlidar_ros2_driver/package.sh'
[1.570s] INFO:colcon.colcon_core.shell:Creating package script '/root/ros2_ws/install/ydlidar_ros2_driver/share/ydlidar_ros2_driver/package.bash'
[1.571s] INFO:colcon.colcon_core.shell:Creating package script '/root/ros2_ws/install/ydlidar_ros2_driver/share/ydlidar_ros2_driver/package.zsh'
[1.572s] Level 1:colcon.colcon_core.environment:create_file_with_runtime_dependencies(/root/ros2_ws/install/ydlidar_ros2_driver/share/colcon-core/packages/ydlidar_ros2_driver)
[1.573s] Level 1:colcon.colcon_core.environment:create_environment_scripts_only(ydlidar_ros2_driver)
[1.574s] Level 1:colcon.colcon_core.environment:checking '/root/ros2_ws/install/ydlidar_ros2_driver' for CMake module files
[1.575s] Level 1:colcon.colcon_core.environment:checking '/root/ros2_ws/install/ydlidar_ros2_driver' for CMake config files
[1.576s] Level 1:colcon.colcon_core.shell:create_environment_hook('ydlidar_ros2_driver', 'cmake_prefix_path')
[1.576s] INFO:colcon.colcon_core.shell:Creating environment hook '/root/ros2_ws/install/ydlidar_ros2_driver/share/ydlidar_ros2_driver/hook/cmake_prefix_path.ps1'
[1.580s] INFO:colcon.colcon_core.shell:Creating environment descriptor '/root/ros2_ws/install/ydlidar_ros2_driver/share/ydlidar_ros2_driver/hook/cmake_prefix_path.dsv'
[1.581s] INFO:colcon.colcon_core.shell:Creating environment hook '/root/ros2_ws/install/ydlidar_ros2_driver/share/ydlidar_ros2_driver/hook/cmake_prefix_path.sh'
[1.582s] Level 1:colcon.colcon_core.environment:checking '/root/ros2_ws/install/ydlidar_ros2_driver/lib'
[1.582s] Level 1:colcon.colcon_core.environment:checking '/root/ros2_ws/install/ydlidar_ros2_driver/bin'
[1.582s] Level 1:colcon.colcon_core.environment:checking '/root/ros2_ws/install/ydlidar_ros2_driver/lib/pkgconfig/ydlidar_ros2_driver.pc'
[1.583s] Level 1:colcon.colcon_core.environment:checking '/root/ros2_ws/install/ydlidar_ros2_driver/lib/python3.10/site-packages'
[1.584s] Level 1:colcon.colcon_core.environment:checking '/root/ros2_ws/install/ydlidar_ros2_driver/bin'
[1.584s] INFO:colcon.colcon_core.shell:Creating package script '/root/ros2_ws/install/ydlidar_ros2_driver/share/ydlidar_ros2_driver/package.ps1'
[1.586s] INFO:colcon.colcon_core.shell:Creating package descriptor '/root/ros2_ws/install/ydlidar_ros2_driver/share/ydlidar_ros2_driver/package.dsv'
[1.587s] INFO:colcon.colcon_core.shell:Creating package script '/root/ros2_ws/install/ydlidar_ros2_driver/share/ydlidar_ros2_driver/package.sh'
[1.588s] INFO:colcon.colcon_core.shell:Creating package script '/root/ros2_ws/install/ydlidar_ros2_driver/share/ydlidar_ros2_driver/package.bash'
[1.588s] INFO:colcon.colcon_core.shell:Creating package script '/root/ros2_ws/install/ydlidar_ros2_driver/share/ydlidar_ros2_driver/package.zsh'
[1.589s] Level 1:colcon.colcon_core.environment:create_file_with_runtime_dependencies(/root/ros2_ws/install/ydlidar_ros2_driver/share/colcon-core/packages/ydlidar_ros2_driver)
[1.593s] DEBUG:colcon.colcon_core.event_handler.log_command:Invoked command in '/root/ros2_ws/build/limo_msgs' returned '0': CMAKE_PREFIX_PATH=/opt/ros/humble /usr/bin/cmake --build /root/ros2_ws/build/limo_msgs -- -j6 -l6
[1.595s] DEBUG:colcon.colcon_core.event_handler.log_command:Invoking command in '/root/ros2_ws/build/limo_msgs': CMAKE_PREFIX_PATH=/opt/ros/humble /usr/bin/cmake --install /root/ros2_ws/build/limo_msgs
[1.717s] Level 1:colcon.colcon_core.environment:create_environment_scripts_only(limo_msgs)
[1.718s] Level 1:colcon.colcon_core.environment:checking '/root/ros2_ws/install/limo_msgs' for CMake module files
[1.720s] DEBUG:colcon.colcon_core.event_handler.log_command:Invoked command in '/root/ros2_ws/build/limo_msgs' returned '0': CMAKE_PREFIX_PATH=/opt/ros/humble /usr/bin/cmake --install /root/ros2_ws/build/limo_msgs
[1.721s] Level 1:colcon.colcon_core.environment:checking '/root/ros2_ws/install/limo_msgs' for CMake config files
[1.722s] Level 1:colcon.colcon_core.shell:create_environment_hook('limo_msgs', 'cmake_prefix_path')
[1.722s] INFO:colcon.colcon_core.shell:Creating environment hook '/root/ros2_ws/install/limo_msgs/share/limo_msgs/hook/cmake_prefix_path.ps1'
[1.723s] INFO:colcon.colcon_core.shell:Creating environment descriptor '/root/ros2_ws/install/limo_msgs/share/limo_msgs/hook/cmake_prefix_path.dsv'
[1.724s] INFO:colcon.colcon_core.shell:Creating environment hook '/root/ros2_ws/install/limo_msgs/share/limo_msgs/hook/cmake_prefix_path.sh'
[1.726s] Level 1:colcon.colcon_core.environment:checking '/root/ros2_ws/install/limo_msgs/lib'
[1.726s] Level 1:colcon.colcon_core.shell:create_environment_hook('limo_msgs', 'ld_library_path_lib')
[1.727s] INFO:colcon.colcon_core.shell:Creating environment hook '/root/ros2_ws/install/limo_msgs/share/limo_msgs/hook/ld_library_path_lib.ps1'
[1.728s] INFO:colcon.colcon_core.shell:Creating environment descriptor '/root/ros2_ws/install/limo_msgs/share/limo_msgs/hook/ld_library_path_lib.dsv'
[1.728s] INFO:colcon.colcon_core.shell:Creating environment hook '/root/ros2_ws/install/limo_msgs/share/limo_msgs/hook/ld_library_path_lib.sh'
[1.729s] Level 1:colcon.colcon_core.environment:checking '/root/ros2_ws/install/limo_msgs/bin'
[1.730s] Level 1:colcon.colcon_core.environment:checking '/root/ros2_ws/install/limo_msgs/lib/pkgconfig/limo_msgs.pc'
[1.730s] Level 1:colcon.colcon_core.environment:checking '/root/ros2_ws/install/limo_msgs/lib/python3.10/site-packages'
[1.731s] Level 1:colcon.colcon_core.environment:checking '/root/ros2_ws/install/limo_msgs/bin'
[1.732s] INFO:colcon.colcon_core.shell:Creating package script '/root/ros2_ws/install/limo_msgs/share/limo_msgs/package.ps1'
[1.733s] INFO:colcon.colcon_core.shell:Creating package descriptor '/root/ros2_ws/install/limo_msgs/share/limo_msgs/package.dsv'
[1.734s] INFO:colcon.colcon_core.shell:Creating package script '/root/ros2_ws/install/limo_msgs/share/limo_msgs/package.sh'
[1.735s] INFO:colcon.colcon_core.shell:Creating package script '/root/ros2_ws/install/limo_msgs/share/limo_msgs/package.bash'
[1.736s] INFO:colcon.colcon_core.shell:Creating package script '/root/ros2_ws/install/limo_msgs/share/limo_msgs/package.zsh'
[1.737s] Level 1:colcon.colcon_core.environment:create_file_with_runtime_dependencies(/root/ros2_ws/install/limo_msgs/share/colcon-core/packages/limo_msgs)
[1.738s] Level 1:colcon.colcon_core.environment:create_environment_scripts_only(limo_msgs)
[1.738s] Level 1:colcon.colcon_core.environment:checking '/root/ros2_ws/install/limo_msgs' for CMake module files
[1.739s] Level 1:colcon.colcon_core.environment:checking '/root/ros2_ws/install/limo_msgs' for CMake config files
[1.740s] Level 1:colcon.colcon_core.shell:create_environment_hook('limo_msgs', 'cmake_prefix_path')
[1.741s] INFO:colcon.colcon_core.shell:Creating environment hook '/root/ros2_ws/install/limo_msgs/share/limo_msgs/hook/cmake_prefix_path.ps1'
[1.742s] INFO:colcon.colcon_core.shell:Creating environment descriptor '/root/ros2_ws/install/limo_msgs/share/limo_msgs/hook/cmake_prefix_path.dsv'
[1.744s] INFO:colcon.colcon_core.shell:Creating environment hook '/root/ros2_ws/install/limo_msgs/share/limo_msgs/hook/cmake_prefix_path.sh'
[1.745s] Level 1:colcon.colcon_core.environment:checking '/root/ros2_ws/install/limo_msgs/lib'
[1.745s] Level 1:colcon.colcon_core.shell:create_environment_hook('limo_msgs', 'ld_library_path_lib')
[1.746s] INFO:colcon.colcon_core.shell:Creating environment hook '/root/ros2_ws/install/limo_msgs/share/limo_msgs/hook/ld_library_path_lib.ps1'
[1.748s] INFO:colcon.colcon_core.shell:Creating environment descriptor '/root/ros2_ws/install/limo_msgs/share/limo_msgs/hook/ld_library_path_lib.dsv'
[1.749s] INFO:colcon.colcon_core.shell:Creating environment hook '/root/ros2_ws/install/limo_msgs/share/limo_msgs/hook/ld_library_path_lib.sh'
[1.750s] Level 1:colcon.colcon_core.environment:checking '/root/ros2_ws/install/limo_msgs/bin'
[1.750s] Level 1:colcon.colcon_core.environment:checking '/root/ros2_ws/install/limo_msgs/lib/pkgconfig/limo_msgs.pc'
[1.751s] Level 1:colcon.colcon_core.environment:checking '/root/ros2_ws/install/limo_msgs/lib/python3.10/site-packages'
[1.751s] Level 1:colcon.colcon_core.environment:checking '/root/ros2_ws/install/limo_msgs/bin'
[1.752s] INFO:colcon.colcon_core.shell:Creating package script '/root/ros2_ws/install/limo_msgs/share/limo_msgs/package.ps1'
[1.754s] INFO:colcon.colcon_core.shell:Creating package descriptor '/root/ros2_ws/install/limo_msgs/share/limo_msgs/package.dsv'
[1.757s] INFO:colcon.colcon_core.shell:Creating package script '/root/ros2_ws/install/limo_msgs/share/limo_msgs/package.sh'
[1.759s] INFO:colcon.colcon_core.shell:Creating package script '/root/ros2_ws/install/limo_msgs/share/limo_msgs/package.bash'
[1.760s] INFO:colcon.colcon_core.shell:Creating package script '/root/ros2_ws/install/limo_msgs/share/limo_msgs/package.zsh'
[1.761s] Level 1:colcon.colcon_core.environment:create_file_with_runtime_dependencies(/root/ros2_ws/install/limo_msgs/share/colcon-core/packages/limo_msgs)
[1.761s] INFO:colcon.colcon_ros.task.ament_cmake.build:Building ROS package in '/root/ros2_ws/src/limo_ros2/limo_base' with build type 'ament_cmake'
[1.762s] INFO:colcon.colcon_cmake.task.cmake.build:Building CMake package in '/root/ros2_ws/src/limo_ros2/limo_base'
[1.763s] INFO:colcon.colcon_core.shell:Skip shell extension 'powershell' for command environment: Not usable outside of PowerShell
[1.763s] DEBUG:colcon.colcon_core.shell:Skip shell extension 'dsv' for command environment
[1.769s] INFO:colcon.colcon_ros.task.ament_cmake.build:Building ROS package in '/root/ros2_ws/src/limo_ros2/limo_bringup' with build type 'ament_cmake'
[1.769s] INFO:colcon.colcon_cmake.task.cmake.build:Building CMake package in '/root/ros2_ws/src/limo_ros2/limo_bringup'
[1.770s] INFO:colcon.colcon_core.shell:Skip shell extension 'powershell' for command environment: Not usable outside of PowerShell
[1.770s] DEBUG:colcon.colcon_core.shell:Skip shell extension 'dsv' for command environment
[1.786s] DEBUG:colcon.colcon_core.event_handler.log_command:Invoking command in '/root/ros2_ws/build/limo_base': AMENT_PREFIX_PATH=/root/ros2_ws/install/limo_msgs:${AMENT_PREFIX_PATH} CMAKE_PREFIX_PATH=/root/ros2_ws/install/limo_msgs:/opt/ros/humble LD_LIBRARY_PATH=/root/ros2_ws/install/limo_msgs/lib:${LD_LIBRARY_PATH} PYTHONPATH=/root/ros2_ws/install/limo_msgs/local/lib/python3.10/dist-packages:${PYTHONPATH} /usr/bin/cmake --build /root/ros2_ws/build/limo_base -- -j6 -l6
[1.790s] DEBUG:colcon.colcon_core.event_handler.log_command:Invoking command in '/root/ros2_ws/build/limo_bringup': AMENT_PREFIX_PATH=/root/ros2_ws/install/limo_msgs:${AMENT_PREFIX_PATH} CMAKE_PREFIX_PATH=/root/ros2_ws/install/limo_msgs:/opt/ros/humble LD_LIBRARY_PATH=/root/ros2_ws/install/limo_msgs/lib:${LD_LIBRARY_PATH} PYTHONPATH=/root/ros2_ws/install/limo_msgs/local/lib/python3.10/dist-packages:${PYTHONPATH} /usr/bin/cmake --build /root/ros2_ws/build/limo_bringup -- -j6 -l6
[1.865s] DEBUG:colcon.colcon_core.event_handler.log_command:Invoked command in '/root/ros2_ws/build/limo_bringup' returned '0': AMENT_PREFIX_PATH=/root/ros2_ws/install/limo_msgs:${AMENT_PREFIX_PATH} CMAKE_PREFIX_PATH=/root/ros2_ws/install/limo_msgs:/opt/ros/humble LD_LIBRARY_PATH=/root/ros2_ws/install/limo_msgs/lib:${LD_LIBRARY_PATH} PYTHONPATH=/root/ros2_ws/install/limo_msgs/local/lib/python3.10/dist-packages:${PYTHONPATH} /usr/bin/cmake --build /root/ros2_ws/build/limo_bringup -- -j6 -l6
[1.867s] DEBUG:colcon.colcon_core.event_handler.log_command:Invoking command in '/root/ros2_ws/build/limo_bringup': AMENT_PREFIX_PATH=/root/ros2_ws/install/limo_msgs:${AMENT_PREFIX_PATH} CMAKE_PREFIX_PATH=/root/ros2_ws/install/limo_msgs:/opt/ros/humble LD_LIBRARY_PATH=/root/ros2_ws/install/limo_msgs/lib:${LD_LIBRARY_PATH} PYTHONPATH=/root/ros2_ws/install/limo_msgs/local/lib/python3.10/dist-packages:${PYTHONPATH} /usr/bin/cmake --install /root/ros2_ws/build/limo_bringup
[1.891s] Level 1:colcon.colcon_core.environment:create_environment_scripts_only(limo_bringup)
[1.891s] Level 1:colcon.colcon_core.environment:checking '/root/ros2_ws/install/limo_bringup' for CMake module files
[1.894s] DEBUG:colcon.colcon_core.event_handler.log_command:Invoked command in '/root/ros2_ws/build/limo_bringup' returned '0': AMENT_PREFIX_PATH=/root/ros2_ws/install/limo_msgs:${AMENT_PREFIX_PATH} CMAKE_PREFIX_PATH=/root/ros2_ws/install/limo_msgs:/opt/ros/humble LD_LIBRARY_PATH=/root/ros2_ws/install/limo_msgs/lib:${LD_LIBRARY_PATH} PYTHONPATH=/root/ros2_ws/install/limo_msgs/local/lib/python3.10/dist-packages:${PYTHONPATH} /usr/bin/cmake --install /root/ros2_ws/build/limo_bringup
[1.894s] Level 1:colcon.colcon_core.environment:checking '/root/ros2_ws/install/limo_bringup' for CMake config files
[1.895s] Level 1:colcon.colcon_core.shell:create_environment_hook('limo_bringup', 'cmake_prefix_path')
[1.895s] INFO:colcon.colcon_core.shell:Creating environment hook '/root/ros2_ws/install/limo_bringup/share/limo_bringup/hook/cmake_prefix_path.ps1'
[1.896s] INFO:colcon.colcon_core.shell:Creating environment descriptor '/root/ros2_ws/install/limo_bringup/share/limo_bringup/hook/cmake_prefix_path.dsv'
[1.897s] INFO:colcon.colcon_core.shell:Creating environment hook '/root/ros2_ws/install/limo_bringup/share/limo_bringup/hook/cmake_prefix_path.sh'
[1.898s] Level 1:colcon.colcon_core.environment:checking '/root/ros2_ws/install/limo_bringup/bin'
[1.898s] Level 1:colcon.colcon_core.environment:checking '/root/ros2_ws/install/limo_bringup/lib/pkgconfig/limo_bringup.pc'
[1.899s] Level 1:colcon.colcon_core.environment:checking '/root/ros2_ws/install/limo_bringup/lib/python3.10/site-packages'
[1.900s] Level 1:colcon.colcon_core.environment:checking '/root/ros2_ws/install/limo_bringup/bin'
[1.900s] INFO:colcon.colcon_core.shell:Creating package script '/root/ros2_ws/install/limo_bringup/share/limo_bringup/package.ps1'
[1.901s] INFO:colcon.colcon_core.shell:Creating package descriptor '/root/ros2_ws/install/limo_bringup/share/limo_bringup/package.dsv'
[1.902s] INFO:colcon.colcon_core.shell:Creating package script '/root/ros2_ws/install/limo_bringup/share/limo_bringup/package.sh'
[1.903s] INFO:colcon.colcon_core.shell:Creating package script '/root/ros2_ws/install/limo_bringup/share/limo_bringup/package.bash'
[1.904s] INFO:colcon.colcon_core.shell:Creating package script '/root/ros2_ws/install/limo_bringup/share/limo_bringup/package.zsh'
[1.904s] Level 1:colcon.colcon_core.environment:create_file_with_runtime_dependencies(/root/ros2_ws/install/limo_bringup/share/colcon-core/packages/limo_bringup)
[1.905s] Level 1:colcon.colcon_core.environment:create_environment_scripts_only(limo_bringup)
[1.906s] Level 1:colcon.colcon_core.environment:checking '/root/ros2_ws/install/limo_bringup' for CMake module files
[1.907s] Level 1:colcon.colcon_core.environment:checking '/root/ros2_ws/install/limo_bringup' for CMake config files
[1.907s] Level 1:colcon.colcon_core.shell:create_environment_hook('limo_bringup', 'cmake_prefix_path')
[1.908s] INFO:colcon.colcon_core.shell:Creating environment hook '/root/ros2_ws/install/limo_bringup/share/limo_bringup/hook/cmake_prefix_path.ps1'
[1.908s] INFO:colcon.colcon_core.shell:Creating environment descriptor '/root/ros2_ws/install/limo_bringup/share/limo_bringup/hook/cmake_prefix_path.dsv'
[1.909s] INFO:colcon.colcon_core.shell:Creating environment hook '/root/ros2_ws/install/limo_bringup/share/limo_bringup/hook/cmake_prefix_path.sh'
[1.910s] Level 1:colcon.colcon_core.environment:checking '/root/ros2_ws/install/limo_bringup/bin'
[1.911s] Level 1:colcon.colcon_core.environment:checking '/root/ros2_ws/install/limo_bringup/lib/pkgconfig/limo_bringup.pc'
[1.911s] Level 1:colcon.colcon_core.environment:checking '/root/ros2_ws/install/limo_bringup/lib/python3.10/site-packages'
[1.912s] Level 1:colcon.colcon_core.environment:checking '/root/ros2_ws/install/limo_bringup/bin'
[1.912s] INFO:colcon.colcon_core.shell:Creating package script '/root/ros2_ws/install/limo_bringup/share/limo_bringup/package.ps1'
[1.914s] INFO:colcon.colcon_core.shell:Creating package descriptor '/root/ros2_ws/install/limo_bringup/share/limo_bringup/package.dsv'
[1.915s] INFO:colcon.colcon_core.shell:Creating package script '/root/ros2_ws/install/limo_bringup/share/limo_bringup/package.sh'
[1.916s] INFO:colcon.colcon_core.shell:Creating package script '/root/ros2_ws/install/limo_bringup/share/limo_bringup/package.bash'
[1.917s] INFO:colcon.colcon_core.shell:Creating package script '/root/ros2_ws/install/limo_bringup/share/limo_bringup/package.zsh'
[1.918s] Level 1:colcon.colcon_core.environment:create_file_with_runtime_dependencies(/root/ros2_ws/install/limo_bringup/share/colcon-core/packages/limo_bringup)
[1.948s] DEBUG:colcon.colcon_core.event_handler.log_command:Invoked command in '/root/ros2_ws/build/limo_base' returned '0': AMENT_PREFIX_PATH=/root/ros2_ws/install/limo_msgs:${AMENT_PREFIX_PATH} CMAKE_PREFIX_PATH=/root/ros2_ws/install/limo_msgs:/opt/ros/humble LD_LIBRARY_PATH=/root/ros2_ws/install/limo_msgs/lib:${LD_LIBRARY_PATH} PYTHONPATH=/root/ros2_ws/install/limo_msgs/local/lib/python3.10/dist-packages:${PYTHONPATH} /usr/bin/cmake --build /root/ros2_ws/build/limo_base -- -j6 -l6
[1.951s] DEBUG:colcon.colcon_core.event_handler.log_command:Invoking command in '/root/ros2_ws/build/limo_base': AMENT_PREFIX_PATH=/root/ros2_ws/install/limo_msgs:${AMENT_PREFIX_PATH} CMAKE_PREFIX_PATH=/root/ros2_ws/install/limo_msgs:/opt/ros/humble LD_LIBRARY_PATH=/root/ros2_ws/install/limo_msgs/lib:${LD_LIBRARY_PATH} PYTHONPATH=/root/ros2_ws/install/limo_msgs/local/lib/python3.10/dist-packages:${PYTHONPATH} /usr/bin/cmake --install /root/ros2_ws/build/limo_base
[1.971s] Level 1:colcon.colcon_core.environment:create_environment_scripts_only(limo_base)
[1.972s] Level 1:colcon.colcon_core.environment:checking '/root/ros2_ws/install/limo_base' for CMake module files
[1.973s] DEBUG:colcon.colcon_core.event_handler.log_command:Invoked command in '/root/ros2_ws/build/limo_base' returned '0': AMENT_PREFIX_PATH=/root/ros2_ws/install/limo_msgs:${AMENT_PREFIX_PATH} CMAKE_PREFIX_PATH=/root/ros2_ws/install/limo_msgs:/opt/ros/humble LD_LIBRARY_PATH=/root/ros2_ws/install/limo_msgs/lib:${LD_LIBRARY_PATH} PYTHONPATH=/root/ros2_ws/install/limo_msgs/local/lib/python3.10/dist-packages:${PYTHONPATH} /usr/bin/cmake --install /root/ros2_ws/build/limo_base
[1.973s] Level 1:colcon.colcon_core.environment:checking '/root/ros2_ws/install/limo_base' for CMake config files
[1.974s] Level 1:colcon.colcon_core.shell:create_environment_hook('limo_base', 'cmake_prefix_path')
[1.975s] INFO:colcon.colcon_core.shell:Creating environment hook '/root/ros2_ws/install/limo_base/share/limo_base/hook/cmake_prefix_path.ps1'
[1.976s] INFO:colcon.colcon_core.shell:Creating environment descriptor '/root/ros2_ws/install/limo_base/share/limo_base/hook/cmake_prefix_path.dsv'
[1.977s] INFO:colcon.colcon_core.shell:Creating environment hook '/root/ros2_ws/install/limo_base/share/limo_base/hook/cmake_prefix_path.sh'
[1.978s] Level 1:colcon.colcon_core.environment:checking '/root/ros2_ws/install/limo_base/lib'
[1.978s] Level 1:colcon.colcon_core.environment:checking '/root/ros2_ws/install/limo_base/bin'
[1.978s] Level 1:colcon.colcon_core.environment:checking '/root/ros2_ws/install/limo_base/lib/pkgconfig/limo_base.pc'
[1.979s] Level 1:colcon.colcon_core.environment:checking '/root/ros2_ws/install/limo_base/lib/python3.10/site-packages'
[1.979s] Level 1:colcon.colcon_core.environment:checking '/root/ros2_ws/install/limo_base/bin'
[1.980s] INFO:colcon.colcon_core.shell:Creating package script '/root/ros2_ws/install/limo_base/share/limo_base/package.ps1'
[1.981s] INFO:colcon.colcon_core.shell:Creating package descriptor '/root/ros2_ws/install/limo_base/share/limo_base/package.dsv'
[1.982s] INFO:colcon.colcon_core.shell:Creating package script '/root/ros2_ws/install/limo_base/share/limo_base/package.sh'
[1.983s] INFO:colcon.colcon_core.shell:Creating package script '/root/ros2_ws/install/limo_base/share/limo_base/package.bash'
[1.984s] INFO:colcon.colcon_core.shell:Creating package script '/root/ros2_ws/install/limo_base/share/limo_base/package.zsh'
[1.985s] Level 1:colcon.colcon_core.environment:create_file_with_runtime_dependencies(/root/ros2_ws/install/limo_base/share/colcon-core/packages/limo_base)
[1.986s] Level 1:colcon.colcon_core.environment:create_environment_scripts_only(limo_base)
[1.986s] Level 1:colcon.colcon_core.environment:checking '/root/ros2_ws/install/limo_base' for CMake module files
[1.987s] Level 1:colcon.colcon_core.environment:checking '/root/ros2_ws/install/limo_base' for CMake config files
[1.988s] Level 1:colcon.colcon_core.shell:create_environment_hook('limo_base', 'cmake_prefix_path')
[1.988s] INFO:colcon.colcon_core.shell:Creating environment hook '/root/ros2_ws/install/limo_base/share/limo_base/hook/cmake_prefix_path.ps1'
[1.989s] INFO:colcon.colcon_core.shell:Creating environment descriptor '/root/ros2_ws/install/limo_base/share/limo_base/hook/cmake_prefix_path.dsv'
[1.990s] INFO:colcon.colcon_core.shell:Creating environment hook '/root/ros2_ws/install/limo_base/share/limo_base/hook/cmake_prefix_path.sh'
[1.991s] Level 1:colcon.colcon_core.environment:checking '/root/ros2_ws/install/limo_base/lib'
[1.991s] Level 1:colcon.colcon_core.environment:checking '/root/ros2_ws/install/limo_base/bin'
[1.991s] Level 1:colcon.colcon_core.environment:checking '/root/ros2_ws/install/limo_base/lib/pkgconfig/limo_base.pc'
[1.992s] Level 1:colcon.colcon_core.environment:checking '/root/ros2_ws/install/limo_base/lib/python3.10/site-packages'
[1.993s] Level 1:colcon.colcon_core.environment:checking '/root/ros2_ws/install/limo_base/bin'
[1.993s] INFO:colcon.colcon_core.shell:Creating package script '/root/ros2_ws/install/limo_base/share/limo_base/package.ps1'
[1.994s] INFO:colcon.colcon_core.shell:Creating package descriptor '/root/ros2_ws/install/limo_base/share/limo_base/package.dsv'
[1.995s] INFO:colcon.colcon_core.shell:Creating package script '/root/ros2_ws/install/limo_base/share/limo_base/package.sh'
[1.996s] INFO:colcon.colcon_core.shell:Creating package script '/root/ros2_ws/install/limo_base/share/limo_base/package.bash'
[1.997s] INFO:colcon.colcon_core.shell:Creating package script '/root/ros2_ws/install/limo_base/share/limo_base/package.zsh'
[1.998s] Level 1:colcon.colcon_core.environment:create_file_with_runtime_dependencies(/root/ros2_ws/install/limo_base/share/colcon-core/packages/limo_base)
[2.125s] DEBUG:colcon.colcon_core.event_handler.log_command:Invoking command in '/root/ros2_ws/src/limo_ros2/voice_control': PYTHONPATH=/root/ros2_ws/build/voice_control/prefix_override:/usr/lib/python3/dist-packages/colcon_core/task/python/colcon_distutils_commands:/root/ros2_ws/install/voice_control/lib/python3.10/site-packages:${PYTHONPATH} /usr/bin/python3 -W ignore:setup.py install is deprecated -W ignore:easy_install command is deprecated setup.py egg_info --egg-base ../../../build/voice_control build --build-base /root/ros2_ws/build/voice_control/build install --record /root/ros2_ws/build/voice_control/install.log --install-scripts $base/lib/voice_control --single-version-externally-managed install_data
[2.725s] Level 1:colcon.colcon_core.environment:checking '/root/ros2_ws/install/voice_control' for CMake module files
[2.727s] DEBUG:colcon.colcon_core.event_handler.log_command:Invoked command in '/root/ros2_ws/src/limo_ros2/voice_control' returned '0': PYTHONPATH=/root/ros2_ws/build/voice_control/prefix_override:/usr/lib/python3/dist-packages/colcon_core/task/python/colcon_distutils_commands:/root/ros2_ws/install/voice_control/lib/python3.10/site-packages:${PYTHONPATH} /usr/bin/python3 -W ignore:setup.py install is deprecated -W ignore:easy_install command is deprecated setup.py egg_info --egg-base ../../../build/voice_control build --build-base /root/ros2_ws/build/voice_control/build install --record /root/ros2_ws/build/voice_control/install.log --install-scripts $base/lib/voice_control --single-version-externally-managed install_data
[2.728s] Level 1:colcon.colcon_core.environment:checking '/root/ros2_ws/install/voice_control' for CMake config files
[2.730s] Level 1:colcon.colcon_core.environment:checking '/root/ros2_ws/install/voice_control/lib'
[2.731s] Level 1:colcon.colcon_core.environment:checking '/root/ros2_ws/install/voice_control/bin'
[2.731s] Level 1:colcon.colcon_core.environment:checking '/root/ros2_ws/install/voice_control/lib/pkgconfig/voice_control.pc'
[2.732s] Level 1:colcon.colcon_core.environment:checking '/root/ros2_ws/install/voice_control/lib/python3.10/site-packages'
[2.732s] Level 1:colcon.colcon_core.shell:create_environment_hook('voice_control', 'pythonpath')
[2.733s] INFO:colcon.colcon_core.shell:Creating environment hook '/root/ros2_ws/install/voice_control/share/voice_control/hook/pythonpath.ps1'
[2.735s] INFO:colcon.colcon_core.shell:Creating environment descriptor '/root/ros2_ws/install/voice_control/share/voice_control/hook/pythonpath.dsv'
[2.736s] INFO:colcon.colcon_core.shell:Creating environment hook '/root/ros2_ws/install/voice_control/share/voice_control/hook/pythonpath.sh'
[2.739s] Level 1:colcon.colcon_core.environment:checking '/root/ros2_ws/install/voice_control/bin'
[2.739s] Level 1:colcon.colcon_core.environment:create_environment_scripts_only(voice_control)
[2.740s] INFO:colcon.colcon_core.shell:Creating package script '/root/ros2_ws/install/voice_control/share/voice_control/package.ps1'
[2.742s] INFO:colcon.colcon_core.shell:Creating package descriptor '/root/ros2_ws/install/voice_control/share/voice_control/package.dsv'
[2.743s] INFO:colcon.colcon_core.shell:Creating package script '/root/ros2_ws/install/voice_control/share/voice_control/package.sh'
[2.745s] INFO:colcon.colcon_core.shell:Creating package script '/root/ros2_ws/install/voice_control/share/voice_control/package.bash'
[2.746s] INFO:colcon.colcon_core.shell:Creating package script '/root/ros2_ws/install/voice_control/share/voice_control/package.zsh'
[2.748s] Level 1:colcon.colcon_core.environment:create_file_with_runtime_dependencies(/root/ros2_ws/install/voice_control/share/colcon-core/packages/voice_control)
[2.749s] DEBUG:colcon.colcon_parallel_executor.executor.parallel:closing loop
[2.750s] DEBUG:colcon.colcon_parallel_executor.executor.parallel:loop closed
[2.750s] DEBUG:colcon.colcon_parallel_executor.executor.parallel:run_until_complete finished with '0'
[2.750s] DEBUG:colcon.colcon_core.event_reactor:joining thread
[2.770s] INFO:colcon.colcon_core.plugin_system:Skipping extension 'colcon_notification.desktop_notification.notify_send': Could not find 'notify-send'
[2.771s] INFO:colcon.colcon_core.plugin_system:Skipping extension 'colcon_notification.desktop_notification.terminal_notifier': Not used on non-Darwin systems
[2.771s] INFO:colcon.colcon_core.plugin_system:Skipping extension 'colcon_notification.desktop_notification.win32': Not used on non-Windows systems
[2.771s] INFO:colcon.colcon_notification.desktop_notification:Sending desktop notification using 'notify2'
[2.779s] DEBUG:colcon.colcon_notification.desktop_notification.notify2:Failed to initialize notify2: org.freedesktop.DBus.Error.Spawn.ExecFailed: /usr/bin/dbus-launch terminated abnormally without any error message
[2.780s] DEBUG:colcon.colcon_core.event_reactor:joined thread
[2.781s] INFO:colcon.colcon_core.shell:Creating prefix script '/root/ros2_ws/install/local_setup.ps1'
[2.787s] INFO:colcon.colcon_core.shell:Creating prefix util module '/root/ros2_ws/install/_local_setup_util_ps1.py'
[2.791s] INFO:colcon.colcon_core.shell:Creating prefix chain script '/root/ros2_ws/install/setup.ps1'
[2.794s] INFO:colcon.colcon_core.shell:Creating prefix script '/root/ros2_ws/install/local_setup.sh'
[2.796s] INFO:colcon.colcon_core.shell:Creating prefix util module '/root/ros2_ws/install/_local_setup_util_sh.py'
[2.797s] INFO:colcon.colcon_core.shell:Creating prefix chain script '/root/ros2_ws/install/setup.sh'
[2.801s] INFO:colcon.colcon_core.shell:Creating prefix script '/root/ros2_ws/install/local_setup.bash'
[2.802s] INFO:colcon.colcon_core.shell:Creating prefix chain script '/root/ros2_ws/install/setup.bash'
[2.805s] INFO:colcon.colcon_core.shell:Creating prefix script '/root/ros2_ws/install/local_setup.zsh'
[2.807s] INFO:colcon.colcon_core.shell:Creating prefix chain script '/root/ros2_ws/install/setup.zsh'
