[0.259s] DEBUG:colcon:Command line arguments: ['/usr/bin/colcon', 'build']
[0.259s] DEBUG:colcon:Parsed command line arguments: Namespace(log_base=None, log_level=None, verb_name='build', build_base='build', install_base='install', merge_install=False, symlink_install=False, test_result_base=None, continue_on_error=False, executor='parallel', parallel_workers=6, event_handlers=None, ignore_user_meta=False, metas=['./colcon.meta'], base_paths=['.'], packages_ignore=None, packages_ignore_regex=None, paths=None, packages_up_to=None, packages_up_to_regex=None, packages_above=None, packages_above_and_dependencies=None, packages_above_depth=None, packages_select_by_dep=None, packages_skip_by_dep=None, packages_skip_up_to=None, packages_select_build_failed=False, packages_skip_build_finished=False, packages_select_test_failures=False, packages_skip_test_passed=False, packages_select=None, packages_skip=None, packages_select_regex=None, packages_skip_regex=None, packages_start=None, packages_end=None, cmake_args=None, cmake_target=None, cmake_target_skip_unavailable=False, cmake_clean_cache=False, cmake_clean_first=False, cmake_force_configure=False, ament_cmake_args=None, catkin_cmake_args=None, catkin_skip_building_tests=False, mixin_files=None, mixin=None, verb_parser=<colcon_mixin.mixin.mixin_argument.MixinArgumentDecorator object at 0xffff9b8183d0>, verb_extension=<colcon_core.verb.build.BuildVerb object at 0xffff9b7e7e50>, main=<bound method BuildVerb.main of <colcon_core.verb.build.BuildVerb object at 0xffff9b7e7e50>>, mixin_verb=('build',))
[0.577s] Level 1:colcon.colcon_core.package_discovery:discover_packages(colcon_meta) check parameters
[0.579s] INFO:colcon.colcon_metadata.package_discovery.colcon_meta:Using configuration from '/root/.colcon/metadata/default/Gazebo.meta'
[0.580s] INFO:colcon.colcon_metadata.package_discovery.colcon_meta:Using configuration from '/root/.colcon/metadata/default/fastdds.meta'
[0.581s] INFO:colcon.colcon_metadata.package_discovery.colcon_meta:Using configuration from '/root/.colcon/metadata/default/fastrtps.meta'
[0.581s] Level 1:colcon.colcon_core.package_discovery:discover_packages(recursive) check parameters
[0.581s] Level 1:colcon.colcon_core.package_discovery:discover_packages(ignore) check parameters
[0.581s] Level 1:colcon.colcon_core.package_discovery:discover_packages(path) check parameters
[0.581s] Level 1:colcon.colcon_core.package_discovery:discover_packages(colcon_meta) discover
[0.581s] Level 1:colcon.colcon_core.package_discovery:discover_packages(recursive) discover
[0.581s] INFO:colcon.colcon_core.package_discovery:Crawling recursively for packages in '/root/ros2_ws'
[0.582s] Level 1:colcon.colcon_core.package_identification:_identify(.) by extensions ['ignore', 'ignore_ament_install']
[0.582s] Level 1:colcon.colcon_core.package_identification:_identify(.) by extension 'ignore'
[0.582s] Level 1:colcon.colcon_core.package_identification:_identify(.) by extension 'ignore_ament_install'
[0.582s] Level 1:colcon.colcon_core.package_identification:_identify(.) by extensions ['colcon_pkg']
[0.582s] Level 1:colcon.colcon_core.package_identification:_identify(.) by extension 'colcon_pkg'
[0.582s] Level 1:colcon.colcon_core.package_identification:_identify(.) by extensions ['colcon_meta']
[0.582s] Level 1:colcon.colcon_core.package_identification:_identify(.) by extension 'colcon_meta'
[0.583s] Level 1:colcon.colcon_core.package_identification:_identify(.) by extensions ['ros']
[0.583s] Level 1:colcon.colcon_core.package_identification:_identify(.) by extension 'ros'
[0.607s] Level 1:colcon.colcon_core.package_identification:_identify(.) by extensions ['cmake', 'python']
[0.607s] Level 1:colcon.colcon_core.package_identification:_identify(.) by extension 'cmake'
[0.607s] Level 1:colcon.colcon_core.package_identification:_identify(.) by extension 'python'
[0.608s] Level 1:colcon.colcon_core.package_identification:_identify(.) by extensions ['python_setup_py']
[0.608s] Level 1:colcon.colcon_core.package_identification:_identify(.) by extension 'python_setup_py'
[0.608s] Level 1:colcon.colcon_core.package_identification:_identify(build) by extensions ['ignore', 'ignore_ament_install']
[0.608s] Level 1:colcon.colcon_core.package_identification:_identify(build) by extension 'ignore'
[0.608s] Level 1:colcon.colcon_core.package_identification:_identify(build) ignored
[0.609s] Level 1:colcon.colcon_core.package_identification:_identify(install) by extensions ['ignore', 'ignore_ament_install']
[0.609s] Level 1:colcon.colcon_core.package_identification:_identify(install) by extension 'ignore'
[0.609s] Level 1:colcon.colcon_core.package_identification:_identify(install) ignored
[0.609s] Level 1:colcon.colcon_core.package_identification:_identify(log) by extensions ['ignore', 'ignore_ament_install']
[0.609s] Level 1:colcon.colcon_core.package_identification:_identify(log) by extension 'ignore'
[0.609s] Level 1:colcon.colcon_core.package_identification:_identify(log) ignored
[0.610s] Level 1:colcon.colcon_core.package_identification:_identify(src) by extensions ['ignore', 'ignore_ament_install']
[0.610s] Level 1:colcon.colcon_core.package_identification:_identify(src) by extension 'ignore'
[0.610s] Level 1:colcon.colcon_core.package_identification:_identify(src) by extension 'ignore_ament_install'
[0.610s] Level 1:colcon.colcon_core.package_identification:_identify(src) by extensions ['colcon_pkg']
[0.610s] Level 1:colcon.colcon_core.package_identification:_identify(src) by extension 'colcon_pkg'
[0.610s] Level 1:colcon.colcon_core.package_identification:_identify(src) by extensions ['colcon_meta']
[0.610s] Level 1:colcon.colcon_core.package_identification:_identify(src) by extension 'colcon_meta'
[0.610s] Level 1:colcon.colcon_core.package_identification:_identify(src) by extensions ['ros']
[0.610s] Level 1:colcon.colcon_core.package_identification:_identify(src) by extension 'ros'
[0.611s] Level 1:colcon.colcon_core.package_identification:_identify(src) by extensions ['cmake', 'python']
[0.611s] Level 1:colcon.colcon_core.package_identification:_identify(src) by extension 'cmake'
[0.611s] Level 1:colcon.colcon_core.package_identification:_identify(src) by extension 'python'
[0.611s] Level 1:colcon.colcon_core.package_identification:_identify(src) by extensions ['python_setup_py']
[0.611s] Level 1:colcon.colcon_core.package_identification:_identify(src) by extension 'python_setup_py'
[0.611s] Level 1:colcon.colcon_core.package_identification:_identify(src/limo_ros2) by extensions ['ignore', 'ignore_ament_install']
[0.611s] Level 1:colcon.colcon_core.package_identification:_identify(src/limo_ros2) by extension 'ignore'
[0.611s] Level 1:colcon.colcon_core.package_identification:_identify(src/limo_ros2) by extension 'ignore_ament_install'
[0.611s] Level 1:colcon.colcon_core.package_identification:_identify(src/limo_ros2) by extensions ['colcon_pkg']
[0.612s] Level 1:colcon.colcon_core.package_identification:_identify(src/limo_ros2) by extension 'colcon_pkg'
[0.612s] Level 1:colcon.colcon_core.package_identification:_identify(src/limo_ros2) by extensions ['colcon_meta']
[0.612s] Level 1:colcon.colcon_core.package_identification:_identify(src/limo_ros2) by extension 'colcon_meta'
[0.612s] Level 1:colcon.colcon_core.package_identification:_identify(src/limo_ros2) by extensions ['ros']
[0.612s] Level 1:colcon.colcon_core.package_identification:_identify(src/limo_ros2) by extension 'ros'
[0.612s] Level 1:colcon.colcon_core.package_identification:_identify(src/limo_ros2) by extensions ['cmake', 'python']
[0.612s] Level 1:colcon.colcon_core.package_identification:_identify(src/limo_ros2) by extension 'cmake'
[0.612s] Level 1:colcon.colcon_core.package_identification:_identify(src/limo_ros2) by extension 'python'
[0.612s] Level 1:colcon.colcon_core.package_identification:_identify(src/limo_ros2) by extensions ['python_setup_py']
[0.612s] Level 1:colcon.colcon_core.package_identification:_identify(src/limo_ros2) by extension 'python_setup_py'
[0.612s] Level 1:colcon.colcon_core.package_identification:_identify(src/limo_ros2/docs) by extensions ['ignore', 'ignore_ament_install']
[0.613s] Level 1:colcon.colcon_core.package_identification:_identify(src/limo_ros2/docs) by extension 'ignore'
[0.613s] Level 1:colcon.colcon_core.package_identification:_identify(src/limo_ros2/docs) by extension 'ignore_ament_install'
[0.613s] Level 1:colcon.colcon_core.package_identification:_identify(src/limo_ros2/docs) by extensions ['colcon_pkg']
[0.613s] Level 1:colcon.colcon_core.package_identification:_identify(src/limo_ros2/docs) by extension 'colcon_pkg'
[0.613s] Level 1:colcon.colcon_core.package_identification:_identify(src/limo_ros2/docs) by extensions ['colcon_meta']
[0.613s] Level 1:colcon.colcon_core.package_identification:_identify(src/limo_ros2/docs) by extension 'colcon_meta'
[0.613s] Level 1:colcon.colcon_core.package_identification:_identify(src/limo_ros2/docs) by extensions ['ros']
[0.613s] Level 1:colcon.colcon_core.package_identification:_identify(src/limo_ros2/docs) by extension 'ros'
[0.613s] Level 1:colcon.colcon_core.package_identification:_identify(src/limo_ros2/docs) by extensions ['cmake', 'python']
[0.614s] Level 1:colcon.colcon_core.package_identification:_identify(src/limo_ros2/docs) by extension 'cmake'
[0.614s] Level 1:colcon.colcon_core.package_identification:_identify(src/limo_ros2/docs) by extension 'python'
[0.614s] Level 1:colcon.colcon_core.package_identification:_identify(src/limo_ros2/docs) by extensions ['python_setup_py']
[0.614s] Level 1:colcon.colcon_core.package_identification:_identify(src/limo_ros2/docs) by extension 'python_setup_py'
[0.614s] Level 1:colcon.colcon_core.package_identification:_identify(src/limo_ros2/limo_base) by extensions ['ignore', 'ignore_ament_install']
[0.614s] Level 1:colcon.colcon_core.package_identification:_identify(src/limo_ros2/limo_base) by extension 'ignore'
[0.614s] Level 1:colcon.colcon_core.package_identification:_identify(src/limo_ros2/limo_base) by extension 'ignore_ament_install'
[0.614s] Level 1:colcon.colcon_core.package_identification:_identify(src/limo_ros2/limo_base) by extensions ['colcon_pkg']
[0.614s] Level 1:colcon.colcon_core.package_identification:_identify(src/limo_ros2/limo_base) by extension 'colcon_pkg'
[0.615s] Level 1:colcon.colcon_core.package_identification:_identify(src/limo_ros2/limo_base) by extensions ['colcon_meta']
[0.615s] Level 1:colcon.colcon_core.package_identification:_identify(src/limo_ros2/limo_base) by extension 'colcon_meta'
[0.615s] Level 1:colcon.colcon_core.package_identification:_identify(src/limo_ros2/limo_base) by extensions ['ros']
[0.615s] Level 1:colcon.colcon_core.package_identification:_identify(src/limo_ros2/limo_base) by extension 'ros'
[0.620s] DEBUG:colcon.colcon_core.package_identification:Package 'src/limo_ros2/limo_base' with type 'ros.ament_cmake' and name 'limo_base'
[0.620s] Level 1:colcon.colcon_core.package_identification:_identify(src/limo_ros2/limo_bringup) by extensions ['ignore', 'ignore_ament_install']
[0.621s] Level 1:colcon.colcon_core.package_identification:_identify(src/limo_ros2/limo_bringup) by extension 'ignore'
[0.621s] Level 1:colcon.colcon_core.package_identification:_identify(src/limo_ros2/limo_bringup) by extension 'ignore_ament_install'
[0.621s] Level 1:colcon.colcon_core.package_identification:_identify(src/limo_ros2/limo_bringup) by extensions ['colcon_pkg']
[0.621s] Level 1:colcon.colcon_core.package_identification:_identify(src/limo_ros2/limo_bringup) by extension 'colcon_pkg'
[0.621s] Level 1:colcon.colcon_core.package_identification:_identify(src/limo_ros2/limo_bringup) by extensions ['colcon_meta']
[0.621s] Level 1:colcon.colcon_core.package_identification:_identify(src/limo_ros2/limo_bringup) by extension 'colcon_meta'
[0.621s] Level 1:colcon.colcon_core.package_identification:_identify(src/limo_ros2/limo_bringup) by extensions ['ros']
[0.621s] Level 1:colcon.colcon_core.package_identification:_identify(src/limo_ros2/limo_bringup) by extension 'ros'
[0.624s] DEBUG:colcon.colcon_core.package_identification:Package 'src/limo_ros2/limo_bringup' with type 'ros.ament_cmake' and name 'limo_bringup'
[0.624s] Level 1:colcon.colcon_core.package_identification:_identify(src/limo_ros2/limo_description) by extensions ['ignore', 'ignore_ament_install']
[0.624s] Level 1:colcon.colcon_core.package_identification:_identify(src/limo_ros2/limo_description) by extension 'ignore'
[0.624s] Level 1:colcon.colcon_core.package_identification:_identify(src/limo_ros2/limo_description) by extension 'ignore_ament_install'
[0.624s] Level 1:colcon.colcon_core.package_identification:_identify(src/limo_ros2/limo_description) by extensions ['colcon_pkg']
[0.624s] Level 1:colcon.colcon_core.package_identification:_identify(src/limo_ros2/limo_description) by extension 'colcon_pkg'
[0.625s] Level 1:colcon.colcon_core.package_identification:_identify(src/limo_ros2/limo_description) by extensions ['colcon_meta']
[0.625s] Level 1:colcon.colcon_core.package_identification:_identify(src/limo_ros2/limo_description) by extension 'colcon_meta'
[0.625s] Level 1:colcon.colcon_core.package_identification:_identify(src/limo_ros2/limo_description) by extensions ['ros']
[0.625s] Level 1:colcon.colcon_core.package_identification:_identify(src/limo_ros2/limo_description) by extension 'ros'
[0.626s] DEBUG:colcon.colcon_core.package_identification:Package 'src/limo_ros2/limo_description' with type 'ros.ament_cmake' and name 'limo_description'
[0.626s] Level 1:colcon.colcon_core.package_identification:_identify(src/limo_ros2/limo_msgs) by extensions ['ignore', 'ignore_ament_install']
[0.626s] Level 1:colcon.colcon_core.package_identification:_identify(src/limo_ros2/limo_msgs) by extension 'ignore'
[0.626s] Level 1:colcon.colcon_core.package_identification:_identify(src/limo_ros2/limo_msgs) by extension 'ignore_ament_install'
[0.627s] Level 1:colcon.colcon_core.package_identification:_identify(src/limo_ros2/limo_msgs) by extensions ['colcon_pkg']
[0.627s] Level 1:colcon.colcon_core.package_identification:_identify(src/limo_ros2/limo_msgs) by extension 'colcon_pkg'
[0.627s] Level 1:colcon.colcon_core.package_identification:_identify(src/limo_ros2/limo_msgs) by extensions ['colcon_meta']
[0.627s] Level 1:colcon.colcon_core.package_identification:_identify(src/limo_ros2/limo_msgs) by extension 'colcon_meta'
[0.627s] Level 1:colcon.colcon_core.package_identification:_identify(src/limo_ros2/limo_msgs) by extensions ['ros']
[0.627s] Level 1:colcon.colcon_core.package_identification:_identify(src/limo_ros2/limo_msgs) by extension 'ros'
[0.628s] DEBUG:colcon.colcon_core.package_identification:Package 'src/limo_ros2/limo_msgs' with type 'ros.ament_cmake' and name 'limo_msgs'
[0.628s] Level 1:colcon.colcon_core.package_identification:_identify(src/limo_ros2/voice_control) by extensions ['ignore', 'ignore_ament_install']
[0.629s] Level 1:colcon.colcon_core.package_identification:_identify(src/limo_ros2/voice_control) by extension 'ignore'
[0.629s] Level 1:colcon.colcon_core.package_identification:_identify(src/limo_ros2/voice_control) by extension 'ignore_ament_install'
[0.629s] Level 1:colcon.colcon_core.package_identification:_identify(src/limo_ros2/voice_control) by extensions ['colcon_pkg']
[0.629s] Level 1:colcon.colcon_core.package_identification:_identify(src/limo_ros2/voice_control) by extension 'colcon_pkg'
[0.629s] Level 1:colcon.colcon_core.package_identification:_identify(src/limo_ros2/voice_control) by extensions ['colcon_meta']
[0.629s] Level 1:colcon.colcon_core.package_identification:_identify(src/limo_ros2/voice_control) by extension 'colcon_meta'
[0.629s] Level 1:colcon.colcon_core.package_identification:_identify(src/limo_ros2/voice_control) by extensions ['ros']
[0.629s] Level 1:colcon.colcon_core.package_identification:_identify(src/limo_ros2/voice_control) by extension 'ros'
[0.630s] DEBUG:colcon.colcon_core.package_identification:Package 'src/limo_ros2/voice_control' with type 'ros.ament_python' and name 'voice_control'
[0.630s] Level 1:colcon.colcon_core.package_identification:_identify(src/limo_ros2/ydlidar_ros2) by extensions ['ignore', 'ignore_ament_install']
[0.631s] Level 1:colcon.colcon_core.package_identification:_identify(src/limo_ros2/ydlidar_ros2) by extension 'ignore'
[0.631s] Level 1:colcon.colcon_core.package_identification:_identify(src/limo_ros2/ydlidar_ros2) by extension 'ignore_ament_install'
[0.631s] Level 1:colcon.colcon_core.package_identification:_identify(src/limo_ros2/ydlidar_ros2) by extensions ['colcon_pkg']
[0.631s] Level 1:colcon.colcon_core.package_identification:_identify(src/limo_ros2/ydlidar_ros2) by extension 'colcon_pkg'
[0.631s] Level 1:colcon.colcon_core.package_identification:_identify(src/limo_ros2/ydlidar_ros2) by extensions ['colcon_meta']
[0.631s] Level 1:colcon.colcon_core.package_identification:_identify(src/limo_ros2/ydlidar_ros2) by extension 'colcon_meta'
[0.631s] Level 1:colcon.colcon_core.package_identification:_identify(src/limo_ros2/ydlidar_ros2) by extensions ['ros']
[0.631s] Level 1:colcon.colcon_core.package_identification:_identify(src/limo_ros2/ydlidar_ros2) by extension 'ros'
[0.632s] DEBUG:colcon.colcon_core.package_identification:Package 'src/limo_ros2/ydlidar_ros2' with type 'ros.ament_cmake' and name 'ydlidar_ros2_driver'
[0.632s] Level 1:colcon.colcon_core.package_discovery:discover_packages(recursive) using defaults
[0.633s] Level 1:colcon.colcon_core.package_discovery:discover_packages(ignore) discover
[0.633s] Level 1:colcon.colcon_core.package_discovery:discover_packages(ignore) using defaults
[0.633s] Level 1:colcon.colcon_core.package_discovery:discover_packages(path) discover
[0.633s] Level 1:colcon.colcon_core.package_discovery:discover_packages(path) using defaults
[0.674s] Level 5:colcon.colcon_core.verb:set package 'limo_description' build argument 'cmake_args' from command line to 'None'
[0.674s] Level 5:colcon.colcon_core.verb:set package 'limo_description' build argument 'cmake_target' from command line to 'None'
[0.674s] Level 5:colcon.colcon_core.verb:set package 'limo_description' build argument 'cmake_target_skip_unavailable' from command line to 'False'
[0.674s] Level 5:colcon.colcon_core.verb:set package 'limo_description' build argument 'cmake_clean_cache' from command line to 'False'
[0.674s] Level 5:colcon.colcon_core.verb:set package 'limo_description' build argument 'cmake_clean_first' from command line to 'False'
[0.674s] Level 5:colcon.colcon_core.verb:set package 'limo_description' build argument 'cmake_force_configure' from command line to 'False'
[0.674s] Level 5:colcon.colcon_core.verb:set package 'limo_description' build argument 'ament_cmake_args' from command line to 'None'
[0.674s] Level 5:colcon.colcon_core.verb:set package 'limo_description' build argument 'catkin_cmake_args' from command line to 'None'
[0.674s] Level 5:colcon.colcon_core.verb:set package 'limo_description' build argument 'catkin_skip_building_tests' from command line to 'False'
[0.675s] DEBUG:colcon.colcon_core.verb:Building package 'limo_description' with the following arguments: {'ament_cmake_args': None, 'build_base': '/root/ros2_ws/build/limo_description', 'catkin_cmake_args': None, 'catkin_skip_building_tests': False, 'cmake_args': None, 'cmake_clean_cache': False, 'cmake_clean_first': False, 'cmake_force_configure': False, 'cmake_target': None, 'cmake_target_skip_unavailable': False, 'install_base': '/root/ros2_ws/install/limo_description', 'merge_install': False, 'path': '/root/ros2_ws/src/limo_ros2/limo_description', 'symlink_install': False, 'test_result_base': None}
[0.675s] Level 5:colcon.colcon_core.verb:set package 'limo_msgs' build argument 'cmake_args' from command line to 'None'
[0.675s] Level 5:colcon.colcon_core.verb:set package 'limo_msgs' build argument 'cmake_target' from command line to 'None'
[0.675s] Level 5:colcon.colcon_core.verb:set package 'limo_msgs' build argument 'cmake_target_skip_unavailable' from command line to 'False'
[0.675s] Level 5:colcon.colcon_core.verb:set package 'limo_msgs' build argument 'cmake_clean_cache' from command line to 'False'
[0.675s] Level 5:colcon.colcon_core.verb:set package 'limo_msgs' build argument 'cmake_clean_first' from command line to 'False'
[0.675s] Level 5:colcon.colcon_core.verb:set package 'limo_msgs' build argument 'cmake_force_configure' from command line to 'False'
[0.676s] Level 5:colcon.colcon_core.verb:set package 'limo_msgs' build argument 'ament_cmake_args' from command line to 'None'
[0.676s] Level 5:colcon.colcon_core.verb:set package 'limo_msgs' build argument 'catkin_cmake_args' from command line to 'None'
[0.676s] Level 5:colcon.colcon_core.verb:set package 'limo_msgs' build argument 'catkin_skip_building_tests' from command line to 'False'
[0.676s] DEBUG:colcon.colcon_core.verb:Building package 'limo_msgs' with the following arguments: {'ament_cmake_args': None, 'build_base': '/root/ros2_ws/build/limo_msgs', 'catkin_cmake_args': None, 'catkin_skip_building_tests': False, 'cmake_args': None, 'cmake_clean_cache': False, 'cmake_clean_first': False, 'cmake_force_configure': False, 'cmake_target': None, 'cmake_target_skip_unavailable': False, 'install_base': '/root/ros2_ws/install/limo_msgs', 'merge_install': False, 'path': '/root/ros2_ws/src/limo_ros2/limo_msgs', 'symlink_install': False, 'test_result_base': None}
[0.676s] Level 5:colcon.colcon_core.verb:set package 'voice_control' build argument 'cmake_args' from command line to 'None'
[0.676s] Level 5:colcon.colcon_core.verb:set package 'voice_control' build argument 'cmake_target' from command line to 'None'
[0.677s] Level 5:colcon.colcon_core.verb:set package 'voice_control' build argument 'cmake_target_skip_unavailable' from command line to 'False'
[0.677s] Level 5:colcon.colcon_core.verb:set package 'voice_control' build argument 'cmake_clean_cache' from command line to 'False'
[0.677s] Level 5:colcon.colcon_core.verb:set package 'voice_control' build argument 'cmake_clean_first' from command line to 'False'
[0.677s] Level 5:colcon.colcon_core.verb:set package 'voice_control' build argument 'cmake_force_configure' from command line to 'False'
[0.677s] Level 5:colcon.colcon_core.verb:set package 'voice_control' build argument 'ament_cmake_args' from command line to 'None'
[0.677s] Level 5:colcon.colcon_core.verb:set package 'voice_control' build argument 'catkin_cmake_args' from command line to 'None'
[0.677s] Level 5:colcon.colcon_core.verb:set package 'voice_control' build argument 'catkin_skip_building_tests' from command line to 'False'
[0.677s] DEBUG:colcon.colcon_core.verb:Building package 'voice_control' with the following arguments: {'ament_cmake_args': None, 'build_base': '/root/ros2_ws/build/voice_control', 'catkin_cmake_args': None, 'catkin_skip_building_tests': False, 'cmake_args': None, 'cmake_clean_cache': False, 'cmake_clean_first': False, 'cmake_force_configure': False, 'cmake_target': None, 'cmake_target_skip_unavailable': False, 'install_base': '/root/ros2_ws/install/voice_control', 'merge_install': False, 'path': '/root/ros2_ws/src/limo_ros2/voice_control', 'symlink_install': False, 'test_result_base': None}
[0.678s] Level 5:colcon.colcon_core.verb:set package 'ydlidar_ros2_driver' build argument 'cmake_args' from command line to 'None'
[0.678s] Level 5:colcon.colcon_core.verb:set package 'ydlidar_ros2_driver' build argument 'cmake_target' from command line to 'None'
[0.678s] Level 5:colcon.colcon_core.verb:set package 'ydlidar_ros2_driver' build argument 'cmake_target_skip_unavailable' from command line to 'False'
[0.678s] Level 5:colcon.colcon_core.verb:set package 'ydlidar_ros2_driver' build argument 'cmake_clean_cache' from command line to 'False'
[0.678s] Level 5:colcon.colcon_core.verb:set package 'ydlidar_ros2_driver' build argument 'cmake_clean_first' from command line to 'False'
[0.678s] Level 5:colcon.colcon_core.verb:set package 'ydlidar_ros2_driver' build argument 'cmake_force_configure' from command line to 'False'
[0.678s] Level 5:colcon.colcon_core.verb:set package 'ydlidar_ros2_driver' build argument 'ament_cmake_args' from command line to 'None'
[0.678s] Level 5:colcon.colcon_core.verb:set package 'ydlidar_ros2_driver' build argument 'catkin_cmake_args' from command line to 'None'
[0.678s] Level 5:colcon.colcon_core.verb:set package 'ydlidar_ros2_driver' build argument 'catkin_skip_building_tests' from command line to 'False'
[0.678s] DEBUG:colcon.colcon_core.verb:Building package 'ydlidar_ros2_driver' with the following arguments: {'ament_cmake_args': None, 'build_base': '/root/ros2_ws/build/ydlidar_ros2_driver', 'catkin_cmake_args': None, 'catkin_skip_building_tests': False, 'cmake_args': None, 'cmake_clean_cache': False, 'cmake_clean_first': False, 'cmake_force_configure': False, 'cmake_target': None, 'cmake_target_skip_unavailable': False, 'install_base': '/root/ros2_ws/install/ydlidar_ros2_driver', 'merge_install': False, 'path': '/root/ros2_ws/src/limo_ros2/ydlidar_ros2', 'symlink_install': False, 'test_result_base': None}
[0.679s] Level 5:colcon.colcon_core.verb:set package 'limo_base' build argument 'cmake_args' from command line to 'None'
[0.679s] Level 5:colcon.colcon_core.verb:set package 'limo_base' build argument 'cmake_target' from command line to 'None'
[0.679s] Level 5:colcon.colcon_core.verb:set package 'limo_base' build argument 'cmake_target_skip_unavailable' from command line to 'False'
[0.679s] Level 5:colcon.colcon_core.verb:set package 'limo_base' build argument 'cmake_clean_cache' from command line to 'False'
[0.679s] Level 5:colcon.colcon_core.verb:set package 'limo_base' build argument 'cmake_clean_first' from command line to 'False'
[0.679s] Level 5:colcon.colcon_core.verb:set package 'limo_base' build argument 'cmake_force_configure' from command line to 'False'
[0.679s] Level 5:colcon.colcon_core.verb:set package 'limo_base' build argument 'ament_cmake_args' from command line to 'None'
[0.679s] Level 5:colcon.colcon_core.verb:set package 'limo_base' build argument 'catkin_cmake_args' from command line to 'None'
[0.679s] Level 5:colcon.colcon_core.verb:set package 'limo_base' build argument 'catkin_skip_building_tests' from command line to 'False'
[0.679s] DEBUG:colcon.colcon_core.verb:Building package 'limo_base' with the following arguments: {'ament_cmake_args': None, 'build_base': '/root/ros2_ws/build/limo_base', 'catkin_cmake_args': None, 'catkin_skip_building_tests': False, 'cmake_args': None, 'cmake_clean_cache': False, 'cmake_clean_first': False, 'cmake_force_configure': False, 'cmake_target': None, 'cmake_target_skip_unavailable': False, 'install_base': '/root/ros2_ws/install/limo_base', 'merge_install': False, 'path': '/root/ros2_ws/src/limo_ros2/limo_base', 'symlink_install': False, 'test_result_base': None}
[0.680s] Level 5:colcon.colcon_core.verb:set package 'limo_bringup' build argument 'cmake_args' from command line to 'None'
[0.680s] Level 5:colcon.colcon_core.verb:set package 'limo_bringup' build argument 'cmake_target' from command line to 'None'
[0.680s] Level 5:colcon.colcon_core.verb:set package 'limo_bringup' build argument 'cmake_target_skip_unavailable' from command line to 'False'
[0.680s] Level 5:colcon.colcon_core.verb:set package 'limo_bringup' build argument 'cmake_clean_cache' from command line to 'False'
[0.680s] Level 5:colcon.colcon_core.verb:set package 'limo_bringup' build argument 'cmake_clean_first' from command line to 'False'
[0.680s] Level 5:colcon.colcon_core.verb:set package 'limo_bringup' build argument 'cmake_force_configure' from command line to 'False'
[0.680s] Level 5:colcon.colcon_core.verb:set package 'limo_bringup' build argument 'ament_cmake_args' from command line to 'None'
[0.680s] Level 5:colcon.colcon_core.verb:set package 'limo_bringup' build argument 'catkin_cmake_args' from command line to 'None'
[0.680s] Level 5:colcon.colcon_core.verb:set package 'limo_bringup' build argument 'catkin_skip_building_tests' from command line to 'False'
[0.680s] DEBUG:colcon.colcon_core.verb:Building package 'limo_bringup' with the following arguments: {'ament_cmake_args': None, 'build_base': '/root/ros2_ws/build/limo_bringup', 'catkin_cmake_args': None, 'catkin_skip_building_tests': False, 'cmake_args': None, 'cmake_clean_cache': False, 'cmake_clean_first': False, 'cmake_force_configure': False, 'cmake_target': None, 'cmake_target_skip_unavailable': False, 'install_base': '/root/ros2_ws/install/limo_bringup', 'merge_install': False, 'path': '/root/ros2_ws/src/limo_ros2/limo_bringup', 'symlink_install': False, 'test_result_base': None}
[0.681s] INFO:colcon.colcon_core.executor:Executing jobs using 'parallel' executor
[0.683s] DEBUG:colcon.colcon_parallel_executor.executor.parallel:run_until_complete
[0.684s] INFO:colcon.colcon_ros.task.ament_cmake.build:Building ROS package in '/root/ros2_ws/src/limo_ros2/limo_msgs' with build type 'ament_cmake'
[0.686s] INFO:colcon.colcon_cmake.task.cmake.build:Building CMake package in '/root/ros2_ws/src/limo_ros2/limo_msgs'
[0.691s] INFO:colcon.colcon_core.plugin_system:Skipping extension 'colcon_core.shell.bat': Not used on non-Windows systems
[0.691s] INFO:colcon.colcon_core.shell:Skip shell extension 'powershell' for command environment: Not usable outside of PowerShell
[0.691s] DEBUG:colcon.colcon_core.shell:Skip shell extension 'dsv' for command environment
[0.693s] WARNING:colcon.colcon_ros.prefix_path.ament:The path '/root/ros2_ws/install/ydlidar_ros2_driver' in the environment variable AMENT_PREFIX_PATH doesn't exist
[0.693s] WARNING:colcon.colcon_ros.prefix_path.ament:The path '/root/ros2_ws/install/voice_control' in the environment variable AMENT_PREFIX_PATH doesn't exist
[0.694s] WARNING:colcon.colcon_ros.prefix_path.ament:The path '/root/ros2_ws/install/limo_bringup' in the environment variable AMENT_PREFIX_PATH doesn't exist
[0.694s] WARNING:colcon.colcon_ros.prefix_path.ament:The path '/root/ros2_ws/install/limo_base' in the environment variable AMENT_PREFIX_PATH doesn't exist
[0.694s] WARNING:colcon.colcon_ros.prefix_path.ament:The path '/root/ros2_ws/install/limo_msgs' in the environment variable AMENT_PREFIX_PATH doesn't exist
[0.694s] WARNING:colcon.colcon_ros.prefix_path.ament:The path '/root/ros2_ws/install/limo_description' in the environment variable AMENT_PREFIX_PATH doesn't exist
[0.694s] WARNING:colcon.colcon_ros.prefix_path.catkin:The path '/root/ros2_ws/install/ydlidar_ros2_driver' in the environment variable CMAKE_PREFIX_PATH doesn't exist
[0.694s] WARNING:colcon.colcon_ros.prefix_path.catkin:The path '/root/ros2_ws/install/limo_bringup' in the environment variable CMAKE_PREFIX_PATH doesn't exist
[0.694s] WARNING:colcon.colcon_ros.prefix_path.catkin:The path '/root/ros2_ws/install/limo_base' in the environment variable CMAKE_PREFIX_PATH doesn't exist
[0.694s] WARNING:colcon.colcon_ros.prefix_path.catkin:The path '/root/ros2_ws/install/limo_msgs' in the environment variable CMAKE_PREFIX_PATH doesn't exist
[0.694s] WARNING:colcon.colcon_ros.prefix_path.catkin:The path '/root/ros2_ws/install/limo_description' in the environment variable CMAKE_PREFIX_PATH doesn't exist
[0.702s] INFO:colcon.colcon_ros.task.ament_cmake.build:Building ROS package in '/root/ros2_ws/src/limo_ros2/limo_description' with build type 'ament_cmake'
[0.702s] INFO:colcon.colcon_cmake.task.cmake.build:Building CMake package in '/root/ros2_ws/src/limo_ros2/limo_description'
[0.703s] INFO:colcon.colcon_core.shell:Skip shell extension 'powershell' for command environment: Not usable outside of PowerShell
[0.703s] DEBUG:colcon.colcon_core.shell:Skip shell extension 'dsv' for command environment
[0.710s] INFO:colcon.colcon_ros.task.ament_python.build:Building ROS package in '/root/ros2_ws/src/limo_ros2/voice_control' with build type 'ament_python'
[0.710s] Level 1:colcon.colcon_core.shell:create_environment_hook('voice_control', 'ament_prefix_path')
[0.711s] INFO:colcon.colcon_core.shell:Creating environment hook '/root/ros2_ws/install/voice_control/share/voice_control/hook/ament_prefix_path.ps1'
[0.742s] INFO:colcon.colcon_core.shell:Creating environment descriptor '/root/ros2_ws/install/voice_control/share/voice_control/hook/ament_prefix_path.dsv'
[0.743s] INFO:colcon.colcon_core.shell:Creating environment hook '/root/ros2_ws/install/voice_control/share/voice_control/hook/ament_prefix_path.sh'
[0.745s] INFO:colcon.colcon_core.shell:Skip shell extension 'powershell' for command environment: Not usable outside of PowerShell
[0.745s] DEBUG:colcon.colcon_core.shell:Skip shell extension 'dsv' for command environment
[0.752s] INFO:colcon.colcon_ros.task.ament_cmake.build:Building ROS package in '/root/ros2_ws/src/limo_ros2/ydlidar_ros2' with build type 'ament_cmake'
[0.752s] INFO:colcon.colcon_cmake.task.cmake.build:Building CMake package in '/root/ros2_ws/src/limo_ros2/ydlidar_ros2'
[0.753s] INFO:colcon.colcon_core.shell:Skip shell extension 'powershell' for command environment: Not usable outside of PowerShell
[0.753s] DEBUG:colcon.colcon_core.shell:Skip shell extension 'dsv' for command environment
[0.766s] DEBUG:colcon.colcon_core.event_handler.log_command:Invoking command in '/root/ros2_ws/build/limo_msgs': CMAKE_PREFIX_PATH=${CMAKE_PREFIX_PATH}:/root/ros2_ws/install/voice_control:/opt/ros/humble /usr/bin/cmake /root/ros2_ws/src/limo_ros2/limo_msgs -DCMAKE_INSTALL_PREFIX=/root/ros2_ws/install/limo_msgs
[0.776s] DEBUG:colcon.colcon_core.event_handler.log_command:Invoking command in '/root/ros2_ws/build/limo_description': CMAKE_PREFIX_PATH=${CMAKE_PREFIX_PATH}:/root/ros2_ws/install/voice_control:/opt/ros/humble /usr/bin/cmake /root/ros2_ws/src/limo_ros2/limo_description -DCMAKE_INSTALL_PREFIX=/root/ros2_ws/install/limo_description
[1.340s] INFO:colcon.colcon_core.task.python.build:Building Python package in '/root/ros2_ws/src/limo_ros2/voice_control'
[1.341s] INFO:colcon.colcon_core.shell:Skip shell extension 'powershell' for command environment: Not usable outside of PowerShell
[1.341s] DEBUG:colcon.colcon_core.shell:Skip shell extension 'dsv' for command environment
[1.367s] DEBUG:colcon.colcon_core.event_handler.log_command:Invoking command in '/root/ros2_ws/build/ydlidar_ros2_driver': CMAKE_PREFIX_PATH=${CMAKE_PREFIX_PATH}:/root/ros2_ws/install/voice_control:/opt/ros/humble /usr/bin/cmake /root/ros2_ws/src/limo_ros2/ydlidar_ros2 -DCMAKE_INSTALL_PREFIX=/root/ros2_ws/install/ydlidar_ros2_driver
[2.093s] DEBUG:colcon.colcon_core.event_handler.log_command:Invoking command in '/root/ros2_ws/src/limo_ros2/voice_control': PYTHONPATH=/root/ros2_ws/build/voice_control/prefix_override:/usr/lib/python3/dist-packages/colcon_core/task/python/colcon_distutils_commands:/root/ros2_ws/install/voice_control/lib/python3.10/site-packages:${PYTHONPATH} /usr/bin/python3 -W ignore:setup.py install is deprecated -W ignore:easy_install command is deprecated setup.py egg_info --egg-base ../../../build/voice_control build --build-base /root/ros2_ws/build/voice_control/build install --record /root/ros2_ws/build/voice_control/install.log --install-scripts $base/lib/voice_control --single-version-externally-managed install_data
[2.350s] DEBUG:colcon.colcon_core.event_handler.log_command:Invoked command in '/root/ros2_ws/build/limo_description' returned '0': CMAKE_PREFIX_PATH=${CMAKE_PREFIX_PATH}:/root/ros2_ws/install/voice_control:/opt/ros/humble /usr/bin/cmake /root/ros2_ws/src/limo_ros2/limo_description -DCMAKE_INSTALL_PREFIX=/root/ros2_ws/install/limo_description
[2.354s] DEBUG:colcon.colcon_core.event_handler.log_command:Invoking command in '/root/ros2_ws/build/limo_description': CMAKE_PREFIX_PATH=${CMAKE_PREFIX_PATH}:/root/ros2_ws/install/voice_control:/opt/ros/humble /usr/bin/cmake --build /root/ros2_ws/build/limo_description -- -j6 -l6
[2.437s] DEBUG:colcon.colcon_core.event_handler.log_command:Invoked command in '/root/ros2_ws/build/limo_description' returned '0': CMAKE_PREFIX_PATH=${CMAKE_PREFIX_PATH}:/root/ros2_ws/install/voice_control:/opt/ros/humble /usr/bin/cmake --build /root/ros2_ws/build/limo_description -- -j6 -l6
[2.459s] DEBUG:colcon.colcon_core.event_handler.log_command:Invoking command in '/root/ros2_ws/build/limo_description': CMAKE_PREFIX_PATH=${CMAKE_PREFIX_PATH}:/root/ros2_ws/install/voice_control:/opt/ros/humble /usr/bin/cmake --install /root/ros2_ws/build/limo_description
[2.752s] DEBUG:colcon.colcon_core.event_handler.log_command:Invoked command in '/root/ros2_ws/src/limo_ros2/voice_control' returned '0': PYTHONPATH=/root/ros2_ws/build/voice_control/prefix_override:/usr/lib/python3/dist-packages/colcon_core/task/python/colcon_distutils_commands:/root/ros2_ws/install/voice_control/lib/python3.10/site-packages:${PYTHONPATH} /usr/bin/python3 -W ignore:setup.py install is deprecated -W ignore:easy_install command is deprecated setup.py egg_info --egg-base ../../../build/voice_control build --build-base /root/ros2_ws/build/voice_control/build install --record /root/ros2_ws/build/voice_control/install.log --install-scripts $base/lib/voice_control --single-version-externally-managed install_data
[2.764s] Level 1:colcon.colcon_core.environment:checking '/root/ros2_ws/install/voice_control' for CMake module files
[2.766s] Level 1:colcon.colcon_core.environment:checking '/root/ros2_ws/install/voice_control' for CMake config files
[2.769s] Level 1:colcon.colcon_core.environment:checking '/root/ros2_ws/install/voice_control/lib'
[2.770s] Level 1:colcon.colcon_core.environment:checking '/root/ros2_ws/install/voice_control/bin'
[2.770s] Level 1:colcon.colcon_core.environment:checking '/root/ros2_ws/install/voice_control/lib/pkgconfig/voice_control.pc'
[2.771s] Level 1:colcon.colcon_core.environment:checking '/root/ros2_ws/install/voice_control/lib/python3.10/site-packages'
[2.771s] Level 1:colcon.colcon_core.shell:create_environment_hook('voice_control', 'pythonpath')
[2.772s] INFO:colcon.colcon_core.shell:Creating environment hook '/root/ros2_ws/install/voice_control/share/voice_control/hook/pythonpath.ps1'
[2.773s] INFO:colcon.colcon_core.shell:Creating environment descriptor '/root/ros2_ws/install/voice_control/share/voice_control/hook/pythonpath.dsv'
[2.774s] INFO:colcon.colcon_core.shell:Creating environment hook '/root/ros2_ws/install/voice_control/share/voice_control/hook/pythonpath.sh'
[2.775s] Level 1:colcon.colcon_core.environment:checking '/root/ros2_ws/install/voice_control/bin'
[2.776s] Level 1:colcon.colcon_core.environment:create_environment_scripts_only(voice_control)
[2.776s] INFO:colcon.colcon_core.shell:Creating package script '/root/ros2_ws/install/voice_control/share/voice_control/package.ps1'
[2.778s] INFO:colcon.colcon_core.shell:Creating package descriptor '/root/ros2_ws/install/voice_control/share/voice_control/package.dsv'
[2.780s] INFO:colcon.colcon_core.shell:Creating package script '/root/ros2_ws/install/voice_control/share/voice_control/package.sh'
[2.781s] INFO:colcon.colcon_core.shell:Creating package script '/root/ros2_ws/install/voice_control/share/voice_control/package.bash'
[2.782s] INFO:colcon.colcon_core.shell:Creating package script '/root/ros2_ws/install/voice_control/share/voice_control/package.zsh'
[2.784s] Level 1:colcon.colcon_core.environment:create_file_with_runtime_dependencies(/root/ros2_ws/install/voice_control/share/colcon-core/packages/voice_control)
[2.786s] Level 1:colcon.colcon_core.environment:create_environment_scripts_only(limo_description)
[2.787s] Level 1:colcon.colcon_core.environment:checking '/root/ros2_ws/install/limo_description' for CMake module files
[2.788s] DEBUG:colcon.colcon_core.event_handler.log_command:Invoked command in '/root/ros2_ws/build/limo_description' returned '0': CMAKE_PREFIX_PATH=${CMAKE_PREFIX_PATH}:/root/ros2_ws/install/voice_control:/opt/ros/humble /usr/bin/cmake --install /root/ros2_ws/build/limo_description
[2.789s] Level 1:colcon.colcon_core.environment:checking '/root/ros2_ws/install/limo_description' for CMake config files
[2.790s] Level 1:colcon.colcon_core.shell:create_environment_hook('limo_description', 'cmake_prefix_path')
[2.790s] INFO:colcon.colcon_core.shell:Creating environment hook '/root/ros2_ws/install/limo_description/share/limo_description/hook/cmake_prefix_path.ps1'
[2.792s] INFO:colcon.colcon_core.shell:Creating environment descriptor '/root/ros2_ws/install/limo_description/share/limo_description/hook/cmake_prefix_path.dsv'
[2.793s] INFO:colcon.colcon_core.shell:Creating environment hook '/root/ros2_ws/install/limo_description/share/limo_description/hook/cmake_prefix_path.sh'
[2.794s] Level 1:colcon.colcon_core.environment:checking '/root/ros2_ws/install/limo_description/bin'
[2.794s] Level 1:colcon.colcon_core.environment:checking '/root/ros2_ws/install/limo_description/lib/pkgconfig/limo_description.pc'
[2.795s] Level 1:colcon.colcon_core.environment:checking '/root/ros2_ws/install/limo_description/lib/python3.10/site-packages'
[2.795s] Level 1:colcon.colcon_core.environment:checking '/root/ros2_ws/install/limo_description/bin'
[2.796s] INFO:colcon.colcon_core.shell:Creating package script '/root/ros2_ws/install/limo_description/share/limo_description/package.ps1'
[2.798s] INFO:colcon.colcon_core.shell:Creating package descriptor '/root/ros2_ws/install/limo_description/share/limo_description/package.dsv'
[2.799s] INFO:colcon.colcon_core.shell:Creating package script '/root/ros2_ws/install/limo_description/share/limo_description/package.sh'
[2.800s] INFO:colcon.colcon_core.shell:Creating package script '/root/ros2_ws/install/limo_description/share/limo_description/package.bash'
[2.801s] INFO:colcon.colcon_core.shell:Creating package script '/root/ros2_ws/install/limo_description/share/limo_description/package.zsh'
[2.802s] Level 1:colcon.colcon_core.environment:create_file_with_runtime_dependencies(/root/ros2_ws/install/limo_description/share/colcon-core/packages/limo_description)
[2.803s] Level 1:colcon.colcon_core.environment:create_environment_scripts_only(limo_description)
[2.804s] Level 1:colcon.colcon_core.environment:checking '/root/ros2_ws/install/limo_description' for CMake module files
[2.805s] Level 1:colcon.colcon_core.environment:checking '/root/ros2_ws/install/limo_description' for CMake config files
[2.806s] Level 1:colcon.colcon_core.shell:create_environment_hook('limo_description', 'cmake_prefix_path')
[2.806s] INFO:colcon.colcon_core.shell:Creating environment hook '/root/ros2_ws/install/limo_description/share/limo_description/hook/cmake_prefix_path.ps1'
[2.807s] INFO:colcon.colcon_core.shell:Creating environment descriptor '/root/ros2_ws/install/limo_description/share/limo_description/hook/cmake_prefix_path.dsv'
[2.808s] INFO:colcon.colcon_core.shell:Creating environment hook '/root/ros2_ws/install/limo_description/share/limo_description/hook/cmake_prefix_path.sh'
[2.810s] Level 1:colcon.colcon_core.environment:checking '/root/ros2_ws/install/limo_description/bin'
[2.810s] Level 1:colcon.colcon_core.environment:checking '/root/ros2_ws/install/limo_description/lib/pkgconfig/limo_description.pc'
[2.811s] Level 1:colcon.colcon_core.environment:checking '/root/ros2_ws/install/limo_description/lib/python3.10/site-packages'
[2.811s] Level 1:colcon.colcon_core.environment:checking '/root/ros2_ws/install/limo_description/bin'
[2.812s] INFO:colcon.colcon_core.shell:Creating package script '/root/ros2_ws/install/limo_description/share/limo_description/package.ps1'
[2.813s] INFO:colcon.colcon_core.shell:Creating package descriptor '/root/ros2_ws/install/limo_description/share/limo_description/package.dsv'
[2.815s] INFO:colcon.colcon_core.shell:Creating package script '/root/ros2_ws/install/limo_description/share/limo_description/package.sh'
[2.816s] INFO:colcon.colcon_core.shell:Creating package script '/root/ros2_ws/install/limo_description/share/limo_description/package.bash'
[2.817s] INFO:colcon.colcon_core.shell:Creating package script '/root/ros2_ws/install/limo_description/share/limo_description/package.zsh'
[2.818s] Level 1:colcon.colcon_core.environment:create_file_with_runtime_dependencies(/root/ros2_ws/install/limo_description/share/colcon-core/packages/limo_description)
[4.163s] DEBUG:colcon.colcon_core.event_handler.log_command:Invoked command in '/root/ros2_ws/build/ydlidar_ros2_driver' returned '0': CMAKE_PREFIX_PATH=${CMAKE_PREFIX_PATH}:/root/ros2_ws/install/voice_control:/opt/ros/humble /usr/bin/cmake /root/ros2_ws/src/limo_ros2/ydlidar_ros2 -DCMAKE_INSTALL_PREFIX=/root/ros2_ws/install/ydlidar_ros2_driver
[4.166s] DEBUG:colcon.colcon_core.event_handler.log_command:Invoking command in '/root/ros2_ws/build/ydlidar_ros2_driver': CMAKE_PREFIX_PATH=${CMAKE_PREFIX_PATH}:/root/ros2_ws/install/voice_control:/opt/ros/humble /usr/bin/cmake --build /root/ros2_ws/build/ydlidar_ros2_driver -- -j6 -l6
[4.554s] DEBUG:colcon.colcon_core.event_handler.log_command:Invoked command in '/root/ros2_ws/build/limo_msgs' returned '0': CMAKE_PREFIX_PATH=${CMAKE_PREFIX_PATH}:/root/ros2_ws/install/voice_control:/opt/ros/humble /usr/bin/cmake /root/ros2_ws/src/limo_ros2/limo_msgs -DCMAKE_INSTALL_PREFIX=/root/ros2_ws/install/limo_msgs
[4.560s] DEBUG:colcon.colcon_core.event_handler.log_command:Invoking command in '/root/ros2_ws/build/limo_msgs': CMAKE_PREFIX_PATH=${CMAKE_PREFIX_PATH}:/root/ros2_ws/install/voice_control:/opt/ros/humble /usr/bin/cmake --build /root/ros2_ws/build/limo_msgs -- -j6 -l6
[9.410s] DEBUG:colcon.colcon_core.event_handler.log_command:Invoked command in '/root/ros2_ws/build/limo_msgs' returned '0': CMAKE_PREFIX_PATH=${CMAKE_PREFIX_PATH}:/root/ros2_ws/install/voice_control:/opt/ros/humble /usr/bin/cmake --build /root/ros2_ws/build/limo_msgs -- -j6 -l6
[9.415s] DEBUG:colcon.colcon_core.event_handler.log_command:Invoking command in '/root/ros2_ws/build/limo_msgs': CMAKE_PREFIX_PATH=${CMAKE_PREFIX_PATH}:/root/ros2_ws/install/voice_control:/opt/ros/humble /usr/bin/cmake --install /root/ros2_ws/build/limo_msgs
[9.559s] Level 1:colcon.colcon_core.environment:create_environment_scripts_only(limo_msgs)
[9.560s] Level 1:colcon.colcon_core.environment:checking '/root/ros2_ws/install/limo_msgs' for CMake module files
[9.561s] DEBUG:colcon.colcon_core.event_handler.log_command:Invoked command in '/root/ros2_ws/build/limo_msgs' returned '0': CMAKE_PREFIX_PATH=${CMAKE_PREFIX_PATH}:/root/ros2_ws/install/voice_control:/opt/ros/humble /usr/bin/cmake --install /root/ros2_ws/build/limo_msgs
[9.562s] Level 1:colcon.colcon_core.environment:checking '/root/ros2_ws/install/limo_msgs' for CMake config files
[9.563s] Level 1:colcon.colcon_core.shell:create_environment_hook('limo_msgs', 'cmake_prefix_path')
[9.565s] INFO:colcon.colcon_core.shell:Creating environment hook '/root/ros2_ws/install/limo_msgs/share/limo_msgs/hook/cmake_prefix_path.ps1'
[9.567s] INFO:colcon.colcon_core.shell:Creating environment descriptor '/root/ros2_ws/install/limo_msgs/share/limo_msgs/hook/cmake_prefix_path.dsv'
[9.568s] INFO:colcon.colcon_core.shell:Creating environment hook '/root/ros2_ws/install/limo_msgs/share/limo_msgs/hook/cmake_prefix_path.sh'
[9.571s] Level 1:colcon.colcon_core.environment:checking '/root/ros2_ws/install/limo_msgs/lib'
[9.572s] Level 1:colcon.colcon_core.shell:create_environment_hook('limo_msgs', 'ld_library_path_lib')
[9.573s] INFO:colcon.colcon_core.shell:Creating environment hook '/root/ros2_ws/install/limo_msgs/share/limo_msgs/hook/ld_library_path_lib.ps1'
[9.574s] INFO:colcon.colcon_core.shell:Creating environment descriptor '/root/ros2_ws/install/limo_msgs/share/limo_msgs/hook/ld_library_path_lib.dsv'
[9.576s] INFO:colcon.colcon_core.shell:Creating environment hook '/root/ros2_ws/install/limo_msgs/share/limo_msgs/hook/ld_library_path_lib.sh'
[9.577s] Level 1:colcon.colcon_core.environment:checking '/root/ros2_ws/install/limo_msgs/bin'
[9.577s] Level 1:colcon.colcon_core.environment:checking '/root/ros2_ws/install/limo_msgs/lib/pkgconfig/limo_msgs.pc'
[9.578s] Level 1:colcon.colcon_core.environment:checking '/root/ros2_ws/install/limo_msgs/lib/python3.10/site-packages'
[9.580s] Level 1:colcon.colcon_core.environment:checking '/root/ros2_ws/install/limo_msgs/bin'
[9.581s] INFO:colcon.colcon_core.shell:Creating package script '/root/ros2_ws/install/limo_msgs/share/limo_msgs/package.ps1'
[9.583s] INFO:colcon.colcon_core.shell:Creating package descriptor '/root/ros2_ws/install/limo_msgs/share/limo_msgs/package.dsv'
[9.585s] INFO:colcon.colcon_core.shell:Creating package script '/root/ros2_ws/install/limo_msgs/share/limo_msgs/package.sh'
[9.586s] INFO:colcon.colcon_core.shell:Creating package script '/root/ros2_ws/install/limo_msgs/share/limo_msgs/package.bash'
[9.587s] INFO:colcon.colcon_core.shell:Creating package script '/root/ros2_ws/install/limo_msgs/share/limo_msgs/package.zsh'
[9.588s] Level 1:colcon.colcon_core.environment:create_file_with_runtime_dependencies(/root/ros2_ws/install/limo_msgs/share/colcon-core/packages/limo_msgs)
[9.590s] Level 1:colcon.colcon_core.environment:create_environment_scripts_only(limo_msgs)
[9.591s] Level 1:colcon.colcon_core.environment:checking '/root/ros2_ws/install/limo_msgs' for CMake module files
[9.593s] Level 1:colcon.colcon_core.environment:checking '/root/ros2_ws/install/limo_msgs' for CMake config files
[9.594s] Level 1:colcon.colcon_core.shell:create_environment_hook('limo_msgs', 'cmake_prefix_path')
[9.595s] INFO:colcon.colcon_core.shell:Creating environment hook '/root/ros2_ws/install/limo_msgs/share/limo_msgs/hook/cmake_prefix_path.ps1'
[9.596s] INFO:colcon.colcon_core.shell:Creating environment descriptor '/root/ros2_ws/install/limo_msgs/share/limo_msgs/hook/cmake_prefix_path.dsv'
[9.597s] INFO:colcon.colcon_core.shell:Creating environment hook '/root/ros2_ws/install/limo_msgs/share/limo_msgs/hook/cmake_prefix_path.sh'
[9.598s] Level 1:colcon.colcon_core.environment:checking '/root/ros2_ws/install/limo_msgs/lib'
[9.599s] Level 1:colcon.colcon_core.shell:create_environment_hook('limo_msgs', 'ld_library_path_lib')
[9.599s] INFO:colcon.colcon_core.shell:Creating environment hook '/root/ros2_ws/install/limo_msgs/share/limo_msgs/hook/ld_library_path_lib.ps1'
[9.600s] INFO:colcon.colcon_core.shell:Creating environment descriptor '/root/ros2_ws/install/limo_msgs/share/limo_msgs/hook/ld_library_path_lib.dsv'
[9.601s] INFO:colcon.colcon_core.shell:Creating environment hook '/root/ros2_ws/install/limo_msgs/share/limo_msgs/hook/ld_library_path_lib.sh'
[9.602s] Level 1:colcon.colcon_core.environment:checking '/root/ros2_ws/install/limo_msgs/bin'
[9.602s] Level 1:colcon.colcon_core.environment:checking '/root/ros2_ws/install/limo_msgs/lib/pkgconfig/limo_msgs.pc'
[9.603s] Level 1:colcon.colcon_core.environment:checking '/root/ros2_ws/install/limo_msgs/lib/python3.10/site-packages'
[9.603s] Level 1:colcon.colcon_core.environment:checking '/root/ros2_ws/install/limo_msgs/bin'
[9.604s] INFO:colcon.colcon_core.shell:Creating package script '/root/ros2_ws/install/limo_msgs/share/limo_msgs/package.ps1'
[9.605s] INFO:colcon.colcon_core.shell:Creating package descriptor '/root/ros2_ws/install/limo_msgs/share/limo_msgs/package.dsv'
[9.607s] INFO:colcon.colcon_core.shell:Creating package script '/root/ros2_ws/install/limo_msgs/share/limo_msgs/package.sh'
[9.608s] INFO:colcon.colcon_core.shell:Creating package script '/root/ros2_ws/install/limo_msgs/share/limo_msgs/package.bash'
[9.608s] INFO:colcon.colcon_core.shell:Creating package script '/root/ros2_ws/install/limo_msgs/share/limo_msgs/package.zsh'
[9.609s] Level 1:colcon.colcon_core.environment:create_file_with_runtime_dependencies(/root/ros2_ws/install/limo_msgs/share/colcon-core/packages/limo_msgs)
[9.610s] INFO:colcon.colcon_ros.task.ament_cmake.build:Building ROS package in '/root/ros2_ws/src/limo_ros2/limo_base' with build type 'ament_cmake'
[9.611s] INFO:colcon.colcon_cmake.task.cmake.build:Building CMake package in '/root/ros2_ws/src/limo_ros2/limo_base'
[9.611s] INFO:colcon.colcon_core.shell:Skip shell extension 'powershell' for command environment: Not usable outside of PowerShell
[9.612s] DEBUG:colcon.colcon_core.shell:Skip shell extension 'dsv' for command environment
[9.621s] INFO:colcon.colcon_ros.task.ament_cmake.build:Building ROS package in '/root/ros2_ws/src/limo_ros2/limo_bringup' with build type 'ament_cmake'
[9.622s] INFO:colcon.colcon_cmake.task.cmake.build:Building CMake package in '/root/ros2_ws/src/limo_ros2/limo_bringup'
[9.623s] INFO:colcon.colcon_core.shell:Skip shell extension 'powershell' for command environment: Not usable outside of PowerShell
[9.623s] DEBUG:colcon.colcon_core.shell:Skip shell extension 'dsv' for command environment
[9.645s] DEBUG:colcon.colcon_core.event_handler.log_command:Invoking command in '/root/ros2_ws/build/limo_base': CMAKE_PREFIX_PATH=/root/ros2_ws/install/limo_msgs:/root/ros2_ws/install/ydlidar_ros2_driver:/root/ros2_ws/install/limo_bringup:/root/ros2_ws/install/limo_base:/root/ros2_ws/install/limo_description:/root/ros2_ws/install/voice_control:/opt/ros/humble /usr/bin/cmake /root/ros2_ws/src/limo_ros2/limo_base -DCMAKE_INSTALL_PREFIX=/root/ros2_ws/install/limo_base
[9.659s] DEBUG:colcon.colcon_core.event_handler.log_command:Invoking command in '/root/ros2_ws/build/limo_bringup': CMAKE_PREFIX_PATH=/root/ros2_ws/install/limo_msgs:/root/ros2_ws/install/ydlidar_ros2_driver:/root/ros2_ws/install/limo_bringup:/root/ros2_ws/install/limo_base:/root/ros2_ws/install/limo_description:/root/ros2_ws/install/voice_control:/opt/ros/humble /usr/bin/cmake /root/ros2_ws/src/limo_ros2/limo_bringup -DCMAKE_INSTALL_PREFIX=/root/ros2_ws/install/limo_bringup
[11.092s] DEBUG:colcon.colcon_core.event_handler.log_command:Invoked command in '/root/ros2_ws/build/limo_bringup' returned '0': CMAKE_PREFIX_PATH=/root/ros2_ws/install/limo_msgs:/root/ros2_ws/install/ydlidar_ros2_driver:/root/ros2_ws/install/limo_bringup:/root/ros2_ws/install/limo_base:/root/ros2_ws/install/limo_description:/root/ros2_ws/install/voice_control:/opt/ros/humble /usr/bin/cmake /root/ros2_ws/src/limo_ros2/limo_bringup -DCMAKE_INSTALL_PREFIX=/root/ros2_ws/install/limo_bringup
[11.092s] DEBUG:colcon.colcon_core.event_handler.log_command:Invoking command in '/root/ros2_ws/build/limo_bringup': CMAKE_PREFIX_PATH=/root/ros2_ws/install/limo_msgs:/root/ros2_ws/install/ydlidar_ros2_driver:/root/ros2_ws/install/limo_bringup:/root/ros2_ws/install/limo_base:/root/ros2_ws/install/limo_description:/root/ros2_ws/install/voice_control:/opt/ros/humble /usr/bin/cmake --build /root/ros2_ws/build/limo_bringup -- -j6 -l6
[11.185s] DEBUG:colcon.colcon_core.event_handler.log_command:Invoked command in '/root/ros2_ws/build/limo_bringup' returned '0': CMAKE_PREFIX_PATH=/root/ros2_ws/install/limo_msgs:/root/ros2_ws/install/ydlidar_ros2_driver:/root/ros2_ws/install/limo_bringup:/root/ros2_ws/install/limo_base:/root/ros2_ws/install/limo_description:/root/ros2_ws/install/voice_control:/opt/ros/humble /usr/bin/cmake --build /root/ros2_ws/build/limo_bringup -- -j6 -l6
[11.188s] DEBUG:colcon.colcon_core.event_handler.log_command:Invoking command in '/root/ros2_ws/build/limo_bringup': CMAKE_PREFIX_PATH=/root/ros2_ws/install/limo_msgs:/root/ros2_ws/install/ydlidar_ros2_driver:/root/ros2_ws/install/limo_bringup:/root/ros2_ws/install/limo_base:/root/ros2_ws/install/limo_description:/root/ros2_ws/install/voice_control:/opt/ros/humble /usr/bin/cmake --install /root/ros2_ws/build/limo_bringup
[11.228s] Level 1:colcon.colcon_core.environment:create_environment_scripts_only(limo_bringup)
[11.229s] Level 1:colcon.colcon_core.environment:checking '/root/ros2_ws/install/limo_bringup' for CMake module files
[11.230s] DEBUG:colcon.colcon_core.event_handler.log_command:Invoked command in '/root/ros2_ws/build/limo_bringup' returned '0': CMAKE_PREFIX_PATH=/root/ros2_ws/install/limo_msgs:/root/ros2_ws/install/ydlidar_ros2_driver:/root/ros2_ws/install/limo_bringup:/root/ros2_ws/install/limo_base:/root/ros2_ws/install/limo_description:/root/ros2_ws/install/voice_control:/opt/ros/humble /usr/bin/cmake --install /root/ros2_ws/build/limo_bringup
[11.231s] Level 1:colcon.colcon_core.environment:checking '/root/ros2_ws/install/limo_bringup' for CMake config files
[11.233s] Level 1:colcon.colcon_core.shell:create_environment_hook('limo_bringup', 'cmake_prefix_path')
[11.234s] INFO:colcon.colcon_core.shell:Creating environment hook '/root/ros2_ws/install/limo_bringup/share/limo_bringup/hook/cmake_prefix_path.ps1'
[11.236s] INFO:colcon.colcon_core.shell:Creating environment descriptor '/root/ros2_ws/install/limo_bringup/share/limo_bringup/hook/cmake_prefix_path.dsv'
[11.239s] INFO:colcon.colcon_core.shell:Creating environment hook '/root/ros2_ws/install/limo_bringup/share/limo_bringup/hook/cmake_prefix_path.sh'
[11.241s] Level 1:colcon.colcon_core.environment:checking '/root/ros2_ws/install/limo_bringup/bin'
[11.241s] Level 1:colcon.colcon_core.environment:checking '/root/ros2_ws/install/limo_bringup/lib/pkgconfig/limo_bringup.pc'
[11.242s] Level 1:colcon.colcon_core.environment:checking '/root/ros2_ws/install/limo_bringup/lib/python3.10/site-packages'
[11.243s] Level 1:colcon.colcon_core.environment:checking '/root/ros2_ws/install/limo_bringup/bin'
[11.249s] INFO:colcon.colcon_core.shell:Creating package script '/root/ros2_ws/install/limo_bringup/share/limo_bringup/package.ps1'
[11.253s] INFO:colcon.colcon_core.shell:Creating package descriptor '/root/ros2_ws/install/limo_bringup/share/limo_bringup/package.dsv'
[11.257s] INFO:colcon.colcon_core.shell:Creating package script '/root/ros2_ws/install/limo_bringup/share/limo_bringup/package.sh'
[11.258s] INFO:colcon.colcon_core.shell:Creating package script '/root/ros2_ws/install/limo_bringup/share/limo_bringup/package.bash'
[11.259s] INFO:colcon.colcon_core.shell:Creating package script '/root/ros2_ws/install/limo_bringup/share/limo_bringup/package.zsh'
[11.260s] Level 1:colcon.colcon_core.environment:create_file_with_runtime_dependencies(/root/ros2_ws/install/limo_bringup/share/colcon-core/packages/limo_bringup)
[11.261s] Level 1:colcon.colcon_core.environment:create_environment_scripts_only(limo_bringup)
[11.262s] Level 1:colcon.colcon_core.environment:checking '/root/ros2_ws/install/limo_bringup' for CMake module files
[11.263s] Level 1:colcon.colcon_core.environment:checking '/root/ros2_ws/install/limo_bringup' for CMake config files
[11.263s] Level 1:colcon.colcon_core.shell:create_environment_hook('limo_bringup', 'cmake_prefix_path')
[11.263s] INFO:colcon.colcon_core.shell:Creating environment hook '/root/ros2_ws/install/limo_bringup/share/limo_bringup/hook/cmake_prefix_path.ps1'
[11.264s] INFO:colcon.colcon_core.shell:Creating environment descriptor '/root/ros2_ws/install/limo_bringup/share/limo_bringup/hook/cmake_prefix_path.dsv'
[11.265s] INFO:colcon.colcon_core.shell:Creating environment hook '/root/ros2_ws/install/limo_bringup/share/limo_bringup/hook/cmake_prefix_path.sh'
[11.266s] Level 1:colcon.colcon_core.environment:checking '/root/ros2_ws/install/limo_bringup/bin'
[11.266s] Level 1:colcon.colcon_core.environment:checking '/root/ros2_ws/install/limo_bringup/lib/pkgconfig/limo_bringup.pc'
[11.267s] Level 1:colcon.colcon_core.environment:checking '/root/ros2_ws/install/limo_bringup/lib/python3.10/site-packages'
[11.267s] Level 1:colcon.colcon_core.environment:checking '/root/ros2_ws/install/limo_bringup/bin'
[11.268s] INFO:colcon.colcon_core.shell:Creating package script '/root/ros2_ws/install/limo_bringup/share/limo_bringup/package.ps1'
[11.269s] INFO:colcon.colcon_core.shell:Creating package descriptor '/root/ros2_ws/install/limo_bringup/share/limo_bringup/package.dsv'
[11.270s] INFO:colcon.colcon_core.shell:Creating package script '/root/ros2_ws/install/limo_bringup/share/limo_bringup/package.sh'
[11.271s] INFO:colcon.colcon_core.shell:Creating package script '/root/ros2_ws/install/limo_bringup/share/limo_bringup/package.bash'
[11.272s] INFO:colcon.colcon_core.shell:Creating package script '/root/ros2_ws/install/limo_bringup/share/limo_bringup/package.zsh'
[11.272s] Level 1:colcon.colcon_core.environment:create_file_with_runtime_dependencies(/root/ros2_ws/install/limo_bringup/share/colcon-core/packages/limo_bringup)
[12.746s] DEBUG:colcon.colcon_core.event_handler.log_command:Invoked command in '/root/ros2_ws/build/limo_base' returned '0': CMAKE_PREFIX_PATH=/root/ros2_ws/install/limo_msgs:/root/ros2_ws/install/ydlidar_ros2_driver:/root/ros2_ws/install/limo_bringup:/root/ros2_ws/install/limo_base:/root/ros2_ws/install/limo_description:/root/ros2_ws/install/voice_control:/opt/ros/humble /usr/bin/cmake /root/ros2_ws/src/limo_ros2/limo_base -DCMAKE_INSTALL_PREFIX=/root/ros2_ws/install/limo_base
[12.751s] DEBUG:colcon.colcon_core.event_handler.log_command:Invoking command in '/root/ros2_ws/build/limo_base': CMAKE_PREFIX_PATH=/root/ros2_ws/install/limo_msgs:/root/ros2_ws/install/ydlidar_ros2_driver:/root/ros2_ws/install/limo_bringup:/root/ros2_ws/install/limo_base:/root/ros2_ws/install/limo_description:/root/ros2_ws/install/voice_control:/opt/ros/humble /usr/bin/cmake --build /root/ros2_ws/build/limo_base -- -j6 -l6
[25.933s] DEBUG:colcon.colcon_core.event_handler.log_command:Invoked command in '/root/ros2_ws/build/ydlidar_ros2_driver' returned '0': CMAKE_PREFIX_PATH=${CMAKE_PREFIX_PATH}:/root/ros2_ws/install/voice_control:/opt/ros/humble /usr/bin/cmake --build /root/ros2_ws/build/ydlidar_ros2_driver -- -j6 -l6
[25.939s] DEBUG:colcon.colcon_core.event_handler.log_command:Invoking command in '/root/ros2_ws/build/ydlidar_ros2_driver': CMAKE_PREFIX_PATH=${CMAKE_PREFIX_PATH}:/root/ros2_ws/install/voice_control:/opt/ros/humble /usr/bin/cmake --install /root/ros2_ws/build/ydlidar_ros2_driver
[25.978s] Level 1:colcon.colcon_core.environment:create_environment_scripts_only(ydlidar_ros2_driver)
[25.979s] Level 1:colcon.colcon_core.environment:checking '/root/ros2_ws/install/ydlidar_ros2_driver' for CMake module files
[25.982s] DEBUG:colcon.colcon_core.event_handler.log_command:Invoked command in '/root/ros2_ws/build/ydlidar_ros2_driver' returned '0': CMAKE_PREFIX_PATH=${CMAKE_PREFIX_PATH}:/root/ros2_ws/install/voice_control:/opt/ros/humble /usr/bin/cmake --install /root/ros2_ws/build/ydlidar_ros2_driver
[25.985s] Level 1:colcon.colcon_core.environment:checking '/root/ros2_ws/install/ydlidar_ros2_driver' for CMake config files
[25.985s] Level 1:colcon.colcon_core.shell:create_environment_hook('ydlidar_ros2_driver', 'cmake_prefix_path')
[25.986s] INFO:colcon.colcon_core.shell:Creating environment hook '/root/ros2_ws/install/ydlidar_ros2_driver/share/ydlidar_ros2_driver/hook/cmake_prefix_path.ps1'
[25.988s] INFO:colcon.colcon_core.shell:Creating environment descriptor '/root/ros2_ws/install/ydlidar_ros2_driver/share/ydlidar_ros2_driver/hook/cmake_prefix_path.dsv'
[25.988s] INFO:colcon.colcon_core.shell:Creating environment hook '/root/ros2_ws/install/ydlidar_ros2_driver/share/ydlidar_ros2_driver/hook/cmake_prefix_path.sh'
[25.990s] Level 1:colcon.colcon_core.environment:checking '/root/ros2_ws/install/ydlidar_ros2_driver/lib'
[25.990s] Level 1:colcon.colcon_core.environment:checking '/root/ros2_ws/install/ydlidar_ros2_driver/bin'
[25.990s] Level 1:colcon.colcon_core.environment:checking '/root/ros2_ws/install/ydlidar_ros2_driver/lib/pkgconfig/ydlidar_ros2_driver.pc'
[25.991s] Level 1:colcon.colcon_core.environment:checking '/root/ros2_ws/install/ydlidar_ros2_driver/lib/python3.10/site-packages'
[25.992s] Level 1:colcon.colcon_core.environment:checking '/root/ros2_ws/install/ydlidar_ros2_driver/bin'
[25.992s] INFO:colcon.colcon_core.shell:Creating package script '/root/ros2_ws/install/ydlidar_ros2_driver/share/ydlidar_ros2_driver/package.ps1'
[25.993s] INFO:colcon.colcon_core.shell:Creating package descriptor '/root/ros2_ws/install/ydlidar_ros2_driver/share/ydlidar_ros2_driver/package.dsv'
[25.995s] INFO:colcon.colcon_core.shell:Creating package script '/root/ros2_ws/install/ydlidar_ros2_driver/share/ydlidar_ros2_driver/package.sh'
[25.996s] INFO:colcon.colcon_core.shell:Creating package script '/root/ros2_ws/install/ydlidar_ros2_driver/share/ydlidar_ros2_driver/package.bash'
[25.997s] INFO:colcon.colcon_core.shell:Creating package script '/root/ros2_ws/install/ydlidar_ros2_driver/share/ydlidar_ros2_driver/package.zsh'
[25.997s] Level 1:colcon.colcon_core.environment:create_file_with_runtime_dependencies(/root/ros2_ws/install/ydlidar_ros2_driver/share/colcon-core/packages/ydlidar_ros2_driver)
[25.999s] Level 1:colcon.colcon_core.environment:create_environment_scripts_only(ydlidar_ros2_driver)
[26.000s] Level 1:colcon.colcon_core.environment:checking '/root/ros2_ws/install/ydlidar_ros2_driver' for CMake module files
[26.001s] Level 1:colcon.colcon_core.environment:checking '/root/ros2_ws/install/ydlidar_ros2_driver' for CMake config files
[26.001s] Level 1:colcon.colcon_core.shell:create_environment_hook('ydlidar_ros2_driver', 'cmake_prefix_path')
[26.002s] INFO:colcon.colcon_core.shell:Creating environment hook '/root/ros2_ws/install/ydlidar_ros2_driver/share/ydlidar_ros2_driver/hook/cmake_prefix_path.ps1'
[26.003s] INFO:colcon.colcon_core.shell:Creating environment descriptor '/root/ros2_ws/install/ydlidar_ros2_driver/share/ydlidar_ros2_driver/hook/cmake_prefix_path.dsv'
[26.004s] INFO:colcon.colcon_core.shell:Creating environment hook '/root/ros2_ws/install/ydlidar_ros2_driver/share/ydlidar_ros2_driver/hook/cmake_prefix_path.sh'
[26.005s] Level 1:colcon.colcon_core.environment:checking '/root/ros2_ws/install/ydlidar_ros2_driver/lib'
[26.005s] Level 1:colcon.colcon_core.environment:checking '/root/ros2_ws/install/ydlidar_ros2_driver/bin'
[26.005s] Level 1:colcon.colcon_core.environment:checking '/root/ros2_ws/install/ydlidar_ros2_driver/lib/pkgconfig/ydlidar_ros2_driver.pc'
[26.006s] Level 1:colcon.colcon_core.environment:checking '/root/ros2_ws/install/ydlidar_ros2_driver/lib/python3.10/site-packages'
[26.007s] Level 1:colcon.colcon_core.environment:checking '/root/ros2_ws/install/ydlidar_ros2_driver/bin'
[26.007s] INFO:colcon.colcon_core.shell:Creating package script '/root/ros2_ws/install/ydlidar_ros2_driver/share/ydlidar_ros2_driver/package.ps1'
[26.008s] INFO:colcon.colcon_core.shell:Creating package descriptor '/root/ros2_ws/install/ydlidar_ros2_driver/share/ydlidar_ros2_driver/package.dsv'
[26.010s] INFO:colcon.colcon_core.shell:Creating package script '/root/ros2_ws/install/ydlidar_ros2_driver/share/ydlidar_ros2_driver/package.sh'
[26.010s] INFO:colcon.colcon_core.shell:Creating package script '/root/ros2_ws/install/ydlidar_ros2_driver/share/ydlidar_ros2_driver/package.bash'
[26.011s] INFO:colcon.colcon_core.shell:Creating package script '/root/ros2_ws/install/ydlidar_ros2_driver/share/ydlidar_ros2_driver/package.zsh'
[26.012s] Level 1:colcon.colcon_core.environment:create_file_with_runtime_dependencies(/root/ros2_ws/install/ydlidar_ros2_driver/share/colcon-core/packages/ydlidar_ros2_driver)
[37.507s] DEBUG:colcon.colcon_core.event_handler.log_command:Invoked command in '/root/ros2_ws/build/limo_base' returned '0': CMAKE_PREFIX_PATH=/root/ros2_ws/install/limo_msgs:/root/ros2_ws/install/ydlidar_ros2_driver:/root/ros2_ws/install/limo_bringup:/root/ros2_ws/install/limo_base:/root/ros2_ws/install/limo_description:/root/ros2_ws/install/voice_control:/opt/ros/humble /usr/bin/cmake --build /root/ros2_ws/build/limo_base -- -j6 -l6
[37.512s] DEBUG:colcon.colcon_core.event_handler.log_command:Invoking command in '/root/ros2_ws/build/limo_base': CMAKE_PREFIX_PATH=/root/ros2_ws/install/limo_msgs:/root/ros2_ws/install/ydlidar_ros2_driver:/root/ros2_ws/install/limo_bringup:/root/ros2_ws/install/limo_base:/root/ros2_ws/install/limo_description:/root/ros2_ws/install/voice_control:/opt/ros/humble /usr/bin/cmake --install /root/ros2_ws/build/limo_base
[37.545s] Level 1:colcon.colcon_core.environment:create_environment_scripts_only(limo_base)
[37.546s] Level 1:colcon.colcon_core.environment:checking '/root/ros2_ws/install/limo_base' for CMake module files
[37.546s] DEBUG:colcon.colcon_core.event_handler.log_command:Invoked command in '/root/ros2_ws/build/limo_base' returned '0': CMAKE_PREFIX_PATH=/root/ros2_ws/install/limo_msgs:/root/ros2_ws/install/ydlidar_ros2_driver:/root/ros2_ws/install/limo_bringup:/root/ros2_ws/install/limo_base:/root/ros2_ws/install/limo_description:/root/ros2_ws/install/voice_control:/opt/ros/humble /usr/bin/cmake --install /root/ros2_ws/build/limo_base
[37.548s] Level 1:colcon.colcon_core.environment:checking '/root/ros2_ws/install/limo_base' for CMake config files
[37.549s] Level 1:colcon.colcon_core.shell:create_environment_hook('limo_base', 'cmake_prefix_path')
[37.549s] INFO:colcon.colcon_core.shell:Creating environment hook '/root/ros2_ws/install/limo_base/share/limo_base/hook/cmake_prefix_path.ps1'
[37.553s] INFO:colcon.colcon_core.shell:Creating environment descriptor '/root/ros2_ws/install/limo_base/share/limo_base/hook/cmake_prefix_path.dsv'
[37.555s] INFO:colcon.colcon_core.shell:Creating environment hook '/root/ros2_ws/install/limo_base/share/limo_base/hook/cmake_prefix_path.sh'
[37.558s] Level 1:colcon.colcon_core.environment:checking '/root/ros2_ws/install/limo_base/lib'
[37.558s] Level 1:colcon.colcon_core.environment:checking '/root/ros2_ws/install/limo_base/bin'
[37.559s] Level 1:colcon.colcon_core.environment:checking '/root/ros2_ws/install/limo_base/lib/pkgconfig/limo_base.pc'
[37.560s] Level 1:colcon.colcon_core.environment:checking '/root/ros2_ws/install/limo_base/lib/python3.10/site-packages'
[37.561s] Level 1:colcon.colcon_core.environment:checking '/root/ros2_ws/install/limo_base/bin'
[37.563s] INFO:colcon.colcon_core.shell:Creating package script '/root/ros2_ws/install/limo_base/share/limo_base/package.ps1'
[37.565s] INFO:colcon.colcon_core.shell:Creating package descriptor '/root/ros2_ws/install/limo_base/share/limo_base/package.dsv'
[37.567s] INFO:colcon.colcon_core.shell:Creating package script '/root/ros2_ws/install/limo_base/share/limo_base/package.sh'
[37.569s] INFO:colcon.colcon_core.shell:Creating package script '/root/ros2_ws/install/limo_base/share/limo_base/package.bash'
[37.570s] INFO:colcon.colcon_core.shell:Creating package script '/root/ros2_ws/install/limo_base/share/limo_base/package.zsh'
[37.571s] Level 1:colcon.colcon_core.environment:create_file_with_runtime_dependencies(/root/ros2_ws/install/limo_base/share/colcon-core/packages/limo_base)
[37.574s] Level 1:colcon.colcon_core.environment:create_environment_scripts_only(limo_base)
[37.575s] Level 1:colcon.colcon_core.environment:checking '/root/ros2_ws/install/limo_base' for CMake module files
[37.576s] Level 1:colcon.colcon_core.environment:checking '/root/ros2_ws/install/limo_base' for CMake config files
[37.576s] Level 1:colcon.colcon_core.shell:create_environment_hook('limo_base', 'cmake_prefix_path')
[37.577s] INFO:colcon.colcon_core.shell:Creating environment hook '/root/ros2_ws/install/limo_base/share/limo_base/hook/cmake_prefix_path.ps1'
[37.578s] INFO:colcon.colcon_core.shell:Creating environment descriptor '/root/ros2_ws/install/limo_base/share/limo_base/hook/cmake_prefix_path.dsv'
[37.579s] INFO:colcon.colcon_core.shell:Creating environment hook '/root/ros2_ws/install/limo_base/share/limo_base/hook/cmake_prefix_path.sh'
[37.580s] Level 1:colcon.colcon_core.environment:checking '/root/ros2_ws/install/limo_base/lib'
[37.581s] Level 1:colcon.colcon_core.environment:checking '/root/ros2_ws/install/limo_base/bin'
[37.581s] Level 1:colcon.colcon_core.environment:checking '/root/ros2_ws/install/limo_base/lib/pkgconfig/limo_base.pc'
[37.582s] Level 1:colcon.colcon_core.environment:checking '/root/ros2_ws/install/limo_base/lib/python3.10/site-packages'
[37.583s] Level 1:colcon.colcon_core.environment:checking '/root/ros2_ws/install/limo_base/bin'
[37.584s] INFO:colcon.colcon_core.shell:Creating package script '/root/ros2_ws/install/limo_base/share/limo_base/package.ps1'
[37.585s] INFO:colcon.colcon_core.shell:Creating package descriptor '/root/ros2_ws/install/limo_base/share/limo_base/package.dsv'
[37.586s] INFO:colcon.colcon_core.shell:Creating package script '/root/ros2_ws/install/limo_base/share/limo_base/package.sh'
[37.587s] INFO:colcon.colcon_core.shell:Creating package script '/root/ros2_ws/install/limo_base/share/limo_base/package.bash'
[37.588s] INFO:colcon.colcon_core.shell:Creating package script '/root/ros2_ws/install/limo_base/share/limo_base/package.zsh'
[37.589s] Level 1:colcon.colcon_core.environment:create_file_with_runtime_dependencies(/root/ros2_ws/install/limo_base/share/colcon-core/packages/limo_base)
[37.589s] DEBUG:colcon.colcon_parallel_executor.executor.parallel:closing loop
[37.590s] DEBUG:colcon.colcon_parallel_executor.executor.parallel:loop closed
[37.590s] DEBUG:colcon.colcon_parallel_executor.executor.parallel:run_until_complete finished with '0'
[37.591s] DEBUG:colcon.colcon_core.event_reactor:joining thread
[37.609s] INFO:colcon.colcon_core.plugin_system:Skipping extension 'colcon_notification.desktop_notification.notify_send': Could not find 'notify-send'
[37.610s] INFO:colcon.colcon_core.plugin_system:Skipping extension 'colcon_notification.desktop_notification.terminal_notifier': Not used on non-Darwin systems
[37.610s] INFO:colcon.colcon_core.plugin_system:Skipping extension 'colcon_notification.desktop_notification.win32': Not used on non-Windows systems
[37.610s] INFO:colcon.colcon_notification.desktop_notification:Sending desktop notification using 'notify2'
[37.619s] DEBUG:colcon.colcon_notification.desktop_notification.notify2:Failed to initialize notify2: org.freedesktop.DBus.Error.Spawn.ExecFailed: /usr/bin/dbus-launch terminated abnormally without any error message
[37.620s] DEBUG:colcon.colcon_core.event_reactor:joined thread
[37.621s] INFO:colcon.colcon_core.shell:Creating prefix script '/root/ros2_ws/install/local_setup.ps1'
[37.624s] INFO:colcon.colcon_core.shell:Creating prefix util module '/root/ros2_ws/install/_local_setup_util_ps1.py'
[37.627s] INFO:colcon.colcon_core.shell:Creating prefix chain script '/root/ros2_ws/install/setup.ps1'
[37.630s] INFO:colcon.colcon_core.shell:Creating prefix script '/root/ros2_ws/install/local_setup.sh'
[37.631s] INFO:colcon.colcon_core.shell:Creating prefix util module '/root/ros2_ws/install/_local_setup_util_sh.py'
[37.632s] INFO:colcon.colcon_core.shell:Creating prefix chain script '/root/ros2_ws/install/setup.sh'
[37.635s] INFO:colcon.colcon_core.shell:Creating prefix script '/root/ros2_ws/install/local_setup.bash'
[37.636s] INFO:colcon.colcon_core.shell:Creating prefix chain script '/root/ros2_ws/install/setup.bash'
[37.638s] INFO:colcon.colcon_core.shell:Creating prefix script '/root/ros2_ws/install/local_setup.zsh'
[37.639s] INFO:colcon.colcon_core.shell:Creating prefix chain script '/root/ros2_ws/install/setup.zsh'
